[2024-10-08 16:42:13.686]  INFO 7088 --- [ionShutdownHook] j.LocalContainerEntityManagerFactoryBean : Closing JPA EntityManagerFactory for persistence unit 'default'
[2024-10-08 16:42:13.691]  INFO 7088 --- [ionShutdownHook] c.z.h.HikariDataSource                   : HikariPool-1 - Shutdown initiated...
[2024-10-08 16:42:13.693]  INFO 7088 --- [ionShutdownHook] c.z.h.HikariDataSource                   : HikariPool-1 - Shutdown completed.
[2024-10-08 16:42:16.058]  INFO 20424 --- [kground-preinit] o.h.v.i.u.Version                        : HV000001: Hibernate Validator 8.0.1.Final
[2024-10-08 16:42:16.082]  INFO 20424 --- [  restartedMain] c.r.a.AmsApplication                     : Starting AmsApplication using Java 17.0.2 with PID 20424 (D:\Dev_Test\ams\target\classes started by minam in D:\Dev_Test\ams)
[2024-10-08 16:42:16.094]  INFO 20424 --- [  restartedMain] c.r.a.AmsApplication                     : The following 1 profile is active: "dev"
[2024-10-08 16:42:16.131]  INFO 20424 --- [  restartedMain] .e.DevToolsPropertyDefaultsPostProcessor : Devtools property defaults active! Set 'spring.devtools.add-properties' to 'false' to disable
[2024-10-08 16:42:16.131]  INFO 20424 --- [  restartedMain] .e.DevToolsPropertyDefaultsPostProcessor : For additional web related logging consider setting the 'logging.level.web' property to 'DEBUG'
[2024-10-08 16:42:16.771]  INFO 20424 --- [  restartedMain] .s.d.r.c.RepositoryConfigurationDelegate : Bootstrapping Spring Data JPA repositories in DEFAULT mode.
[2024-10-08 16:42:16.779] DEBUG 20424 --- [  restartedMain] .s.d.r.c.RepositoryConfigurationDelegate : Scanning for JPA repositories in packages com.rfiot.ams.
[2024-10-08 16:42:16.787] DEBUG 20424 --- [  restartedMain] o.s.d.r.c.RepositoryComponentProvider    : Identified candidate component class: file [D:\Dev_Test\ams\target\classes\com\rfiot\ams\book\BookRepository.class]
[2024-10-08 16:42:16.788] DEBUG 20424 --- [  restartedMain] o.s.d.r.c.RepositoryComponentProvider    : Identified candidate component class: file [D:\Dev_Test\ams\target\classes\com\rfiot\ams\token\TokenRepository.class]
[2024-10-08 16:42:16.789] DEBUG 20424 --- [  restartedMain] o.s.d.r.c.RepositoryComponentProvider    : Identified candidate component class: file [D:\Dev_Test\ams\target\classes\com\rfiot\ams\user\UserRepository.class]
[2024-10-08 16:42:16.816]  INFO 20424 --- [  restartedMain] .s.d.r.c.RepositoryConfigurationDelegate : Finished Spring Data repository scanning in 35 ms. Found 3 JPA repository interfaces.
[2024-10-08 16:42:17.323]  INFO 20424 --- [  restartedMain] o.s.b.w.e.t.TomcatWebServer              : Tomcat initialized with port 9090 (http)
[2024-10-08 16:42:17.332]  INFO 20424 --- [  restartedMain] o.a.c.h.Http11NioProtocol                : Initializing ProtocolHandler ["http-nio-9090"]
[2024-10-08 16:42:17.335]  INFO 20424 --- [  restartedMain] o.a.c.c.StandardService                  : Starting service [Tomcat]
[2024-10-08 16:42:17.335]  INFO 20424 --- [  restartedMain] o.a.c.c.StandardEngine                   : Starting Servlet engine: [Apache Tomcat/10.1.30]
[2024-10-08 16:42:17.383]  INFO 20424 --- [  restartedMain] o.a.c.c.C.[.[.[/]                        : Initializing Spring embedded WebApplicationContext
[2024-10-08 16:42:17.383]  INFO 20424 --- [  restartedMain] w.s.c.ServletWebServerApplicationContext : Root WebApplicationContext: initialization completed in 1251 ms
[2024-10-08 16:42:17.496]  INFO 20424 --- [  restartedMain] o.h.j.i.u.LogHelper                      : HHH000204: Processing PersistenceUnitInfo [name: default]
[2024-10-08 16:42:17.524]  INFO 20424 --- [  restartedMain] o.h.Version                              : HHH000412: Hibernate ORM core version 6.5.3.Final
[2024-10-08 16:42:17.553]  INFO 20424 --- [  restartedMain] o.h.c.i.RegionFactoryInitiator           : HHH000026: Second-level cache disabled
[2024-10-08 16:42:17.726]  INFO 20424 --- [  restartedMain] o.s.o.j.p.SpringPersistenceUnitInfo      : No LoadTimeWeaver setup: ignoring JPA class transformer
[2024-10-08 16:42:17.746]  INFO 20424 --- [  restartedMain] c.z.h.HikariDataSource                   : HikariPool-1 - Starting...
[2024-10-08 16:42:17.980]  INFO 20424 --- [  restartedMain] c.z.h.p.HikariPool                       : HikariPool-1 - Added connection org.postgresql.jdbc.PgConnection@785a2ef
[2024-10-08 16:42:17.981]  INFO 20424 --- [  restartedMain] c.z.h.HikariDataSource                   : HikariPool-1 - Start completed.
[2024-10-08 16:42:18.194]  INFO 20424 --- [  restartedMain] p6spy                                    : #1728373338194 | took 9ms | statement | connection 1| url jdbc:postgresql://localhost:5432/amsdb
select * from information_schema.sequences
select * from information_schema.sequences;
[2024-10-08 16:42:18.756]  INFO 20424 --- [  restartedMain] o.h.e.t.j.p.i.JtaPlatformInitiator       : HHH000489: No JTA platform available (set 'hibernate.transaction.jta.platform' to enable JTA platform integration)
[2024-10-08 16:42:18.771]  INFO 20424 --- [  restartedMain] p6spy                                    : #1728373338771 | took 1ms | statement | connection 2| url jdbc:postgresql://localhost:5432/amsdb
select * from information_schema.sequences
select * from information_schema.sequences;
[2024-10-08 16:42:18.813]  INFO 20424 --- [  restartedMain] p6spy                                    : #1728373338813 | took 1ms | statement | connection 2| url jdbc:postgresql://localhost:5432/amsdb
select * from "public"."_user" where 1=0
select * from "public"."_user" where 1=0;
[2024-10-08 16:42:18.818]  INFO 20424 --- [  restartedMain] j.LocalContainerEntityManagerFactoryBean : Initialized JPA EntityManagerFactory for persistence unit 'default'
[2024-10-08 16:42:18.841] DEBUG 20424 --- [  restartedMain] .c.JpaMetamodelMappingContextFactoryBean : Initializing JpaMetamodelMappingContext…
[2024-10-08 16:42:18.848] DEBUG 20424 --- [  restartedMain] .c.JpaMetamodelMappingContextFactoryBean : Finished initializing JpaMetamodelMappingContext
[2024-10-08 16:42:18.919] DEBUG 20424 --- [  restartedMain] o.s.d.r.c.s.RepositoryFactorySupport     : Initializing repository instance for com.rfiot.ams.user.UserRepository…
[2024-10-08 16:42:18.950] DEBUG 20424 --- [  restartedMain] o.s.d.j.r.q.NamedQuery                   : Looking up named query User.findByEmail
[2024-10-08 16:42:18.952] DEBUG 20424 --- [  restartedMain] o.s.d.j.r.q.NamedQuery                   : Did not find named query User.findByEmail
[2024-10-08 16:42:18.991] DEBUG 20424 --- [  restartedMain] o.s.d.r.c.s.RepositoryFactorySupport     : Finished creation of repository instance for com.rfiot.ams.user.UserRepository.
[2024-10-08 16:42:19.006] DEBUG 20424 --- [  restartedMain] o.s.d.r.c.s.RepositoryFactorySupport     : Initializing repository instance for com.rfiot.ams.token.TokenRepository…
[2024-10-08 16:42:19.020]  INFO 20424 --- [  restartedMain] o.s.d.j.r.q.QueryEnhancerFactory         : Hibernate is in classpath; If applicable, HQL parser will be used.
[2024-10-08 16:42:19.125] DEBUG 20424 --- [  restartedMain] o.s.d.j.r.q.NamedQuery                   : Did not find named query Token.findAllValidTokenByUser.count
[2024-10-08 16:42:19.257] DEBUG 20424 --- [  restartedMain] o.s.d.j.r.q.NamedQuery                   : Looking up named query Token.findByToken
[2024-10-08 16:42:19.257] DEBUG 20424 --- [  restartedMain] o.s.d.j.r.q.NamedQuery                   : Did not find named query Token.findByToken
[2024-10-08 16:42:19.259] DEBUG 20424 --- [  restartedMain] o.s.d.r.c.s.RepositoryFactorySupport     : Finished creation of repository instance for com.rfiot.ams.token.TokenRepository.
[2024-10-08 16:42:19.344]  INFO 20424 --- [  restartedMain] eAuthenticationProviderManagerConfigurer : Global AuthenticationManager configured with AuthenticationProvider bean with name authenticationProvider
[2024-10-08 16:42:19.345]  WARN 20424 --- [  restartedMain] r$InitializeUserDetailsManagerConfigurer : Global AuthenticationManager configured with an AuthenticationProvider bean. UserDetailsService beans will not be used for username/password login. Consider removing the AuthenticationProvider bean. Alternatively, consider using the UserDetailsService in a manually instantiated DaoAuthenticationProvider.
[2024-10-08 16:42:19.358] DEBUG 20424 --- [  restartedMain] o.s.d.r.c.s.RepositoryFactorySupport     : Initializing repository instance for com.rfiot.ams.book.BookRepository…
[2024-10-08 16:42:19.362] DEBUG 20424 --- [  restartedMain] o.s.d.r.c.s.RepositoryFactorySupport     : Finished creation of repository instance for com.rfiot.ams.book.BookRepository.
[2024-10-08 16:42:19.530] DEBUG 20424 --- [  restartedMain] s.w.s.m.m.a.RequestMappingHandlerMapping : 19 mappings in 'requestMappingHandlerMapping'
[2024-10-08 16:42:19.610] DEBUG 20424 --- [  restartedMain] o.s.w.s.h.SimpleUrlHandlerMapping        : Patterns [/webjars/**, /**] in 'resourceHandlerMapping'
[2024-10-08 16:42:19.644] DEBUG 20424 --- [  restartedMain] o.s.s.w.DefaultSecurityFilterChain       : Will secure any request with filters: DisableEncodeUrlFilter, WebAsyncManagerIntegrationFilter, SecurityContextHolderFilter, HeaderWriterFilter, LogoutFilter, JwtAuthenticationFilter, RequestCacheAwareFilter, SecurityContextHolderAwareRequestFilter, AnonymousAuthenticationFilter, SessionManagementFilter, ExceptionTranslationFilter, AuthorizationFilter
[2024-10-08 16:42:19.734] DEBUG 20424 --- [  restartedMain] s.w.s.m.m.a.RequestMappingHandlerAdapter : ControllerAdvice beans: 0 @ModelAttribute, 0 @InitBinder, 1 RequestBodyAdvice, 1 ResponseBodyAdvice
[2024-10-08 16:42:19.764] DEBUG 20424 --- [  restartedMain] .m.m.a.ExceptionHandlerExceptionResolver : ControllerAdvice beans: 2 @ExceptionHandler, 1 ResponseBodyAdvice
[2024-10-08 16:42:19.921]  INFO 20424 --- [  restartedMain] o.s.b.d.a.OptionalLiveReloadServer       : LiveReload server is running on port 35729
[2024-10-08 16:42:19.937]  INFO 20424 --- [  restartedMain] o.a.c.h.Http11NioProtocol                : Starting ProtocolHandler ["http-nio-9090"]
[2024-10-08 16:42:19.951]  INFO 20424 --- [  restartedMain] o.s.b.w.e.t.TomcatWebServer              : Tomcat started on port 9090 (http) with context path '/'
[2024-10-08 16:42:19.959]  INFO 20424 --- [  restartedMain] c.r.a.AmsApplication                     : Started AmsApplication in 4.181 seconds (process running for 4.992)
[2024-10-08 16:42:20.043]  INFO 20424 --- [  restartedMain] p6spy                                    : [statement] | 0 ms | 
    select
        nextval('_user_seq')
[2024-10-08 16:42:20.064]  INFO 20424 --- [  restartedMain] p6spy                                    : [statement] | 1 ms | 
    insert       
    into
        _user
        (email, firstname, lastname, password, role, id)       
    values
        ('admin@mail.com', 'Admin', 'Admin', '$2a$10$Rs/X2HgblCgKZRHHe2maXOT1qs3aqkssBGbj29Lv7w/PBX5EaB.bC', 'ADMIN', 252)
[2024-10-08 16:42:20.076]  INFO 20424 --- [  restartedMain] p6spy                                    : [commit] | 10 ms | 
[2024-10-08 16:42:20.139]  INFO 20424 --- [  restartedMain] p6spy                                    : [statement] | 0 ms | 
    select
        nextval('token_seq')
[2024-10-08 16:42:20.141]  INFO 20424 --- [  restartedMain] p6spy                                    : [statement] | 1 ms | 
    insert       
    into
        token
        (expired, revoked, token, token_type, user_id, id)       
    values
        (false, false, 'eyJhbGciOiJIUzI1NiJ9.eyJzdWIiOiJhZG1pbkBtYWlsLmNvbSIsImlhdCI6MTcyODM3MzM0MCwiZXhwIjoxNzI4NDU5NzQwfQ.-t2EIAM5ts9FM22R3vCluaMKSfZ_3qIYHlN6elrulxc', 'BEARER', 252, 252)
[2024-10-08 16:42:20.143]  INFO 20424 --- [  restartedMain] p6spy                                    : [commit] | 1 ms | 
[2024-10-08 16:42:20.217]  INFO 20424 --- [  restartedMain] p6spy                                    : [statement] | 0 ms | 
    insert       
    into
        _user
        (email, firstname, lastname, password, role, id)       
    values
        ('manager@mail.com', 'Admin', 'Admin', '$2a$10$LWy6duixVDLXYUk9yYC3yO18LF6RWQkLTNj8lMoW2NTl5W4i0L23e', 'MANAGER', 253)
[2024-10-08 16:42:20.220]  INFO 20424 --- [  restartedMain] p6spy                                    : [commit] | 1 ms | 
[2024-10-08 16:42:20.224]  INFO 20424 --- [  restartedMain] p6spy                                    : [statement] | 0 ms | 
    insert       
    into
        token
        (expired, revoked, token, token_type, user_id, id)       
    values
        (false, false, 'eyJhbGciOiJIUzI1NiJ9.eyJzdWIiOiJtYW5hZ2VyQG1haWwuY29tIiwiaWF0IjoxNzI4MzczMzQwLCJleHAiOjE3Mjg0NTk3NDB9.bVmEmHsMVjUXYivOyxCp062sLaf3ab5C_fRHSgHjNbQ', 'BEARER', 253, 253)
[2024-10-08 16:42:20.225]  INFO 20424 --- [  restartedMain] p6spy                                    : [commit] | 0 ms | 
[2024-10-08 16:42:27.981]  INFO 20424 --- [nio-9090-exec-1] o.a.c.c.C.[.[.[/]                        : Initializing Spring DispatcherServlet 'dispatcherServlet'
[2024-10-08 16:42:27.981]  INFO 20424 --- [nio-9090-exec-1] o.s.w.s.DispatcherServlet                : Initializing Servlet 'dispatcherServlet'
[2024-10-08 16:42:27.982] DEBUG 20424 --- [nio-9090-exec-1] o.s.w.s.DispatcherServlet                : Detected StandardServletMultipartResolver
[2024-10-08 16:42:27.982] DEBUG 20424 --- [nio-9090-exec-1] o.s.w.s.DispatcherServlet                : Detected AcceptHeaderLocaleResolver
[2024-10-08 16:42:27.982] DEBUG 20424 --- [nio-9090-exec-1] o.s.w.s.DispatcherServlet                : Detected FixedThemeResolver
[2024-10-08 16:42:27.983] DEBUG 20424 --- [nio-9090-exec-1] o.s.w.s.DispatcherServlet                : Detected org.springframework.web.servlet.view.DefaultRequestToViewNameTranslator@4ffa04df
[2024-10-08 16:42:27.983] DEBUG 20424 --- [nio-9090-exec-1] o.s.w.s.DispatcherServlet                : Detected org.springframework.web.servlet.support.SessionFlashMapManager@3489115
[2024-10-08 16:42:27.983] DEBUG 20424 --- [nio-9090-exec-1] o.s.w.s.DispatcherServlet                : enableLoggingRequestDetails='false': request parameters and headers will be masked to prevent unsafe logging of potentially sensitive data
[2024-10-08 16:42:27.983]  INFO 20424 --- [nio-9090-exec-1] o.s.w.s.DispatcherServlet                : Completed initialization in 2 ms
[2024-10-08 16:42:27.993] DEBUG 20424 --- [nio-9090-exec-1] o.s.s.w.FilterChainProxy                 : Securing GET /
[2024-10-08 16:42:27.998] DEBUG 20424 --- [nio-9090-exec-1] o.s.s.w.a.AnonymousAuthenticationFilter  : Set SecurityContextHolder to anonymous SecurityContext
[2024-10-08 16:42:28.000] DEBUG 20424 --- [nio-9090-exec-1] o.s.s.w.a.Http403ForbiddenEntryPoint     : Pre-authenticated entry point called. Rejecting access
[2024-10-08 16:42:28.008] DEBUG 20424 --- [nio-9090-exec-1] o.s.s.w.FilterChainProxy                 : Securing GET /error
[2024-10-08 16:42:28.008] DEBUG 20424 --- [nio-9090-exec-1] o.s.s.w.a.AnonymousAuthenticationFilter  : Set SecurityContextHolder to anonymous SecurityContext
[2024-10-08 16:42:28.009] DEBUG 20424 --- [nio-9090-exec-1] o.s.s.w.a.Http403ForbiddenEntryPoint     : Pre-authenticated entry point called. Rejecting access
[2024-10-08 16:42:31.819] DEBUG 20424 --- [nio-9090-exec-2] o.s.s.w.FilterChainProxy                 : Securing GET /
[2024-10-08 16:42:31.821] DEBUG 20424 --- [nio-9090-exec-2] o.s.s.w.a.AnonymousAuthenticationFilter  : Set SecurityContextHolder to anonymous SecurityContext
[2024-10-08 16:42:31.821] DEBUG 20424 --- [nio-9090-exec-2] o.s.s.w.a.Http403ForbiddenEntryPoint     : Pre-authenticated entry point called. Rejecting access
[2024-10-08 16:42:31.822] DEBUG 20424 --- [nio-9090-exec-2] o.s.s.w.FilterChainProxy                 : Securing GET /error
[2024-10-08 16:42:31.823] DEBUG 20424 --- [nio-9090-exec-2] o.s.s.w.a.AnonymousAuthenticationFilter  : Set SecurityContextHolder to anonymous SecurityContext
[2024-10-08 16:42:31.823] DEBUG 20424 --- [nio-9090-exec-2] o.s.s.w.a.Http403ForbiddenEntryPoint     : Pre-authenticated entry point called. Rejecting access
[2024-10-08 16:42:38.415] DEBUG 20424 --- [nio-9090-exec-3] o.s.s.w.FilterChainProxy                 : Securing GET /swagger-ui/index.html
[2024-10-08 16:42:38.415] DEBUG 20424 --- [nio-9090-exec-3] o.s.s.w.a.AnonymousAuthenticationFilter  : Set SecurityContextHolder to anonymous SecurityContext
[2024-10-08 16:42:38.416] DEBUG 20424 --- [nio-9090-exec-3] o.s.s.w.FilterChainProxy                 : Secured GET /swagger-ui/index.html
[2024-10-08 16:42:38.419] DEBUG 20424 --- [nio-9090-exec-3] o.s.w.s.DispatcherServlet                : GET "/swagger-ui/index.html", parameters={}
[2024-10-08 16:42:38.423] DEBUG 20424 --- [nio-9090-exec-3] o.s.w.s.h.SimpleUrlHandlerMapping        : Mapped to ResourceHttpRequestHandler [classpath [META-INF/resources/], classpath [resources/], classpath [static/], classpath [public/], ServletContext [/]]
[2024-10-08 16:42:38.428] DEBUG 20424 --- [nio-9090-exec-3] o.s.w.s.r.ResourceHttpRequestHandler     : Resource not found
[2024-10-08 16:42:38.434] DEBUG 20424 --- [nio-9090-exec-3] .m.m.a.ExceptionHandlerExceptionResolver : Using @ExceptionHandler com.rfiot.ams.common.exception.AppWideExceptionHandler#handleException(Exception)
[2024-10-08 16:42:38.454] DEBUG 20424 --- [nio-9090-exec-3] o.s.w.s.m.m.a.HttpEntityMethodProcessor  : Using 'application/json;q=0.8', given [text/html, application/xhtml+xml, image/avif, image/webp, image/apng, application/xml;q=0.9, */*;q=0.8, application/signed-exchange;v=b3;q=0.7] and supported [application/json, application/*+json]
[2024-10-08 16:42:38.458] DEBUG 20424 --- [nio-9090-exec-3] o.s.w.s.m.m.a.HttpEntityMethodProcessor  : Writing [ErrorResponse(code=500, message=Error, data=No static resource swagger-ui/index.html.)]
[2024-10-08 16:42:38.463]  WARN 20424 --- [nio-9090-exec-3] .m.m.a.ExceptionHandlerExceptionResolver : Resolved [org.springframework.web.servlet.resource.NoResourceFoundException: No static resource swagger-ui/index.html.]
[2024-10-08 16:42:38.464] DEBUG 20424 --- [nio-9090-exec-3] o.s.w.s.DispatcherServlet                : Completed 500 INTERNAL_SERVER_ERROR
[2024-10-08 16:42:38.489] DEBUG 20424 --- [io-9090-exec-10] o.s.s.w.FilterChainProxy                 : Securing GET /favicon.ico
[2024-10-08 16:42:38.490] DEBUG 20424 --- [io-9090-exec-10] o.s.s.w.a.AnonymousAuthenticationFilter  : Set SecurityContextHolder to anonymous SecurityContext
[2024-10-08 16:42:38.490] DEBUG 20424 --- [io-9090-exec-10] o.s.s.w.a.Http403ForbiddenEntryPoint     : Pre-authenticated entry point called. Rejecting access
[2024-10-08 16:42:38.491] DEBUG 20424 --- [io-9090-exec-10] o.s.s.w.FilterChainProxy                 : Securing GET /error
[2024-10-08 16:42:38.492] DEBUG 20424 --- [io-9090-exec-10] o.s.s.w.a.AnonymousAuthenticationFilter  : Set SecurityContextHolder to anonymous SecurityContext
[2024-10-08 16:42:38.492] DEBUG 20424 --- [io-9090-exec-10] o.s.s.w.a.Http403ForbiddenEntryPoint     : Pre-authenticated entry point called. Rejecting access
