[2024-10-08 16:58:09.883]  INFO 4812 --- [ionShutdownHook] j.LocalContainerEntityManagerFactoryBean : Closing JPA EntityManagerFactory for persistence unit 'default'
[2024-10-08 16:58:09.887]  INFO 4812 --- [ionShutdownHook] c.z.h.HikariDataSource                   : HikariPool-1 - Shutdown initiated...
[2024-10-08 16:58:09.890]  INFO 4812 --- [ionShutdownHook] c.z.h.HikariDataSource                   : HikariPool-1 - Shutdown completed.
[2024-10-08 16:58:23.183]  INFO 460 --- [kground-preinit] o.h.v.i.u.Version                        : HV000001: Hibernate Validator 8.0.1.Final
[2024-10-08 16:58:23.214]  INFO 460 --- [  restartedMain] c.r.a.AmsApplication                     : Starting AmsApplication using Java 17.0.2 with PID 460 (D:\Dev_Test\ams\target\classes started by minam in D:\Dev_Test\ams)
[2024-10-08 16:58:23.227]  INFO 460 --- [  restartedMain] c.r.a.AmsApplication                     : The following 1 profile is active: "prod"
[2024-10-08 16:58:23.268]  INFO 460 --- [  restartedMain] .e.DevToolsPropertyDefaultsPostProcessor : Devtools property defaults active! Set 'spring.devtools.add-properties' to 'false' to disable
[2024-10-08 16:58:23.269]  INFO 460 --- [  restartedMain] .e.DevToolsPropertyDefaultsPostProcessor : For additional web related logging consider setting the 'logging.level.web' property to 'DEBUG'
[2024-10-08 16:58:24.046]  INFO 460 --- [  restartedMain] .s.d.r.c.RepositoryConfigurationDelegate : Bootstrapping Spring Data JPA repositories in DEFAULT mode.
[2024-10-08 16:58:24.056] DEBUG 460 --- [  restartedMain] .s.d.r.c.RepositoryConfigurationDelegate : Scanning for JPA repositories in packages com.rfiot.ams.
[2024-10-08 16:58:24.065] DEBUG 460 --- [  restartedMain] o.s.d.r.c.RepositoryComponentProvider    : Identified candidate component class: file [D:\Dev_Test\ams\target\classes\com\rfiot\ams\book\BookRepository.class]
[2024-10-08 16:58:24.067] DEBUG 460 --- [  restartedMain] o.s.d.r.c.RepositoryComponentProvider    : Identified candidate component class: file [D:\Dev_Test\ams\target\classes\com\rfiot\ams\token\TokenRepository.class]
[2024-10-08 16:58:24.068] DEBUG 460 --- [  restartedMain] o.s.d.r.c.RepositoryComponentProvider    : Identified candidate component class: file [D:\Dev_Test\ams\target\classes\com\rfiot\ams\user\UserRepository.class]
[2024-10-08 16:58:24.101]  INFO 460 --- [  restartedMain] .s.d.r.c.RepositoryConfigurationDelegate : Finished Spring Data repository scanning in 43 ms. Found 3 JPA repository interfaces.
[2024-10-08 16:58:24.749]  INFO 460 --- [  restartedMain] o.s.b.w.e.t.TomcatWebServer              : Tomcat initialized with port 8080 (http)
[2024-10-08 16:58:24.761]  INFO 460 --- [  restartedMain] o.a.c.h.Http11NioProtocol                : Initializing ProtocolHandler ["http-nio-8080"]
[2024-10-08 16:58:24.765]  INFO 460 --- [  restartedMain] o.a.c.c.StandardService                  : Starting service [Tomcat]
[2024-10-08 16:58:24.765]  INFO 460 --- [  restartedMain] o.a.c.c.StandardEngine                   : Starting Servlet engine: [Apache Tomcat/10.1.30]
[2024-10-08 16:58:24.814]  INFO 460 --- [  restartedMain] o.a.c.c.C.[.[.[/]                        : Initializing Spring embedded WebApplicationContext
[2024-10-08 16:58:24.815]  INFO 460 --- [  restartedMain] w.s.c.ServletWebServerApplicationContext : Root WebApplicationContext: initialization completed in 1544 ms
[2024-10-08 16:58:24.975]  INFO 460 --- [  restartedMain] o.h.j.i.u.LogHelper                      : HHH000204: Processing PersistenceUnitInfo [name: default]
[2024-10-08 16:58:25.019]  INFO 460 --- [  restartedMain] o.h.Version                              : HHH000412: Hibernate ORM core version 6.5.3.Final
[2024-10-08 16:58:25.052]  INFO 460 --- [  restartedMain] o.h.c.i.RegionFactoryInitiator           : HHH000026: Second-level cache disabled
[2024-10-08 16:58:25.269]  INFO 460 --- [  restartedMain] o.s.o.j.p.SpringPersistenceUnitInfo      : No LoadTimeWeaver setup: ignoring JPA class transformer
[2024-10-08 16:58:25.296]  INFO 460 --- [  restartedMain] c.z.h.HikariDataSource                   : HikariPool-1 - Starting...
[2024-10-08 16:58:25.438]  INFO 460 --- [  restartedMain] c.z.h.p.HikariPool                       : HikariPool-1 - Added connection org.postgresql.jdbc.PgConnection@1db07f85
[2024-10-08 16:58:25.439]  INFO 460 --- [  restartedMain] c.z.h.HikariDataSource                   : HikariPool-1 - Start completed.
[2024-10-08 16:58:25.715]  INFO 460 --- [  restartedMain] p6spy                                    : #1728374305715 | took 8ms | statement | connection 1| url jdbc:postgresql://localhost:5432/amsdb
select * from information_schema.sequences
select * from information_schema.sequences;
[2024-10-08 16:58:26.438]  INFO 460 --- [  restartedMain] o.h.e.t.j.p.i.JtaPlatformInitiator       : HHH000489: No JTA platform available (set 'hibernate.transaction.jta.platform' to enable JTA platform integration)
[2024-10-08 16:58:26.459]  INFO 460 --- [  restartedMain] p6spy                                    : #1728374306459 | took 1ms | statement | connection 2| url jdbc:postgresql://localhost:5432/amsdb
select * from information_schema.sequences
select * from information_schema.sequences;
[2024-10-08 16:58:26.507]  INFO 460 --- [  restartedMain] p6spy                                    : #1728374306507 | took 1ms | statement | connection 2| url jdbc:postgresql://localhost:5432/amsdb
select * from "public"."_user" where 1=0
select * from "public"."_user" where 1=0;
[2024-10-08 16:58:26.514]  INFO 460 --- [  restartedMain] j.LocalContainerEntityManagerFactoryBean : Initialized JPA EntityManagerFactory for persistence unit 'default'
[2024-10-08 16:58:26.544] DEBUG 460 --- [  restartedMain] .c.JpaMetamodelMappingContextFactoryBean : Initializing JpaMetamodelMappingContext…
[2024-10-08 16:58:26.557] DEBUG 460 --- [  restartedMain] .c.JpaMetamodelMappingContextFactoryBean : Finished initializing JpaMetamodelMappingContext
[2024-10-08 16:58:26.652] DEBUG 460 --- [  restartedMain] o.s.d.r.c.s.RepositoryFactorySupport     : Initializing repository instance for com.rfiot.ams.user.UserRepository…
[2024-10-08 16:58:26.702] DEBUG 460 --- [  restartedMain] o.s.d.j.r.q.NamedQuery                   : Looking up named query User.findByEmail
[2024-10-08 16:58:26.705] DEBUG 460 --- [  restartedMain] o.s.d.j.r.q.NamedQuery                   : Did not find named query User.findByEmail
[2024-10-08 16:58:26.758] DEBUG 460 --- [  restartedMain] o.s.d.r.c.s.RepositoryFactorySupport     : Finished creation of repository instance for com.rfiot.ams.user.UserRepository.
[2024-10-08 16:58:26.771] DEBUG 460 --- [  restartedMain] o.s.d.r.c.s.RepositoryFactorySupport     : Initializing repository instance for com.rfiot.ams.token.TokenRepository…
[2024-10-08 16:58:26.782]  INFO 460 --- [  restartedMain] o.s.d.j.r.q.QueryEnhancerFactory         : Hibernate is in classpath; If applicable, HQL parser will be used.
[2024-10-08 16:58:26.902] DEBUG 460 --- [  restartedMain] o.s.d.j.r.q.NamedQuery                   : Did not find named query Token.findAllValidTokenByUser.count
[2024-10-08 16:58:27.052] DEBUG 460 --- [  restartedMain] o.s.d.j.r.q.NamedQuery                   : Looking up named query Token.findByToken
[2024-10-08 16:58:27.052] DEBUG 460 --- [  restartedMain] o.s.d.j.r.q.NamedQuery                   : Did not find named query Token.findByToken
[2024-10-08 16:58:27.056] DEBUG 460 --- [  restartedMain] o.s.d.r.c.s.RepositoryFactorySupport     : Finished creation of repository instance for com.rfiot.ams.token.TokenRepository.
[2024-10-08 16:58:27.164]  INFO 460 --- [  restartedMain] eAuthenticationProviderManagerConfigurer : Global AuthenticationManager configured with AuthenticationProvider bean with name authenticationProvider
[2024-10-08 16:58:27.166]  WARN 460 --- [  restartedMain] r$InitializeUserDetailsManagerConfigurer : Global AuthenticationManager configured with an AuthenticationProvider bean. UserDetailsService beans will not be used for username/password login. Consider removing the AuthenticationProvider bean. Alternatively, consider using the UserDetailsService in a manually instantiated DaoAuthenticationProvider.
[2024-10-08 16:58:27.182] DEBUG 460 --- [  restartedMain] o.s.d.r.c.s.RepositoryFactorySupport     : Initializing repository instance for com.rfiot.ams.book.BookRepository…
[2024-10-08 16:58:27.187] DEBUG 460 --- [  restartedMain] o.s.d.r.c.s.RepositoryFactorySupport     : Finished creation of repository instance for com.rfiot.ams.book.BookRepository.
[2024-10-08 16:58:27.447] DEBUG 460 --- [  restartedMain] s.w.s.m.m.a.RequestMappingHandlerMapping : 21 mappings in 'requestMappingHandlerMapping'
[2024-10-08 16:58:27.529] DEBUG 460 --- [  restartedMain] o.s.w.s.h.SimpleUrlHandlerMapping        : Patterns [/webjars/**, /**, /swagger-ui*/*swagger-initializer.js, /swagger-ui*/**] in 'resourceHandlerMapping'
[2024-10-08 16:58:27.587] DEBUG 460 --- [  restartedMain] o.s.s.w.DefaultSecurityFilterChain       : Will secure any request with filters: DisableEncodeUrlFilter, WebAsyncManagerIntegrationFilter, SecurityContextHolderFilter, HeaderWriterFilter, LogoutFilter, JwtAuthenticationFilter, RequestCacheAwareFilter, SecurityContextHolderAwareRequestFilter, AnonymousAuthenticationFilter, SessionManagementFilter, ExceptionTranslationFilter, AuthorizationFilter
[2024-10-08 16:58:27.717] DEBUG 460 --- [  restartedMain] s.w.s.m.m.a.RequestMappingHandlerAdapter : ControllerAdvice beans: 0 @ModelAttribute, 0 @InitBinder, 1 RequestBodyAdvice, 1 ResponseBodyAdvice
[2024-10-08 16:58:27.755] DEBUG 460 --- [  restartedMain] .m.m.a.ExceptionHandlerExceptionResolver : ControllerAdvice beans: 2 @ExceptionHandler, 1 ResponseBodyAdvice
[2024-10-08 16:58:27.961]  INFO 460 --- [  restartedMain] o.s.b.d.a.OptionalLiveReloadServer       : LiveReload server is running on port 35729
[2024-10-08 16:58:27.984]  INFO 460 --- [  restartedMain] o.a.c.h.Http11NioProtocol                : Starting ProtocolHandler ["http-nio-8080"]
[2024-10-08 16:58:28.004]  INFO 460 --- [  restartedMain] o.s.b.w.e.t.TomcatWebServer              : Tomcat started on port 8080 (http) with context path '/'
[2024-10-08 16:58:28.015]  INFO 460 --- [  restartedMain] c.r.a.AmsApplication                     : Started AmsApplication in 5.175 seconds (process running for 6.146)
[2024-10-08 16:58:28.129]  INFO 460 --- [  restartedMain] p6spy                                    : [statement] | 1 ms | 
    select
        nextval('_user_seq')
[2024-10-08 16:58:28.162]  INFO 460 --- [  restartedMain] p6spy                                    : [statement] | 1 ms | 
    insert       
    into
        _user
        (email, firstname, lastname, password, role, id)       
    values
        ('admin@mail.com', 'Admin', 'Admin', '$2a$10$myZnhqhawXyxW2trTjmu6ORKV5egpDvKNEsBSkxpxwDx6gyY45NZ.', 'ADMIN', 1052)
[2024-10-08 16:58:28.176]  INFO 460 --- [  restartedMain] p6spy                                    : [commit] | 10 ms | 
[2024-10-08 16:58:28.278]  INFO 460 --- [  restartedMain] p6spy                                    : [statement] | 0 ms | 
    select
        nextval('token_seq')
[2024-10-08 16:58:28.281]  INFO 460 --- [  restartedMain] p6spy                                    : [statement] | 1 ms | 
    insert       
    into
        token
        (expired, revoked, token, token_type, user_id, id)       
    values
        (false, false, 'eyJhbGciOiJIUzI1NiJ9.eyJzdWIiOiJhZG1pbkBtYWlsLmNvbSIsImlhdCI6MTcyODM3NDMwOCwiZXhwIjoxNzI4NDYwNzA4fQ.FTyZ7WvwQwdp0nustf0y_Z6F3-EMhtsbZGwZ5Zn5twg', 'BEARER', 1052, 1052)
[2024-10-08 16:58:28.283]  INFO 460 --- [  restartedMain] p6spy                                    : [commit] | 1 ms | 
[2024-10-08 16:58:28.365]  INFO 460 --- [  restartedMain] p6spy                                    : [statement] | 0 ms | 
    insert       
    into
        _user
        (email, firstname, lastname, password, role, id)       
    values
        ('manager@mail.com', 'Admin', 'Admin', '$2a$10$5unertXHE1vH6M5.8FdIb.hIijD2/EO13SV9gCQEq5gcehLrNq99S', 'MANAGER', 1053)
[2024-10-08 16:58:28.367]  INFO 460 --- [  restartedMain] p6spy                                    : [commit] | 1 ms | 
[2024-10-08 16:58:28.372]  INFO 460 --- [  restartedMain] p6spy                                    : [statement] | 0 ms | 
    insert       
    into
        token
        (expired, revoked, token, token_type, user_id, id)       
    values
        (false, false, 'eyJhbGciOiJIUzI1NiJ9.eyJzdWIiOiJtYW5hZ2VyQG1haWwuY29tIiwiaWF0IjoxNzI4Mzc0MzA4LCJleHAiOjE3Mjg0NjA3MDh9.vrgEj7kB5BPvNIk8yRvoaFnn8IAYpFYY-wV9Z7Ujhts', 'BEARER', 1053, 1053)
[2024-10-08 16:58:28.373]  INFO 460 --- [  restartedMain] p6spy                                    : [commit] | 0 ms | 
[2024-10-08 16:58:34.280]  INFO 460 --- [nio-8080-exec-2] o.a.c.c.C.[.[.[/]                        : Initializing Spring DispatcherServlet 'dispatcherServlet'
[2024-10-08 16:58:34.281]  INFO 460 --- [nio-8080-exec-2] o.s.w.s.DispatcherServlet                : Initializing Servlet 'dispatcherServlet'
[2024-10-08 16:58:34.281] DEBUG 460 --- [nio-8080-exec-2] o.s.w.s.DispatcherServlet                : Detected StandardServletMultipartResolver
[2024-10-08 16:58:34.281] DEBUG 460 --- [nio-8080-exec-2] o.s.w.s.DispatcherServlet                : Detected AcceptHeaderLocaleResolver
[2024-10-08 16:58:34.281] DEBUG 460 --- [nio-8080-exec-2] o.s.w.s.DispatcherServlet                : Detected FixedThemeResolver
[2024-10-08 16:58:34.282] DEBUG 460 --- [nio-8080-exec-2] o.s.w.s.DispatcherServlet                : Detected org.springframework.web.servlet.view.DefaultRequestToViewNameTranslator@7592a
[2024-10-08 16:58:34.283] DEBUG 460 --- [nio-8080-exec-2] o.s.w.s.DispatcherServlet                : Detected org.springframework.web.servlet.support.SessionFlashMapManager@1ac3ecd7
[2024-10-08 16:58:34.283] DEBUG 460 --- [nio-8080-exec-2] o.s.w.s.DispatcherServlet                : enableLoggingRequestDetails='false': request parameters and headers will be masked to prevent unsafe logging of potentially sensitive data
[2024-10-08 16:58:34.283]  INFO 460 --- [nio-8080-exec-2] o.s.w.s.DispatcherServlet                : Completed initialization in 2 ms
[2024-10-08 16:58:34.299] DEBUG 460 --- [nio-8080-exec-2] o.s.s.w.FilterChainProxy                 : Securing GET /swagger-ui/index.html
[2024-10-08 16:58:34.305] DEBUG 460 --- [nio-8080-exec-2] o.s.s.w.a.AnonymousAuthenticationFilter  : Set SecurityContextHolder to anonymous SecurityContext
[2024-10-08 16:58:34.306] DEBUG 460 --- [nio-8080-exec-2] o.s.s.w.s.SessionManagementFilter        : Request requested invalid session id 068031DFF4F3F997DB6FF0F412FB7E99
[2024-10-08 16:58:34.309] DEBUG 460 --- [nio-8080-exec-2] o.s.s.w.FilterChainProxy                 : Secured GET /swagger-ui/index.html
[2024-10-08 16:58:34.311] DEBUG 460 --- [nio-8080-exec-2] o.s.w.s.DispatcherServlet                : GET "/swagger-ui/index.html", parameters={}
[2024-10-08 16:58:34.314] DEBUG 460 --- [nio-8080-exec-2] o.s.w.s.h.SimpleUrlHandlerMapping        : Mapped to ResourceHttpRequestHandler [classpath [META-INF/resources/webjars/]]
[2024-10-08 16:58:34.343] DEBUG 460 --- [nio-8080-exec-2] o.s.w.s.DispatcherServlet                : Completed 200 OK
[2024-10-08 16:58:34.374] DEBUG 460 --- [nio-8080-exec-1] o.s.s.w.FilterChainProxy                 : Securing GET /swagger-ui/swagger-initializer.js
[2024-10-08 16:58:34.375] DEBUG 460 --- [nio-8080-exec-1] o.s.s.w.a.AnonymousAuthenticationFilter  : Set SecurityContextHolder to anonymous SecurityContext
[2024-10-08 16:58:34.375] DEBUG 460 --- [nio-8080-exec-1] o.s.s.w.s.SessionManagementFilter        : Request requested invalid session id 068031DFF4F3F997DB6FF0F412FB7E99
[2024-10-08 16:58:34.375] DEBUG 460 --- [nio-8080-exec-1] o.s.s.w.FilterChainProxy                 : Secured GET /swagger-ui/swagger-initializer.js
[2024-10-08 16:58:34.376] DEBUG 460 --- [nio-8080-exec-1] o.s.w.s.DispatcherServlet                : GET "/swagger-ui/swagger-initializer.js", parameters={}
[2024-10-08 16:58:34.377] DEBUG 460 --- [nio-8080-exec-1] o.s.w.s.h.SimpleUrlHandlerMapping        : Mapped to ResourceHttpRequestHandler [classpath [META-INF/resources/webjars/]]
[2024-10-08 16:58:34.387] DEBUG 460 --- [nio-8080-exec-1] o.s.w.s.DispatcherServlet                : Completed 200 OK
[2024-10-08 16:58:34.430] DEBUG 460 --- [nio-8080-exec-3] o.s.s.w.FilterChainProxy                 : Securing GET /v3/api-docs/swagger-config
[2024-10-08 16:58:34.430] DEBUG 460 --- [nio-8080-exec-3] o.s.s.w.a.AnonymousAuthenticationFilter  : Set SecurityContextHolder to anonymous SecurityContext
[2024-10-08 16:58:34.430] DEBUG 460 --- [nio-8080-exec-3] o.s.s.w.s.SessionManagementFilter        : Request requested invalid session id 068031DFF4F3F997DB6FF0F412FB7E99
[2024-10-08 16:58:34.431] DEBUG 460 --- [nio-8080-exec-3] o.s.s.w.FilterChainProxy                 : Secured GET /v3/api-docs/swagger-config
[2024-10-08 16:58:34.431] DEBUG 460 --- [nio-8080-exec-3] o.s.w.s.DispatcherServlet                : GET "/v3/api-docs/swagger-config", parameters={}
[2024-10-08 16:58:34.431] DEBUG 460 --- [nio-8080-exec-3] s.w.s.m.m.a.RequestMappingHandlerMapping : Mapped to org.springdoc.webmvc.ui.SwaggerConfigResource#openapiJson(HttpServletRequest)
[2024-10-08 16:58:34.443] DEBUG 460 --- [nio-8080-exec-3] m.m.a.RequestResponseBodyMethodProcessor : Using 'application/json', given [*/*] and supported [application/json]
[2024-10-08 16:58:34.445] DEBUG 460 --- [nio-8080-exec-3] m.m.a.RequestResponseBodyMethodProcessor : Writing [{configUrl=/v3/api-docs/swagger-config, oauth2RedirectUrl=http://localhost:8080/swagger-ui/oauth2-re (truncated)...]
[2024-10-08 16:58:34.453] DEBUG 460 --- [nio-8080-exec-3] o.s.w.s.DispatcherServlet                : Completed 200 OK
[2024-10-08 16:58:34.465] DEBUG 460 --- [nio-8080-exec-4] o.s.s.w.FilterChainProxy                 : Securing GET /v3/api-docs
[2024-10-08 16:58:34.465] DEBUG 460 --- [nio-8080-exec-4] o.s.s.w.a.AnonymousAuthenticationFilter  : Set SecurityContextHolder to anonymous SecurityContext
[2024-10-08 16:58:34.465] DEBUG 460 --- [nio-8080-exec-4] o.s.s.w.s.SessionManagementFilter        : Request requested invalid session id 068031DFF4F3F997DB6FF0F412FB7E99
[2024-10-08 16:58:34.465] DEBUG 460 --- [nio-8080-exec-4] o.s.s.w.FilterChainProxy                 : Secured GET /v3/api-docs
[2024-10-08 16:58:34.465] DEBUG 460 --- [nio-8080-exec-4] o.s.w.s.DispatcherServlet                : GET "/v3/api-docs", parameters={}
[2024-10-08 16:58:34.466] DEBUG 460 --- [nio-8080-exec-4] s.w.s.m.m.a.RequestMappingHandlerMapping : Mapped to org.springdoc.webmvc.api.OpenApiWebMvcResource#openapiJson(HttpServletRequest, String, Locale)
[2024-10-08 16:58:34.740]  INFO 460 --- [nio-8080-exec-4] o.s.a.AbstractOpenApiResource            : Init duration for springdoc-openapi is: 255 ms
[2024-10-08 16:58:34.756] DEBUG 460 --- [nio-8080-exec-4] m.m.a.RequestResponseBodyMethodProcessor : Using 'application/json', given [application/json, */*] and supported [application/json]
[2024-10-08 16:58:34.757] DEBUG 460 --- [nio-8080-exec-4] m.m.a.RequestResponseBodyMethodProcessor : Writing [{123, 34, 111, 112, 101, 110, 97, 112, 105, 34, 58, 34, 51, 46, 48, 46, 49, 34, 44, 34, 105, 110, 10 (truncated)...]
[2024-10-08 16:58:34.758] DEBUG 460 --- [nio-8080-exec-4] o.s.w.s.DispatcherServlet                : Completed 200 OK
