[2024-10-08 16:55:02.176]  INFO 19164 --- [kground-preinit] o.h.v.i.u.Version                        : HV000001: Hibernate Validator 8.0.1.Final
[2024-10-08 16:55:02.200]  INFO 19164 --- [  restartedMain] c.r.a.AmsApplication                     : Starting AmsApplication using Java 17.0.2 with PID 19164 (D:\Dev_Test\ams\target\classes started by minam in D:\Dev_Test\ams)
[2024-10-08 16:55:02.203]  INFO 19164 --- [  restartedMain] c.r.a.AmsApplication                     : The following 1 profile is active: "prod"
[2024-10-08 16:55:02.237]  INFO 19164 --- [  restartedMain] .e.DevToolsPropertyDefaultsPostProcessor : Devtools property defaults active! Set 'spring.devtools.add-properties' to 'false' to disable
[2024-10-08 16:55:02.238]  INFO 19164 --- [  restartedMain] .e.DevToolsPropertyDefaultsPostProcessor : For additional web related logging consider setting the 'logging.level.web' property to 'DEBUG'
[2024-10-08 16:55:02.935]  INFO 19164 --- [  restartedMain] .s.d.r.c.RepositoryConfigurationDelegate : Bootstrapping Spring Data JPA repositories in DEFAULT mode.
[2024-10-08 16:55:02.945] DEBUG 19164 --- [  restartedMain] .s.d.r.c.RepositoryConfigurationDelegate : Scanning for JPA repositories in packages com.rfiot.ams.
[2024-10-08 16:55:02.954] DEBUG 19164 --- [  restartedMain] o.s.d.r.c.RepositoryComponentProvider    : Identified candidate component class: file [D:\Dev_Test\ams\target\classes\com\rfiot\ams\book\BookRepository.class]
[2024-10-08 16:55:02.955] DEBUG 19164 --- [  restartedMain] o.s.d.r.c.RepositoryComponentProvider    : Identified candidate component class: file [D:\Dev_Test\ams\target\classes\com\rfiot\ams\token\TokenRepository.class]
[2024-10-08 16:55:02.956] DEBUG 19164 --- [  restartedMain] o.s.d.r.c.RepositoryComponentProvider    : Identified candidate component class: file [D:\Dev_Test\ams\target\classes\com\rfiot\ams\user\UserRepository.class]
[2024-10-08 16:55:02.984]  INFO 19164 --- [  restartedMain] .s.d.r.c.RepositoryConfigurationDelegate : Finished Spring Data repository scanning in 37 ms. Found 3 JPA repository interfaces.
[2024-10-08 16:55:03.487]  INFO 19164 --- [  restartedMain] o.s.b.w.e.t.TomcatWebServer              : Tomcat initialized with port 8080 (http)
[2024-10-08 16:55:03.495]  INFO 19164 --- [  restartedMain] o.a.c.h.Http11NioProtocol                : Initializing ProtocolHandler ["http-nio-8080"]
[2024-10-08 16:55:03.497]  INFO 19164 --- [  restartedMain] o.a.c.c.StandardService                  : Starting service [Tomcat]
[2024-10-08 16:55:03.498]  INFO 19164 --- [  restartedMain] o.a.c.c.StandardEngine                   : Starting Servlet engine: [Apache Tomcat/10.1.30]
[2024-10-08 16:55:03.539]  INFO 19164 --- [  restartedMain] o.a.c.c.C.[.[.[/]                        : Initializing Spring embedded WebApplicationContext
[2024-10-08 16:55:03.540]  INFO 19164 --- [  restartedMain] w.s.c.ServletWebServerApplicationContext : Root WebApplicationContext: initialization completed in 1294 ms
[2024-10-08 16:55:03.647]  INFO 19164 --- [  restartedMain] o.h.j.i.u.LogHelper                      : HHH000204: Processing PersistenceUnitInfo [name: default]
[2024-10-08 16:55:03.679]  INFO 19164 --- [  restartedMain] o.h.Version                              : HHH000412: Hibernate ORM core version 6.5.3.Final
[2024-10-08 16:55:03.710]  INFO 19164 --- [  restartedMain] o.h.c.i.RegionFactoryInitiator           : HHH000026: Second-level cache disabled
[2024-10-08 16:55:03.913]  INFO 19164 --- [  restartedMain] o.s.o.j.p.SpringPersistenceUnitInfo      : No LoadTimeWeaver setup: ignoring JPA class transformer
[2024-10-08 16:55:03.936]  INFO 19164 --- [  restartedMain] c.z.h.HikariDataSource                   : HikariPool-1 - Starting...
[2024-10-08 16:55:04.052]  INFO 19164 --- [  restartedMain] c.z.h.p.HikariPool                       : HikariPool-1 - Added connection org.postgresql.jdbc.PgConnection@41852b4b
[2024-10-08 16:55:04.053]  INFO 19164 --- [  restartedMain] c.z.h.HikariDataSource                   : HikariPool-1 - Start completed.
[2024-10-08 16:55:04.273]  INFO 19164 --- [  restartedMain] p6spy                                    : #1728374104273 | took 9ms | statement | connection 1| url jdbc:postgresql://localhost:5432/amsdb
select * from information_schema.sequences
select * from information_schema.sequences;
[2024-10-08 16:55:04.819]  INFO 19164 --- [  restartedMain] o.h.e.t.j.p.i.JtaPlatformInitiator       : HHH000489: No JTA platform available (set 'hibernate.transaction.jta.platform' to enable JTA platform integration)
[2024-10-08 16:55:04.833]  INFO 19164 --- [  restartedMain] p6spy                                    : #1728374104833 | took 1ms | statement | connection 2| url jdbc:postgresql://localhost:5432/amsdb
select * from information_schema.sequences
select * from information_schema.sequences;
[2024-10-08 16:55:04.874]  INFO 19164 --- [  restartedMain] p6spy                                    : #1728374104874 | took 1ms | statement | connection 2| url jdbc:postgresql://localhost:5432/amsdb
select * from "public"."_user" where 1=0
select * from "public"."_user" where 1=0;
[2024-10-08 16:55:04.879]  INFO 19164 --- [  restartedMain] j.LocalContainerEntityManagerFactoryBean : Initialized JPA EntityManagerFactory for persistence unit 'default'
[2024-10-08 16:55:04.904] DEBUG 19164 --- [  restartedMain] .c.JpaMetamodelMappingContextFactoryBean : Initializing JpaMetamodelMappingContext…
[2024-10-08 16:55:04.912] DEBUG 19164 --- [  restartedMain] .c.JpaMetamodelMappingContextFactoryBean : Finished initializing JpaMetamodelMappingContext
[2024-10-08 16:55:04.985] DEBUG 19164 --- [  restartedMain] o.s.d.r.c.s.RepositoryFactorySupport     : Initializing repository instance for com.rfiot.ams.user.UserRepository…
[2024-10-08 16:55:05.016] DEBUG 19164 --- [  restartedMain] o.s.d.j.r.q.NamedQuery                   : Looking up named query User.findByEmail
[2024-10-08 16:55:05.018] DEBUG 19164 --- [  restartedMain] o.s.d.j.r.q.NamedQuery                   : Did not find named query User.findByEmail
[2024-10-08 16:55:05.059] DEBUG 19164 --- [  restartedMain] o.s.d.r.c.s.RepositoryFactorySupport     : Finished creation of repository instance for com.rfiot.ams.user.UserRepository.
[2024-10-08 16:55:05.075] DEBUG 19164 --- [  restartedMain] o.s.d.r.c.s.RepositoryFactorySupport     : Initializing repository instance for com.rfiot.ams.token.TokenRepository…
[2024-10-08 16:55:05.089]  INFO 19164 --- [  restartedMain] o.s.d.j.r.q.QueryEnhancerFactory         : Hibernate is in classpath; If applicable, HQL parser will be used.
[2024-10-08 16:55:05.195] DEBUG 19164 --- [  restartedMain] o.s.d.j.r.q.NamedQuery                   : Did not find named query Token.findAllValidTokenByUser.count
[2024-10-08 16:55:05.321] DEBUG 19164 --- [  restartedMain] o.s.d.j.r.q.NamedQuery                   : Looking up named query Token.findByToken
[2024-10-08 16:55:05.321] DEBUG 19164 --- [  restartedMain] o.s.d.j.r.q.NamedQuery                   : Did not find named query Token.findByToken
[2024-10-08 16:55:05.323] DEBUG 19164 --- [  restartedMain] o.s.d.r.c.s.RepositoryFactorySupport     : Finished creation of repository instance for com.rfiot.ams.token.TokenRepository.
[2024-10-08 16:55:05.410]  INFO 19164 --- [  restartedMain] eAuthenticationProviderManagerConfigurer : Global AuthenticationManager configured with AuthenticationProvider bean with name authenticationProvider
[2024-10-08 16:55:05.411]  WARN 19164 --- [  restartedMain] r$InitializeUserDetailsManagerConfigurer : Global AuthenticationManager configured with an AuthenticationProvider bean. UserDetailsService beans will not be used for username/password login. Consider removing the AuthenticationProvider bean. Alternatively, consider using the UserDetailsService in a manually instantiated DaoAuthenticationProvider.
[2024-10-08 16:55:05.423] DEBUG 19164 --- [  restartedMain] o.s.d.r.c.s.RepositoryFactorySupport     : Initializing repository instance for com.rfiot.ams.book.BookRepository…
[2024-10-08 16:55:05.427] DEBUG 19164 --- [  restartedMain] o.s.d.r.c.s.RepositoryFactorySupport     : Finished creation of repository instance for com.rfiot.ams.book.BookRepository.
[2024-10-08 16:55:05.649] DEBUG 19164 --- [  restartedMain] s.w.s.m.m.a.RequestMappingHandlerMapping : 21 mappings in 'requestMappingHandlerMapping'
[2024-10-08 16:55:05.720] DEBUG 19164 --- [  restartedMain] o.s.w.s.h.SimpleUrlHandlerMapping        : Patterns [/webjars/**, /**, /swagger-ui*/*swagger-initializer.js, /swagger-ui*/**] in 'resourceHandlerMapping'
[2024-10-08 16:55:05.763] DEBUG 19164 --- [  restartedMain] o.s.s.w.DefaultSecurityFilterChain       : Will secure any request with filters: DisableEncodeUrlFilter, WebAsyncManagerIntegrationFilter, SecurityContextHolderFilter, HeaderWriterFilter, LogoutFilter, JwtAuthenticationFilter, RequestCacheAwareFilter, SecurityContextHolderAwareRequestFilter, AnonymousAuthenticationFilter, SessionManagementFilter, ExceptionTranslationFilter, AuthorizationFilter
[2024-10-08 16:55:05.846] DEBUG 19164 --- [  restartedMain] s.w.s.m.m.a.RequestMappingHandlerAdapter : ControllerAdvice beans: 0 @ModelAttribute, 0 @InitBinder, 1 RequestBodyAdvice, 1 ResponseBodyAdvice
[2024-10-08 16:55:05.877] DEBUG 19164 --- [  restartedMain] .m.m.a.ExceptionHandlerExceptionResolver : ControllerAdvice beans: 2 @ExceptionHandler, 1 ResponseBodyAdvice
[2024-10-08 16:55:06.021]  INFO 19164 --- [  restartedMain] o.s.b.d.a.OptionalLiveReloadServer       : LiveReload server is running on port 35729
[2024-10-08 16:55:06.037]  INFO 19164 --- [  restartedMain] o.a.c.h.Http11NioProtocol                : Starting ProtocolHandler ["http-nio-8080"]
[2024-10-08 16:55:06.048]  INFO 19164 --- [  restartedMain] o.s.b.w.e.t.TomcatWebServer              : Tomcat started on port 8080 (http) with context path '/'
[2024-10-08 16:55:06.057]  INFO 19164 --- [  restartedMain] c.r.a.AmsApplication                     : Started AmsApplication in 4.159 seconds (process running for 4.834)
[2024-10-08 16:55:06.149]  INFO 19164 --- [  restartedMain] p6spy                                    : [statement] | 1 ms | 
    select
        nextval('_user_seq')
[2024-10-08 16:55:06.169]  INFO 19164 --- [  restartedMain] p6spy                                    : [statement] | 1 ms | 
    insert       
    into
        _user
        (email, firstname, lastname, password, role, id)       
    values
        ('admin@mail.com', 'Admin', 'Admin', '$2a$10$AqY4fsnt70aO70.fZg0YN.DUQXlJicRg8cbXUqxJ.ceNgXB1AaAwi', 'ADMIN', 852)
[2024-10-08 16:55:06.172]  INFO 19164 --- [  restartedMain] p6spy                                    : [commit] | 1 ms | 
[2024-10-08 16:55:06.246]  INFO 19164 --- [  restartedMain] p6spy                                    : [statement] | 0 ms | 
    select
        nextval('token_seq')
[2024-10-08 16:55:06.248]  INFO 19164 --- [  restartedMain] p6spy                                    : [statement] | 1 ms | 
    insert       
    into
        token
        (expired, revoked, token, token_type, user_id, id)       
    values
        (false, false, 'eyJhbGciOiJIUzI1NiJ9.eyJzdWIiOiJhZG1pbkBtYWlsLmNvbSIsImlhdCI6MTcyODM3NDEwNiwiZXhwIjoxNzI4NDYwNTA2fQ.GbN3Eyz6RHICJvqFuqW5zOl01_RC898ZpJxHTN-3m74', 'BEARER', 852, 852)
[2024-10-08 16:55:06.250]  INFO 19164 --- [  restartedMain] p6spy                                    : [commit] | 1 ms | 
[2024-10-08 16:55:06.326]  INFO 19164 --- [  restartedMain] p6spy                                    : [statement] | 0 ms | 
    insert       
    into
        _user
        (email, firstname, lastname, password, role, id)       
    values
        ('manager@mail.com', 'Admin', 'Admin', '$2a$10$D04wNgiIAnuw999krHi/JO0cG2x1EIXLx0xRTsoiUMgfrZkz2Ues2', 'MANAGER', 853)
[2024-10-08 16:55:06.328]  INFO 19164 --- [  restartedMain] p6spy                                    : [commit] | 1 ms | 
[2024-10-08 16:55:06.331]  INFO 19164 --- [  restartedMain] p6spy                                    : [statement] | 0 ms | 
    insert       
    into
        token
        (expired, revoked, token, token_type, user_id, id)       
    values
        (false, false, 'eyJhbGciOiJIUzI1NiJ9.eyJzdWIiOiJtYW5hZ2VyQG1haWwuY29tIiwiaWF0IjoxNzI4Mzc0MTA2LCJleHAiOjE3Mjg0NjA1MDZ9.zOSAZVwZ_LMtHFc5nSuOK4eUD58U_8GkWfzaJUdFAtE', 'BEARER', 853, 853)
[2024-10-08 16:55:06.332]  INFO 19164 --- [  restartedMain] p6spy                                    : [commit] | 0 ms | 
[2024-10-08 16:55:12.792]  INFO 19164 --- [nio-8080-exec-1] o.a.c.c.C.[.[.[/]                        : Initializing Spring DispatcherServlet 'dispatcherServlet'
[2024-10-08 16:55:12.793]  INFO 19164 --- [nio-8080-exec-1] o.s.w.s.DispatcherServlet                : Initializing Servlet 'dispatcherServlet'
[2024-10-08 16:55:12.793] DEBUG 19164 --- [nio-8080-exec-1] o.s.w.s.DispatcherServlet                : Detected StandardServletMultipartResolver
[2024-10-08 16:55:12.793] DEBUG 19164 --- [nio-8080-exec-1] o.s.w.s.DispatcherServlet                : Detected AcceptHeaderLocaleResolver
[2024-10-08 16:55:12.793] DEBUG 19164 --- [nio-8080-exec-1] o.s.w.s.DispatcherServlet                : Detected FixedThemeResolver
[2024-10-08 16:55:12.794] DEBUG 19164 --- [nio-8080-exec-1] o.s.w.s.DispatcherServlet                : Detected org.springframework.web.servlet.view.DefaultRequestToViewNameTranslator@2d2d9eda
[2024-10-08 16:55:12.795] DEBUG 19164 --- [nio-8080-exec-1] o.s.w.s.DispatcherServlet                : Detected org.springframework.web.servlet.support.SessionFlashMapManager@31762cb6
[2024-10-08 16:55:12.795] DEBUG 19164 --- [nio-8080-exec-1] o.s.w.s.DispatcherServlet                : enableLoggingRequestDetails='false': request parameters and headers will be masked to prevent unsafe logging of potentially sensitive data
[2024-10-08 16:55:12.796]  INFO 19164 --- [nio-8080-exec-1] o.s.w.s.DispatcherServlet                : Completed initialization in 3 ms
[2024-10-08 16:55:12.808] DEBUG 19164 --- [nio-8080-exec-1] o.s.s.w.FilterChainProxy                 : Securing GET /swagger-ui/index.html
[2024-10-08 16:55:12.815] DEBUG 19164 --- [nio-8080-exec-1] o.s.s.w.a.AnonymousAuthenticationFilter  : Set SecurityContextHolder to anonymous SecurityContext
[2024-10-08 16:55:12.816] DEBUG 19164 --- [nio-8080-exec-1] o.s.s.w.s.SessionManagementFilter        : Request requested invalid session id 068031DFF4F3F997DB6FF0F412FB7E99
[2024-10-08 16:55:12.817] DEBUG 19164 --- [nio-8080-exec-1] o.s.s.w.FilterChainProxy                 : Secured GET /swagger-ui/index.html
[2024-10-08 16:55:12.819] DEBUG 19164 --- [nio-8080-exec-1] o.s.w.s.DispatcherServlet                : GET "/swagger-ui/index.html", parameters={}
[2024-10-08 16:55:12.821] DEBUG 19164 --- [nio-8080-exec-1] o.s.w.s.h.SimpleUrlHandlerMapping        : Mapped to ResourceHttpRequestHandler [classpath [META-INF/resources/webjars/]]
[2024-10-08 16:55:12.843] DEBUG 19164 --- [nio-8080-exec-1] o.s.w.s.DispatcherServlet                : Completed 200 OK
[2024-10-08 16:55:12.853] DEBUG 19164 --- [nio-8080-exec-2] o.s.s.w.FilterChainProxy                 : Securing GET /swagger-ui/swagger-initializer.js
[2024-10-08 16:55:12.853] DEBUG 19164 --- [nio-8080-exec-2] o.s.s.w.a.AnonymousAuthenticationFilter  : Set SecurityContextHolder to anonymous SecurityContext
[2024-10-08 16:55:12.853] DEBUG 19164 --- [nio-8080-exec-2] o.s.s.w.s.SessionManagementFilter        : Request requested invalid session id 068031DFF4F3F997DB6FF0F412FB7E99
[2024-10-08 16:55:12.854] DEBUG 19164 --- [nio-8080-exec-2] o.s.s.w.FilterChainProxy                 : Secured GET /swagger-ui/swagger-initializer.js
[2024-10-08 16:55:12.854] DEBUG 19164 --- [nio-8080-exec-2] o.s.w.s.DispatcherServlet                : GET "/swagger-ui/swagger-initializer.js", parameters={}
[2024-10-08 16:55:12.855] DEBUG 19164 --- [nio-8080-exec-2] o.s.w.s.h.SimpleUrlHandlerMapping        : Mapped to ResourceHttpRequestHandler [classpath [META-INF/resources/webjars/]]
[2024-10-08 16:55:12.864] DEBUG 19164 --- [nio-8080-exec-2] o.s.w.s.DispatcherServlet                : Completed 200 OK
[2024-10-08 16:55:12.888] DEBUG 19164 --- [nio-8080-exec-4] o.s.s.w.FilterChainProxy                 : Securing GET /v3/api-docs/swagger-config
[2024-10-08 16:55:12.889] DEBUG 19164 --- [nio-8080-exec-4] o.s.s.w.a.AnonymousAuthenticationFilter  : Set SecurityContextHolder to anonymous SecurityContext
[2024-10-08 16:55:12.889] DEBUG 19164 --- [nio-8080-exec-4] o.s.s.w.s.SessionManagementFilter        : Request requested invalid session id 068031DFF4F3F997DB6FF0F412FB7E99
[2024-10-08 16:55:12.889] DEBUG 19164 --- [nio-8080-exec-4] o.s.s.w.FilterChainProxy                 : Secured GET /v3/api-docs/swagger-config
[2024-10-08 16:55:12.889] DEBUG 19164 --- [nio-8080-exec-4] o.s.w.s.DispatcherServlet                : GET "/v3/api-docs/swagger-config", parameters={}
[2024-10-08 16:55:12.889] DEBUG 19164 --- [nio-8080-exec-4] s.w.s.m.m.a.RequestMappingHandlerMapping : Mapped to org.springdoc.webmvc.ui.SwaggerConfigResource#openapiJson(HttpServletRequest)
[2024-10-08 16:55:12.902] DEBUG 19164 --- [nio-8080-exec-4] m.m.a.RequestResponseBodyMethodProcessor : Using 'application/json', given [*/*] and supported [application/json]
[2024-10-08 16:55:12.903] DEBUG 19164 --- [nio-8080-exec-4] m.m.a.RequestResponseBodyMethodProcessor : Writing [{configUrl=/v3/api-docs/swagger-config, oauth2RedirectUrl=http://localhost:8080/swagger-ui/oauth2-re (truncated)...]
[2024-10-08 16:55:12.906] DEBUG 19164 --- [nio-8080-exec-4] o.s.w.s.DispatcherServlet                : Completed 200 OK
[2024-10-08 16:55:12.912] DEBUG 19164 --- [nio-8080-exec-3] o.s.s.w.FilterChainProxy                 : Securing GET /v3/api-docs
[2024-10-08 16:55:12.913] DEBUG 19164 --- [nio-8080-exec-3] o.s.s.w.a.AnonymousAuthenticationFilter  : Set SecurityContextHolder to anonymous SecurityContext
[2024-10-08 16:55:12.913] DEBUG 19164 --- [nio-8080-exec-3] o.s.s.w.s.SessionManagementFilter        : Request requested invalid session id 068031DFF4F3F997DB6FF0F412FB7E99
[2024-10-08 16:55:12.913] DEBUG 19164 --- [nio-8080-exec-3] o.s.s.w.FilterChainProxy                 : Secured GET /v3/api-docs
[2024-10-08 16:55:12.913] DEBUG 19164 --- [nio-8080-exec-3] o.s.w.s.DispatcherServlet                : GET "/v3/api-docs", parameters={}
[2024-10-08 16:55:12.914] DEBUG 19164 --- [nio-8080-exec-3] s.w.s.m.m.a.RequestMappingHandlerMapping : Mapped to org.springdoc.webmvc.api.OpenApiWebMvcResource#openapiJson(HttpServletRequest, String, Locale)
[2024-10-08 16:55:13.191]  INFO 19164 --- [nio-8080-exec-3] o.s.a.AbstractOpenApiResource            : Init duration for springdoc-openapi is: 264 ms
[2024-10-08 16:55:13.210] DEBUG 19164 --- [nio-8080-exec-3] m.m.a.RequestResponseBodyMethodProcessor : Using 'application/json', given [application/json, */*] and supported [application/json]
[2024-10-08 16:55:13.211] DEBUG 19164 --- [nio-8080-exec-3] m.m.a.RequestResponseBodyMethodProcessor : Writing [{123, 34, 111, 112, 101, 110, 97, 112, 105, 34, 58, 34, 51, 46, 48, 46, 49, 34, 44, 34, 105, 110, 10 (truncated)...]
[2024-10-08 16:55:13.211] DEBUG 19164 --- [nio-8080-exec-3] o.s.w.s.DispatcherServlet                : Completed 200 OK
[2024-10-08 16:55:14.523] DEBUG 19164 --- [nio-8080-exec-5] o.s.s.w.FilterChainProxy                 : Securing GET /swagger-ui/index.html
[2024-10-08 16:55:14.524] DEBUG 19164 --- [nio-8080-exec-5] o.s.s.w.a.AnonymousAuthenticationFilter  : Set SecurityContextHolder to anonymous SecurityContext
[2024-10-08 16:55:14.524] DEBUG 19164 --- [nio-8080-exec-5] o.s.s.w.s.SessionManagementFilter        : Request requested invalid session id 068031DFF4F3F997DB6FF0F412FB7E99
[2024-10-08 16:55:14.524] DEBUG 19164 --- [nio-8080-exec-5] o.s.s.w.FilterChainProxy                 : Secured GET /swagger-ui/index.html
[2024-10-08 16:55:14.525] DEBUG 19164 --- [nio-8080-exec-5] o.s.w.s.DispatcherServlet                : GET "/swagger-ui/index.html", parameters={}
[2024-10-08 16:55:14.526] DEBUG 19164 --- [nio-8080-exec-5] o.s.w.s.h.SimpleUrlHandlerMapping        : Mapped to ResourceHttpRequestHandler [classpath [META-INF/resources/webjars/]]
[2024-10-08 16:55:14.529] DEBUG 19164 --- [nio-8080-exec-5] o.s.w.s.DispatcherServlet                : Completed 200 OK
[2024-10-08 16:55:14.539] DEBUG 19164 --- [nio-8080-exec-6] o.s.s.w.FilterChainProxy                 : Securing GET /swagger-ui/swagger-initializer.js
[2024-10-08 16:55:14.539] DEBUG 19164 --- [nio-8080-exec-6] o.s.s.w.a.AnonymousAuthenticationFilter  : Set SecurityContextHolder to anonymous SecurityContext
[2024-10-08 16:55:14.539] DEBUG 19164 --- [nio-8080-exec-6] o.s.s.w.s.SessionManagementFilter        : Request requested invalid session id 068031DFF4F3F997DB6FF0F412FB7E99
[2024-10-08 16:55:14.540] DEBUG 19164 --- [nio-8080-exec-6] o.s.s.w.FilterChainProxy                 : Secured GET /swagger-ui/swagger-initializer.js
[2024-10-08 16:55:14.540] DEBUG 19164 --- [nio-8080-exec-6] o.s.w.s.DispatcherServlet                : GET "/swagger-ui/swagger-initializer.js", parameters={}
[2024-10-08 16:55:14.540] DEBUG 19164 --- [nio-8080-exec-6] o.s.w.s.h.SimpleUrlHandlerMapping        : Mapped to ResourceHttpRequestHandler [classpath [META-INF/resources/webjars/]]
[2024-10-08 16:55:14.542] DEBUG 19164 --- [nio-8080-exec-6] o.s.w.s.DispatcherServlet                : Completed 200 OK
[2024-10-08 16:55:14.559]  INFO 19164 --- [   File Watcher] rtingClassPathChangeChangedEventListener : Restarting due to 1 class path change (0 additions, 0 deletions, 1 modification)
[2024-10-08 16:55:14.562]  INFO 19164 --- [       Thread-5] o.a.c.h.Http11NioProtocol                : Stopping ProtocolHandler ["http-nio-8080"]
[2024-10-08 16:55:14.685]  INFO 19164 --- [       Thread-5] j.LocalContainerEntityManagerFactoryBean : Closing JPA EntityManagerFactory for persistence unit 'default'
[2024-10-08 16:55:14.688]  INFO 19164 --- [       Thread-5] c.z.h.HikariDataSource                   : HikariPool-1 - Shutdown initiated...
[2024-10-08 16:55:14.691]  INFO 19164 --- [       Thread-5] c.z.h.HikariDataSource                   : HikariPool-1 - Shutdown completed.
[2024-10-08 16:55:14.807]  INFO 19164 --- [  restartedMain] c.r.a.AmsApplication                     : Starting AmsApplication using Java 17.0.2 with PID 19164 (D:\Dev_Test\ams\target\classes started by minam in D:\Dev_Test\ams)
[2024-10-08 16:55:14.808]  INFO 19164 --- [  restartedMain] c.r.a.AmsApplication                     : The following 1 profile is active: "prod"
[2024-10-08 16:55:14.971]  INFO 19164 --- [  restartedMain] .s.d.r.c.RepositoryConfigurationDelegate : Bootstrapping Spring Data JPA repositories in DEFAULT mode.
[2024-10-08 16:55:14.971] DEBUG 19164 --- [  restartedMain] .s.d.r.c.RepositoryConfigurationDelegate : Scanning for JPA repositories in packages com.rfiot.ams.
[2024-10-08 16:55:14.974] DEBUG 19164 --- [  restartedMain] o.s.d.r.c.RepositoryComponentProvider    : Identified candidate component class: file [D:\Dev_Test\ams\target\classes\com\rfiot\ams\book\BookRepository.class]
[2024-10-08 16:55:14.975] DEBUG 19164 --- [  restartedMain] o.s.d.r.c.RepositoryComponentProvider    : Identified candidate component class: file [D:\Dev_Test\ams\target\classes\com\rfiot\ams\token\TokenRepository.class]
[2024-10-08 16:55:14.975] DEBUG 19164 --- [  restartedMain] o.s.d.r.c.RepositoryComponentProvider    : Identified candidate component class: file [D:\Dev_Test\ams\target\classes\com\rfiot\ams\user\UserRepository.class]
[2024-10-08 16:55:14.983]  INFO 19164 --- [  restartedMain] .s.d.r.c.RepositoryConfigurationDelegate : Finished Spring Data repository scanning in 11 ms. Found 3 JPA repository interfaces.
[2024-10-08 16:55:15.088]  INFO 19164 --- [  restartedMain] o.s.b.w.e.t.TomcatWebServer              : Tomcat initialized with port 8080 (http)
[2024-10-08 16:55:15.090]  INFO 19164 --- [  restartedMain] o.a.c.h.Http11NioProtocol                : Initializing ProtocolHandler ["http-nio-8080"]
[2024-10-08 16:55:15.090]  INFO 19164 --- [  restartedMain] o.a.c.c.StandardService                  : Starting service [Tomcat]
[2024-10-08 16:55:15.090]  INFO 19164 --- [  restartedMain] o.a.c.c.StandardEngine                   : Starting Servlet engine: [Apache Tomcat/10.1.30]
[2024-10-08 16:55:15.103]  INFO 19164 --- [  restartedMain] o.a.c.c.C.[.[.[/]                        : Initializing Spring embedded WebApplicationContext
[2024-10-08 16:55:15.103]  INFO 19164 --- [  restartedMain] w.s.c.ServletWebServerApplicationContext : Root WebApplicationContext: initialization completed in 294 ms
[2024-10-08 16:55:15.143]  INFO 19164 --- [  restartedMain] o.h.j.i.u.LogHelper                      : HHH000204: Processing PersistenceUnitInfo [name: default]
[2024-10-08 16:55:15.145]  INFO 19164 --- [  restartedMain] o.h.c.i.RegionFactoryInitiator           : HHH000026: Second-level cache disabled
[2024-10-08 16:55:15.152]  INFO 19164 --- [  restartedMain] o.s.o.j.p.SpringPersistenceUnitInfo      : No LoadTimeWeaver setup: ignoring JPA class transformer
[2024-10-08 16:55:15.152]  INFO 19164 --- [  restartedMain] c.z.h.HikariDataSource                   : HikariPool-2 - Starting...
[2024-10-08 16:55:15.191]  INFO 19164 --- [  restartedMain] c.z.h.p.HikariPool                       : HikariPool-2 - Added connection org.postgresql.jdbc.PgConnection@94bb032
[2024-10-08 16:55:15.191]  INFO 19164 --- [  restartedMain] c.z.h.HikariDataSource                   : HikariPool-2 - Start completed.
[2024-10-08 16:55:15.220]  INFO 19164 --- [  restartedMain] p6spy                                    : #1728374115219 | took 4ms | statement | connection 8| url jdbc:postgresql://localhost:5432/amsdb
select * from information_schema.sequences
select * from information_schema.sequences;
[2024-10-08 16:55:15.277]  INFO 19164 --- [  restartedMain] o.h.e.t.j.p.i.JtaPlatformInitiator       : HHH000489: No JTA platform available (set 'hibernate.transaction.jta.platform' to enable JTA platform integration)
[2024-10-08 16:55:15.279]  INFO 19164 --- [  restartedMain] p6spy                                    : #1728374115279 | took 1ms | statement | connection 9| url jdbc:postgresql://localhost:5432/amsdb
select * from information_schema.sequences
select * from information_schema.sequences;
[2024-10-08 16:55:15.307]  INFO 19164 --- [  restartedMain] p6spy                                    : #1728374115307 | took 1ms | statement | connection 9| url jdbc:postgresql://localhost:5432/amsdb
select * from "public"."_user" where 1=0
select * from "public"."_user" where 1=0;
[2024-10-08 16:55:15.311]  INFO 19164 --- [  restartedMain] j.LocalContainerEntityManagerFactoryBean : Initialized JPA EntityManagerFactory for persistence unit 'default'
[2024-10-08 16:55:15.329] DEBUG 19164 --- [  restartedMain] .c.JpaMetamodelMappingContextFactoryBean : Initializing JpaMetamodelMappingContext…
[2024-10-08 16:55:15.329] DEBUG 19164 --- [  restartedMain] .c.JpaMetamodelMappingContextFactoryBean : Finished initializing JpaMetamodelMappingContext
[2024-10-08 16:55:15.342] DEBUG 19164 --- [  restartedMain] o.s.d.r.c.s.RepositoryFactorySupport     : Initializing repository instance for com.rfiot.ams.user.UserRepository…
[2024-10-08 16:55:15.344] DEBUG 19164 --- [  restartedMain] o.s.d.j.r.q.NamedQuery                   : Looking up named query User.findByEmail
[2024-10-08 16:55:15.345] DEBUG 19164 --- [  restartedMain] o.s.d.j.r.q.NamedQuery                   : Did not find named query User.findByEmail
[2024-10-08 16:55:15.348] DEBUG 19164 --- [  restartedMain] o.s.d.r.c.s.RepositoryFactorySupport     : Finished creation of repository instance for com.rfiot.ams.user.UserRepository.
[2024-10-08 16:55:15.361] DEBUG 19164 --- [  restartedMain] o.s.d.r.c.s.RepositoryFactorySupport     : Initializing repository instance for com.rfiot.ams.token.TokenRepository…
[2024-10-08 16:55:15.366] DEBUG 19164 --- [  restartedMain] o.s.d.j.r.q.NamedQuery                   : Did not find named query Token.findAllValidTokenByUser.count
[2024-10-08 16:55:15.368] DEBUG 19164 --- [  restartedMain] o.s.d.j.r.q.NamedQuery                   : Looking up named query Token.findByToken
[2024-10-08 16:55:15.369] DEBUG 19164 --- [  restartedMain] o.s.d.j.r.q.NamedQuery                   : Did not find named query Token.findByToken
[2024-10-08 16:55:15.372] DEBUG 19164 --- [  restartedMain] o.s.d.r.c.s.RepositoryFactorySupport     : Finished creation of repository instance for com.rfiot.ams.token.TokenRepository.
[2024-10-08 16:55:15.406]  INFO 19164 --- [  restartedMain] eAuthenticationProviderManagerConfigurer : Global AuthenticationManager configured with AuthenticationProvider bean with name authenticationProvider
[2024-10-08 16:55:15.406]  WARN 19164 --- [  restartedMain] r$InitializeUserDetailsManagerConfigurer : Global AuthenticationManager configured with an AuthenticationProvider bean. UserDetailsService beans will not be used for username/password login. Consider removing the AuthenticationProvider bean. Alternatively, consider using the UserDetailsService in a manually instantiated DaoAuthenticationProvider.
[2024-10-08 16:55:15.414] DEBUG 19164 --- [  restartedMain] o.s.d.r.c.s.RepositoryFactorySupport     : Initializing repository instance for com.rfiot.ams.book.BookRepository…
[2024-10-08 16:55:15.417] DEBUG 19164 --- [  restartedMain] o.s.d.r.c.s.RepositoryFactorySupport     : Finished creation of repository instance for com.rfiot.ams.book.BookRepository.
[2024-10-08 16:55:15.488] DEBUG 19164 --- [  restartedMain] s.w.s.m.m.a.RequestMappingHandlerMapping : 21 mappings in 'requestMappingHandlerMapping'
[2024-10-08 16:55:15.526] DEBUG 19164 --- [  restartedMain] o.s.w.s.h.SimpleUrlHandlerMapping        : Patterns [/webjars/**, /**, /swagger-ui*/*swagger-initializer.js, /swagger-ui*/**] in 'resourceHandlerMapping'
[2024-10-08 16:55:15.549] DEBUG 19164 --- [  restartedMain] o.s.s.w.DefaultSecurityFilterChain       : Will secure any request with filters: DisableEncodeUrlFilter, WebAsyncManagerIntegrationFilter, SecurityContextHolderFilter, HeaderWriterFilter, LogoutFilter, JwtAuthenticationFilter, RequestCacheAwareFilter, SecurityContextHolderAwareRequestFilter, AnonymousAuthenticationFilter, SessionManagementFilter, ExceptionTranslationFilter, AuthorizationFilter
[2024-10-08 16:55:15.598] DEBUG 19164 --- [  restartedMain] s.w.s.m.m.a.RequestMappingHandlerAdapter : ControllerAdvice beans: 0 @ModelAttribute, 0 @InitBinder, 1 RequestBodyAdvice, 1 ResponseBodyAdvice
[2024-10-08 16:55:15.604] DEBUG 19164 --- [  restartedMain] .m.m.a.ExceptionHandlerExceptionResolver : ControllerAdvice beans: 2 @ExceptionHandler, 1 ResponseBodyAdvice
[2024-10-08 16:55:15.660]  INFO 19164 --- [  restartedMain] o.s.b.d.a.OptionalLiveReloadServer       : LiveReload server is running on port 35729
[2024-10-08 16:55:15.666]  INFO 19164 --- [  restartedMain] o.a.c.h.Http11NioProtocol                : Starting ProtocolHandler ["http-nio-8080"]
[2024-10-08 16:55:15.668]  INFO 19164 --- [  restartedMain] o.s.b.w.e.t.TomcatWebServer              : Tomcat started on port 8080 (http) with context path '/'
[2024-10-08 16:55:15.671]  INFO 19164 --- [  restartedMain] c.r.a.AmsApplication                     : Started AmsApplication in 0.926 seconds (process running for 14.448)
[2024-10-08 16:55:15.742]  INFO 19164 --- [  restartedMain] p6spy                                    : [statement] | 0 ms | 
    select
        nextval('_user_seq')
[2024-10-08 16:55:15.744]  INFO 19164 --- [  restartedMain] p6spy                                    : [statement] | 0 ms | 
    insert       
    into
        _user
        (email, firstname, lastname, password, role, id)       
    values
        ('admin@mail.com', 'Admin', 'Admin', '$2a$10$vOHFWp.5oAbOzV.EqJEaBOU.2C2p17LqEF4zquOlG4Tw2VZjIxSXy', 'ADMIN', 902)
[2024-10-08 16:55:15.755]  INFO 19164 --- [  restartedMain] p6spy                                    : [commit] | 10 ms | 
[2024-10-08 16:55:15.757]  INFO 19164 --- [  restartedMain] p6spy                                    : [statement] | 0 ms | 
    select
        nextval('token_seq')
[2024-10-08 16:55:15.760]  INFO 19164 --- [  restartedMain] p6spy                                    : [statement] | 1 ms | 
    insert       
    into
        token
        (expired, revoked, token, token_type, user_id, id)       
    values
        (false, false, 'eyJhbGciOiJIUzI1NiJ9.eyJzdWIiOiJhZG1pbkBtYWlsLmNvbSIsImlhdCI6MTcyODM3NDExNSwiZXhwIjoxNzI4NDYwNTE1fQ.l_E5BVUseciZFwpXbtyMDmBXvIcijfA_MngEaZqlXPE', 'BEARER', 902, 902)
[2024-10-08 16:55:15.761]  INFO 19164 --- [  restartedMain] p6spy                                    : [commit] | 0 ms | 
[2024-10-08 16:55:15.834]  INFO 19164 --- [  restartedMain] p6spy                                    : [statement] | 0 ms | 
    insert       
    into
        _user
        (email, firstname, lastname, password, role, id)       
    values
        ('manager@mail.com', 'Admin', 'Admin', '$2a$10$HGCH3CB.sj9Fn5tuGYZ9QOROhC2OLi5HZkhJ70nF4ZVHi9RvCZ5B.', 'MANAGER', 903)
[2024-10-08 16:55:15.836]  INFO 19164 --- [  restartedMain] p6spy                                    : [commit] | 1 ms | 
[2024-10-08 16:55:15.838]  INFO 19164 --- [  restartedMain] p6spy                                    : [statement] | 0 ms | 
    insert       
    into
        token
        (expired, revoked, token, token_type, user_id, id)       
    values
        (false, false, 'eyJhbGciOiJIUzI1NiJ9.eyJzdWIiOiJtYW5hZ2VyQG1haWwuY29tIiwiaWF0IjoxNzI4Mzc0MTE1LCJleHAiOjE3Mjg0NjA1MTV9.rKiAlZIQ6v-jGHYc82Xygy1Ul62McHPXrWVVIgK3DC0', 'BEARER', 903, 903)
[2024-10-08 16:55:15.838]  INFO 19164 --- [  restartedMain] p6spy                                    : [commit] | 0 ms | 
[2024-10-08 16:55:15.840]  INFO 19164 --- [  restartedMain] .ConditionEvaluationDeltaLoggingListener : Condition evaluation unchanged
[2024-10-08 16:55:16.960]  INFO 19164 --- [nio-8080-exec-2] o.a.c.c.C.[.[.[/]                        : Initializing Spring DispatcherServlet 'dispatcherServlet'
[2024-10-08 16:55:16.960]  INFO 19164 --- [nio-8080-exec-2] o.s.w.s.DispatcherServlet                : Initializing Servlet 'dispatcherServlet'
[2024-10-08 16:55:16.960] DEBUG 19164 --- [nio-8080-exec-2] o.s.w.s.DispatcherServlet                : Detected StandardServletMultipartResolver
[2024-10-08 16:55:16.960] DEBUG 19164 --- [nio-8080-exec-2] o.s.w.s.DispatcherServlet                : Detected AcceptHeaderLocaleResolver
[2024-10-08 16:55:16.960] DEBUG 19164 --- [nio-8080-exec-2] o.s.w.s.DispatcherServlet                : Detected FixedThemeResolver
[2024-10-08 16:55:16.962] DEBUG 19164 --- [nio-8080-exec-2] o.s.w.s.DispatcherServlet                : Detected org.springframework.web.servlet.view.DefaultRequestToViewNameTranslator@57a6ec58
[2024-10-08 16:55:16.962] DEBUG 19164 --- [nio-8080-exec-2] o.s.w.s.DispatcherServlet                : Detected org.springframework.web.servlet.support.SessionFlashMapManager@5c825b24
[2024-10-08 16:55:16.964] DEBUG 19164 --- [nio-8080-exec-2] o.s.w.s.DispatcherServlet                : enableLoggingRequestDetails='false': request parameters and headers will be masked to prevent unsafe logging of potentially sensitive data
[2024-10-08 16:55:16.964]  INFO 19164 --- [nio-8080-exec-2] o.s.w.s.DispatcherServlet                : Completed initialization in 4 ms
[2024-10-08 16:55:16.965] DEBUG 19164 --- [nio-8080-exec-2] o.s.s.w.FilterChainProxy                 : Securing GET /swagger-ui/index.html
[2024-10-08 16:55:16.966] DEBUG 19164 --- [nio-8080-exec-2] o.s.s.w.a.AnonymousAuthenticationFilter  : Set SecurityContextHolder to anonymous SecurityContext
[2024-10-08 16:55:16.966] DEBUG 19164 --- [nio-8080-exec-2] o.s.s.w.s.SessionManagementFilter        : Request requested invalid session id 068031DFF4F3F997DB6FF0F412FB7E99
[2024-10-08 16:55:16.966] DEBUG 19164 --- [nio-8080-exec-2] o.s.s.w.FilterChainProxy                 : Secured GET /swagger-ui/index.html
[2024-10-08 16:55:16.966] DEBUG 19164 --- [nio-8080-exec-2] o.s.w.s.DispatcherServlet                : GET "/swagger-ui/index.html", parameters={}
[2024-10-08 16:55:16.966] DEBUG 19164 --- [nio-8080-exec-2] o.s.w.s.h.SimpleUrlHandlerMapping        : Mapped to ResourceHttpRequestHandler [classpath [META-INF/resources/webjars/]]
[2024-10-08 16:55:16.968] DEBUG 19164 --- [nio-8080-exec-2] o.s.w.s.DispatcherServlet                : Completed 200 OK
[2024-10-08 16:55:16.977] DEBUG 19164 --- [nio-8080-exec-1] o.s.s.w.FilterChainProxy                 : Securing GET /swagger-ui/swagger-initializer.js
[2024-10-08 16:55:16.977] DEBUG 19164 --- [nio-8080-exec-1] o.s.s.w.a.AnonymousAuthenticationFilter  : Set SecurityContextHolder to anonymous SecurityContext
[2024-10-08 16:55:16.977] DEBUG 19164 --- [nio-8080-exec-1] o.s.s.w.s.SessionManagementFilter        : Request requested invalid session id 068031DFF4F3F997DB6FF0F412FB7E99
[2024-10-08 16:55:16.977] DEBUG 19164 --- [nio-8080-exec-1] o.s.s.w.FilterChainProxy                 : Secured GET /swagger-ui/swagger-initializer.js
[2024-10-08 16:55:16.977] DEBUG 19164 --- [nio-8080-exec-1] o.s.w.s.DispatcherServlet                : GET "/swagger-ui/swagger-initializer.js", parameters={}
[2024-10-08 16:55:16.978] DEBUG 19164 --- [nio-8080-exec-1] o.s.w.s.h.SimpleUrlHandlerMapping        : Mapped to ResourceHttpRequestHandler [classpath [META-INF/resources/webjars/]]
[2024-10-08 16:55:16.980] DEBUG 19164 --- [nio-8080-exec-1] o.s.w.s.DispatcherServlet                : Completed 200 OK
[2024-10-08 16:55:17.001] DEBUG 19164 --- [nio-8080-exec-3] o.s.s.w.FilterChainProxy                 : Securing GET /v3/api-docs/swagger-config
[2024-10-08 16:55:17.001] DEBUG 19164 --- [nio-8080-exec-3] o.s.s.w.a.AnonymousAuthenticationFilter  : Set SecurityContextHolder to anonymous SecurityContext
[2024-10-08 16:55:17.002] DEBUG 19164 --- [nio-8080-exec-3] o.s.s.w.s.SessionManagementFilter        : Request requested invalid session id 068031DFF4F3F997DB6FF0F412FB7E99
[2024-10-08 16:55:17.002] DEBUG 19164 --- [nio-8080-exec-3] o.s.s.w.FilterChainProxy                 : Secured GET /v3/api-docs/swagger-config
[2024-10-08 16:55:17.002] DEBUG 19164 --- [nio-8080-exec-3] o.s.w.s.DispatcherServlet                : GET "/v3/api-docs/swagger-config", parameters={}
[2024-10-08 16:55:17.002] DEBUG 19164 --- [nio-8080-exec-3] s.w.s.m.m.a.RequestMappingHandlerMapping : Mapped to org.springdoc.webmvc.ui.SwaggerConfigResource#openapiJson(HttpServletRequest)
[2024-10-08 16:55:17.003] DEBUG 19164 --- [nio-8080-exec-3] m.m.a.RequestResponseBodyMethodProcessor : Using 'application/json', given [*/*] and supported [application/json]
[2024-10-08 16:55:17.003] DEBUG 19164 --- [nio-8080-exec-3] m.m.a.RequestResponseBodyMethodProcessor : Writing [{configUrl=/v3/api-docs/swagger-config, oauth2RedirectUrl=http://localhost:8080/swagger-ui/oauth2-re (truncated)...]
[2024-10-08 16:55:17.004] DEBUG 19164 --- [nio-8080-exec-3] o.s.w.s.DispatcherServlet                : Completed 200 OK
[2024-10-08 16:55:17.009] DEBUG 19164 --- [nio-8080-exec-5] o.s.s.w.FilterChainProxy                 : Securing GET /v3/api-docs
[2024-10-08 16:55:17.009] DEBUG 19164 --- [nio-8080-exec-5] o.s.s.w.a.AnonymousAuthenticationFilter  : Set SecurityContextHolder to anonymous SecurityContext
[2024-10-08 16:55:17.009] DEBUG 19164 --- [nio-8080-exec-5] o.s.s.w.s.SessionManagementFilter        : Request requested invalid session id 068031DFF4F3F997DB6FF0F412FB7E99
[2024-10-08 16:55:17.009] DEBUG 19164 --- [nio-8080-exec-5] o.s.s.w.FilterChainProxy                 : Secured GET /v3/api-docs
[2024-10-08 16:55:17.009] DEBUG 19164 --- [nio-8080-exec-5] o.s.w.s.DispatcherServlet                : GET "/v3/api-docs", parameters={}
[2024-10-08 16:55:17.009] DEBUG 19164 --- [nio-8080-exec-5] s.w.s.m.m.a.RequestMappingHandlerMapping : Mapped to org.springdoc.webmvc.api.OpenApiWebMvcResource#openapiJson(HttpServletRequest, String, Locale)
[2024-10-08 16:55:17.075]  INFO 19164 --- [nio-8080-exec-5] o.s.a.AbstractOpenApiResource            : Init duration for springdoc-openapi is: 64 ms
[2024-10-08 16:55:17.078] DEBUG 19164 --- [nio-8080-exec-5] m.m.a.RequestResponseBodyMethodProcessor : Using 'application/json', given [application/json, */*] and supported [application/json]
[2024-10-08 16:55:17.079] DEBUG 19164 --- [nio-8080-exec-5] m.m.a.RequestResponseBodyMethodProcessor : Writing [{123, 34, 111, 112, 101, 110, 97, 112, 105, 34, 58, 34, 51, 46, 48, 46, 49, 34, 44, 34, 105, 110, 10 (truncated)...]
[2024-10-08 16:55:17.079] DEBUG 19164 --- [nio-8080-exec-5] o.s.w.s.DispatcherServlet                : Completed 200 OK
[2024-10-08 16:55:18.700] DEBUG 19164 --- [nio-8080-exec-4] o.s.s.w.FilterChainProxy                 : Securing GET /swagger-ui/index.html
[2024-10-08 16:55:18.701] DEBUG 19164 --- [nio-8080-exec-4] o.s.s.w.a.AnonymousAuthenticationFilter  : Set SecurityContextHolder to anonymous SecurityContext
[2024-10-08 16:55:18.701] DEBUG 19164 --- [nio-8080-exec-4] o.s.s.w.s.SessionManagementFilter        : Request requested invalid session id 068031DFF4F3F997DB6FF0F412FB7E99
[2024-10-08 16:55:18.701] DEBUG 19164 --- [nio-8080-exec-4] o.s.s.w.FilterChainProxy                 : Secured GET /swagger-ui/index.html
[2024-10-08 16:55:18.701] DEBUG 19164 --- [nio-8080-exec-4] o.s.w.s.DispatcherServlet                : GET "/swagger-ui/index.html", parameters={}
[2024-10-08 16:55:18.702] DEBUG 19164 --- [nio-8080-exec-4] o.s.w.s.h.SimpleUrlHandlerMapping        : Mapped to ResourceHttpRequestHandler [classpath [META-INF/resources/webjars/]]
[2024-10-08 16:55:18.706] DEBUG 19164 --- [nio-8080-exec-4] o.s.w.s.DispatcherServlet                : Completed 200 OK
[2024-10-08 16:55:18.718] DEBUG 19164 --- [nio-8080-exec-7] o.s.s.w.FilterChainProxy                 : Securing GET /swagger-ui/swagger-initializer.js
[2024-10-08 16:55:18.719] DEBUG 19164 --- [nio-8080-exec-7] o.s.s.w.a.AnonymousAuthenticationFilter  : Set SecurityContextHolder to anonymous SecurityContext
[2024-10-08 16:55:18.719] DEBUG 19164 --- [nio-8080-exec-7] o.s.s.w.s.SessionManagementFilter        : Request requested invalid session id 068031DFF4F3F997DB6FF0F412FB7E99
[2024-10-08 16:55:18.719] DEBUG 19164 --- [nio-8080-exec-7] o.s.s.w.FilterChainProxy                 : Secured GET /swagger-ui/swagger-initializer.js
[2024-10-08 16:55:18.719] DEBUG 19164 --- [nio-8080-exec-7] o.s.w.s.DispatcherServlet                : GET "/swagger-ui/swagger-initializer.js", parameters={}
[2024-10-08 16:55:18.719] DEBUG 19164 --- [nio-8080-exec-7] o.s.w.s.h.SimpleUrlHandlerMapping        : Mapped to ResourceHttpRequestHandler [classpath [META-INF/resources/webjars/]]
[2024-10-08 16:55:18.721] DEBUG 19164 --- [nio-8080-exec-7] o.s.w.s.DispatcherServlet                : Completed 200 OK
[2024-10-08 16:55:18.742] DEBUG 19164 --- [nio-8080-exec-8] o.s.s.w.FilterChainProxy                 : Securing GET /v3/api-docs/swagger-config
[2024-10-08 16:55:18.742] DEBUG 19164 --- [nio-8080-exec-8] o.s.s.w.a.AnonymousAuthenticationFilter  : Set SecurityContextHolder to anonymous SecurityContext
[2024-10-08 16:55:18.742] DEBUG 19164 --- [nio-8080-exec-8] o.s.s.w.s.SessionManagementFilter        : Request requested invalid session id 068031DFF4F3F997DB6FF0F412FB7E99
[2024-10-08 16:55:18.742] DEBUG 19164 --- [nio-8080-exec-8] o.s.s.w.FilterChainProxy                 : Secured GET /v3/api-docs/swagger-config
[2024-10-08 16:55:18.742] DEBUG 19164 --- [nio-8080-exec-8] o.s.w.s.DispatcherServlet                : GET "/v3/api-docs/swagger-config", parameters={}
[2024-10-08 16:55:18.742] DEBUG 19164 --- [nio-8080-exec-8] s.w.s.m.m.a.RequestMappingHandlerMapping : Mapped to org.springdoc.webmvc.ui.SwaggerConfigResource#openapiJson(HttpServletRequest)
[2024-10-08 16:55:18.743] DEBUG 19164 --- [nio-8080-exec-8] m.m.a.RequestResponseBodyMethodProcessor : Using 'application/json', given [*/*] and supported [application/json]
[2024-10-08 16:55:18.743] DEBUG 19164 --- [nio-8080-exec-8] m.m.a.RequestResponseBodyMethodProcessor : Writing [{configUrl=/v3/api-docs/swagger-config, oauth2RedirectUrl=http://localhost:8080/swagger-ui/oauth2-re (truncated)...]
[2024-10-08 16:55:18.744] DEBUG 19164 --- [nio-8080-exec-8] o.s.w.s.DispatcherServlet                : Completed 200 OK
[2024-10-08 16:55:18.747] DEBUG 19164 --- [nio-8080-exec-9] o.s.s.w.FilterChainProxy                 : Securing GET /v3/api-docs
[2024-10-08 16:55:18.748] DEBUG 19164 --- [nio-8080-exec-9] o.s.s.w.a.AnonymousAuthenticationFilter  : Set SecurityContextHolder to anonymous SecurityContext
[2024-10-08 16:55:18.748] DEBUG 19164 --- [nio-8080-exec-9] o.s.s.w.s.SessionManagementFilter        : Request requested invalid session id 068031DFF4F3F997DB6FF0F412FB7E99
[2024-10-08 16:55:18.748] DEBUG 19164 --- [nio-8080-exec-9] o.s.s.w.FilterChainProxy                 : Secured GET /v3/api-docs
[2024-10-08 16:55:18.748] DEBUG 19164 --- [nio-8080-exec-9] o.s.w.s.DispatcherServlet                : GET "/v3/api-docs", parameters={}
[2024-10-08 16:55:18.748] DEBUG 19164 --- [nio-8080-exec-9] s.w.s.m.m.a.RequestMappingHandlerMapping : Mapped to org.springdoc.webmvc.api.OpenApiWebMvcResource#openapiJson(HttpServletRequest, String, Locale)
[2024-10-08 16:55:18.758] DEBUG 19164 --- [nio-8080-exec-9] m.m.a.RequestResponseBodyMethodProcessor : Using 'application/json', given [application/json, */*] and supported [application/json]
[2024-10-08 16:55:18.759] DEBUG 19164 --- [nio-8080-exec-9] m.m.a.RequestResponseBodyMethodProcessor : Writing [{123, 34, 111, 112, 101, 110, 97, 112, 105, 34, 58, 34, 51, 46, 48, 46, 49, 34, 44, 34, 105, 110, 10 (truncated)...]
[2024-10-08 16:55:18.760] DEBUG 19164 --- [nio-8080-exec-9] o.s.w.s.DispatcherServlet                : Completed 200 OK
[2024-10-08 16:55:19.345] DEBUG 19164 --- [nio-8080-exec-6] o.s.s.w.FilterChainProxy                 : Securing GET /swagger-ui/index.html
[2024-10-08 16:55:19.346] DEBUG 19164 --- [nio-8080-exec-6] o.s.s.w.a.AnonymousAuthenticationFilter  : Set SecurityContextHolder to anonymous SecurityContext
[2024-10-08 16:55:19.346] DEBUG 19164 --- [nio-8080-exec-6] o.s.s.w.s.SessionManagementFilter        : Request requested invalid session id 068031DFF4F3F997DB6FF0F412FB7E99
[2024-10-08 16:55:19.346] DEBUG 19164 --- [nio-8080-exec-6] o.s.s.w.FilterChainProxy                 : Secured GET /swagger-ui/index.html
[2024-10-08 16:55:19.346] DEBUG 19164 --- [nio-8080-exec-6] o.s.w.s.DispatcherServlet                : GET "/swagger-ui/index.html", parameters={}
[2024-10-08 16:55:19.348] DEBUG 19164 --- [nio-8080-exec-6] o.s.w.s.h.SimpleUrlHandlerMapping        : Mapped to ResourceHttpRequestHandler [classpath [META-INF/resources/webjars/]]
[2024-10-08 16:55:19.352] DEBUG 19164 --- [nio-8080-exec-6] o.s.w.s.DispatcherServlet                : Completed 200 OK
[2024-10-08 16:55:19.360] DEBUG 19164 --- [io-8080-exec-10] o.s.s.w.FilterChainProxy                 : Securing GET /swagger-ui/swagger-initializer.js
[2024-10-08 16:55:19.360] DEBUG 19164 --- [io-8080-exec-10] o.s.s.w.a.AnonymousAuthenticationFilter  : Set SecurityContextHolder to anonymous SecurityContext
[2024-10-08 16:55:19.360] DEBUG 19164 --- [io-8080-exec-10] o.s.s.w.s.SessionManagementFilter        : Request requested invalid session id 068031DFF4F3F997DB6FF0F412FB7E99
[2024-10-08 16:55:19.360] DEBUG 19164 --- [io-8080-exec-10] o.s.s.w.FilterChainProxy                 : Secured GET /swagger-ui/swagger-initializer.js
[2024-10-08 16:55:19.361] DEBUG 19164 --- [io-8080-exec-10] o.s.w.s.DispatcherServlet                : GET "/swagger-ui/swagger-initializer.js", parameters={}
[2024-10-08 16:55:19.362] DEBUG 19164 --- [io-8080-exec-10] o.s.w.s.h.SimpleUrlHandlerMapping        : Mapped to ResourceHttpRequestHandler [classpath [META-INF/resources/webjars/]]
[2024-10-08 16:55:19.364] DEBUG 19164 --- [io-8080-exec-10] o.s.w.s.DispatcherServlet                : Completed 200 OK
[2024-10-08 16:55:19.385] DEBUG 19164 --- [nio-8080-exec-2] o.s.s.w.FilterChainProxy                 : Securing GET /v3/api-docs/swagger-config
[2024-10-08 16:55:19.385] DEBUG 19164 --- [nio-8080-exec-2] o.s.s.w.a.AnonymousAuthenticationFilter  : Set SecurityContextHolder to anonymous SecurityContext
[2024-10-08 16:55:19.386] DEBUG 19164 --- [nio-8080-exec-2] o.s.s.w.s.SessionManagementFilter        : Request requested invalid session id 068031DFF4F3F997DB6FF0F412FB7E99
[2024-10-08 16:55:19.386] DEBUG 19164 --- [nio-8080-exec-2] o.s.s.w.FilterChainProxy                 : Secured GET /v3/api-docs/swagger-config
[2024-10-08 16:55:19.386] DEBUG 19164 --- [nio-8080-exec-2] o.s.w.s.DispatcherServlet                : GET "/v3/api-docs/swagger-config", parameters={}
[2024-10-08 16:55:19.386] DEBUG 19164 --- [nio-8080-exec-2] s.w.s.m.m.a.RequestMappingHandlerMapping : Mapped to org.springdoc.webmvc.ui.SwaggerConfigResource#openapiJson(HttpServletRequest)
[2024-10-08 16:55:19.386] DEBUG 19164 --- [nio-8080-exec-2] m.m.a.RequestResponseBodyMethodProcessor : Using 'application/json', given [*/*] and supported [application/json]
[2024-10-08 16:55:19.387] DEBUG 19164 --- [nio-8080-exec-2] m.m.a.RequestResponseBodyMethodProcessor : Writing [{configUrl=/v3/api-docs/swagger-config, oauth2RedirectUrl=http://localhost:8080/swagger-ui/oauth2-re (truncated)...]
[2024-10-08 16:55:19.387] DEBUG 19164 --- [nio-8080-exec-2] o.s.w.s.DispatcherServlet                : Completed 200 OK
[2024-10-08 16:55:19.390] DEBUG 19164 --- [nio-8080-exec-1] o.s.s.w.FilterChainProxy                 : Securing GET /v3/api-docs
[2024-10-08 16:55:19.391] DEBUG 19164 --- [nio-8080-exec-1] o.s.s.w.a.AnonymousAuthenticationFilter  : Set SecurityContextHolder to anonymous SecurityContext
[2024-10-08 16:55:19.391] DEBUG 19164 --- [nio-8080-exec-1] o.s.s.w.s.SessionManagementFilter        : Request requested invalid session id 068031DFF4F3F997DB6FF0F412FB7E99
[2024-10-08 16:55:19.391] DEBUG 19164 --- [nio-8080-exec-1] o.s.s.w.FilterChainProxy                 : Secured GET /v3/api-docs
[2024-10-08 16:55:19.391] DEBUG 19164 --- [nio-8080-exec-1] o.s.w.s.DispatcherServlet                : GET "/v3/api-docs", parameters={}
[2024-10-08 16:55:19.391] DEBUG 19164 --- [nio-8080-exec-1] s.w.s.m.m.a.RequestMappingHandlerMapping : Mapped to org.springdoc.webmvc.api.OpenApiWebMvcResource#openapiJson(HttpServletRequest, String, Locale)
[2024-10-08 16:55:19.395] DEBUG 19164 --- [nio-8080-exec-1] m.m.a.RequestResponseBodyMethodProcessor : Using 'application/json', given [application/json, */*] and supported [application/json]
[2024-10-08 16:55:19.395] DEBUG 19164 --- [nio-8080-exec-1] m.m.a.RequestResponseBodyMethodProcessor : Writing [{123, 34, 111, 112, 101, 110, 97, 112, 105, 34, 58, 34, 51, 46, 48, 46, 49, 34, 44, 34, 105, 110, 10 (truncated)...]
[2024-10-08 16:55:19.396] DEBUG 19164 --- [nio-8080-exec-1] o.s.w.s.DispatcherServlet                : Completed 200 OK
[2024-10-08 16:55:20.058] DEBUG 19164 --- [nio-8080-exec-3] o.s.s.w.FilterChainProxy                 : Securing GET /swagger-ui/index.html
[2024-10-08 16:55:20.059] DEBUG 19164 --- [nio-8080-exec-3] o.s.s.w.a.AnonymousAuthenticationFilter  : Set SecurityContextHolder to anonymous SecurityContext
[2024-10-08 16:55:20.059] DEBUG 19164 --- [nio-8080-exec-3] o.s.s.w.s.SessionManagementFilter        : Request requested invalid session id 068031DFF4F3F997DB6FF0F412FB7E99
[2024-10-08 16:55:20.059] DEBUG 19164 --- [nio-8080-exec-3] o.s.s.w.FilterChainProxy                 : Secured GET /swagger-ui/index.html
[2024-10-08 16:55:20.059] DEBUG 19164 --- [nio-8080-exec-3] o.s.w.s.DispatcherServlet                : GET "/swagger-ui/index.html", parameters={}
[2024-10-08 16:55:20.059] DEBUG 19164 --- [nio-8080-exec-3] o.s.w.s.h.SimpleUrlHandlerMapping        : Mapped to ResourceHttpRequestHandler [classpath [META-INF/resources/webjars/]]
[2024-10-08 16:55:20.063] DEBUG 19164 --- [nio-8080-exec-3] o.s.w.s.DispatcherServlet                : Completed 200 OK
[2024-10-08 16:55:20.070] DEBUG 19164 --- [nio-8080-exec-5] o.s.s.w.FilterChainProxy                 : Securing GET /swagger-ui/swagger-initializer.js
[2024-10-08 16:55:20.070] DEBUG 19164 --- [nio-8080-exec-5] o.s.s.w.a.AnonymousAuthenticationFilter  : Set SecurityContextHolder to anonymous SecurityContext
[2024-10-08 16:55:20.070] DEBUG 19164 --- [nio-8080-exec-5] o.s.s.w.s.SessionManagementFilter        : Request requested invalid session id 068031DFF4F3F997DB6FF0F412FB7E99
[2024-10-08 16:55:20.071] DEBUG 19164 --- [nio-8080-exec-5] o.s.s.w.FilterChainProxy                 : Secured GET /swagger-ui/swagger-initializer.js
[2024-10-08 16:55:20.071] DEBUG 19164 --- [nio-8080-exec-5] o.s.w.s.DispatcherServlet                : GET "/swagger-ui/swagger-initializer.js", parameters={}
[2024-10-08 16:55:20.071] DEBUG 19164 --- [nio-8080-exec-5] o.s.w.s.h.SimpleUrlHandlerMapping        : Mapped to ResourceHttpRequestHandler [classpath [META-INF/resources/webjars/]]
[2024-10-08 16:55:20.072] DEBUG 19164 --- [nio-8080-exec-5] o.s.w.s.DispatcherServlet                : Completed 200 OK
[2024-10-08 16:55:20.091] DEBUG 19164 --- [nio-8080-exec-4] o.s.s.w.FilterChainProxy                 : Securing GET /v3/api-docs/swagger-config
[2024-10-08 16:55:20.092] DEBUG 19164 --- [nio-8080-exec-4] o.s.s.w.a.AnonymousAuthenticationFilter  : Set SecurityContextHolder to anonymous SecurityContext
[2024-10-08 16:55:20.092] DEBUG 19164 --- [nio-8080-exec-4] o.s.s.w.s.SessionManagementFilter        : Request requested invalid session id 068031DFF4F3F997DB6FF0F412FB7E99
[2024-10-08 16:55:20.092] DEBUG 19164 --- [nio-8080-exec-4] o.s.s.w.FilterChainProxy                 : Secured GET /v3/api-docs/swagger-config
[2024-10-08 16:55:20.092] DEBUG 19164 --- [nio-8080-exec-4] o.s.w.s.DispatcherServlet                : GET "/v3/api-docs/swagger-config", parameters={}
[2024-10-08 16:55:20.092] DEBUG 19164 --- [nio-8080-exec-4] s.w.s.m.m.a.RequestMappingHandlerMapping : Mapped to org.springdoc.webmvc.ui.SwaggerConfigResource#openapiJson(HttpServletRequest)
[2024-10-08 16:55:20.093] DEBUG 19164 --- [nio-8080-exec-4] m.m.a.RequestResponseBodyMethodProcessor : Using 'application/json', given [*/*] and supported [application/json]
[2024-10-08 16:55:20.093] DEBUG 19164 --- [nio-8080-exec-4] m.m.a.RequestResponseBodyMethodProcessor : Writing [{configUrl=/v3/api-docs/swagger-config, oauth2RedirectUrl=http://localhost:8080/swagger-ui/oauth2-re (truncated)...]
[2024-10-08 16:55:20.094] DEBUG 19164 --- [nio-8080-exec-4] o.s.w.s.DispatcherServlet                : Completed 200 OK
[2024-10-08 16:55:20.097] DEBUG 19164 --- [nio-8080-exec-7] o.s.s.w.FilterChainProxy                 : Securing GET /v3/api-docs
[2024-10-08 16:55:20.097] DEBUG 19164 --- [nio-8080-exec-7] o.s.s.w.a.AnonymousAuthenticationFilter  : Set SecurityContextHolder to anonymous SecurityContext
[2024-10-08 16:55:20.097] DEBUG 19164 --- [nio-8080-exec-7] o.s.s.w.s.SessionManagementFilter        : Request requested invalid session id 068031DFF4F3F997DB6FF0F412FB7E99
[2024-10-08 16:55:20.098] DEBUG 19164 --- [nio-8080-exec-7] o.s.s.w.FilterChainProxy                 : Secured GET /v3/api-docs
[2024-10-08 16:55:20.098] DEBUG 19164 --- [nio-8080-exec-7] o.s.w.s.DispatcherServlet                : GET "/v3/api-docs", parameters={}
[2024-10-08 16:55:20.098] DEBUG 19164 --- [nio-8080-exec-7] s.w.s.m.m.a.RequestMappingHandlerMapping : Mapped to org.springdoc.webmvc.api.OpenApiWebMvcResource#openapiJson(HttpServletRequest, String, Locale)
[2024-10-08 16:55:20.099] DEBUG 19164 --- [nio-8080-exec-7] m.m.a.RequestResponseBodyMethodProcessor : Using 'application/json', given [application/json, */*] and supported [application/json]
[2024-10-08 16:55:20.100] DEBUG 19164 --- [nio-8080-exec-7] m.m.a.RequestResponseBodyMethodProcessor : Writing [{123, 34, 111, 112, 101, 110, 97, 112, 105, 34, 58, 34, 51, 46, 48, 46, 49, 34, 44, 34, 105, 110, 10 (truncated)...]
[2024-10-08 16:55:20.100] DEBUG 19164 --- [nio-8080-exec-7] o.s.w.s.DispatcherServlet                : Completed 200 OK
[2024-10-08 16:55:20.868] DEBUG 19164 --- [nio-8080-exec-8] o.s.s.w.FilterChainProxy                 : Securing GET /swagger-ui/index.html
[2024-10-08 16:55:20.868] DEBUG 19164 --- [nio-8080-exec-8] o.s.s.w.a.AnonymousAuthenticationFilter  : Set SecurityContextHolder to anonymous SecurityContext
[2024-10-08 16:55:20.868] DEBUG 19164 --- [nio-8080-exec-8] o.s.s.w.s.SessionManagementFilter        : Request requested invalid session id 068031DFF4F3F997DB6FF0F412FB7E99
[2024-10-08 16:55:20.869] DEBUG 19164 --- [nio-8080-exec-8] o.s.s.w.FilterChainProxy                 : Secured GET /swagger-ui/index.html
[2024-10-08 16:55:20.869] DEBUG 19164 --- [nio-8080-exec-8] o.s.w.s.DispatcherServlet                : GET "/swagger-ui/index.html", parameters={}
[2024-10-08 16:55:20.870] DEBUG 19164 --- [nio-8080-exec-8] o.s.w.s.h.SimpleUrlHandlerMapping        : Mapped to ResourceHttpRequestHandler [classpath [META-INF/resources/webjars/]]
[2024-10-08 16:55:20.873] DEBUG 19164 --- [nio-8080-exec-8] o.s.w.s.DispatcherServlet                : Completed 200 OK
[2024-10-08 16:55:20.880] DEBUG 19164 --- [nio-8080-exec-9] o.s.s.w.FilterChainProxy                 : Securing GET /swagger-ui/swagger-initializer.js
[2024-10-08 16:55:20.881] DEBUG 19164 --- [nio-8080-exec-9] o.s.s.w.a.AnonymousAuthenticationFilter  : Set SecurityContextHolder to anonymous SecurityContext
[2024-10-08 16:55:20.881] DEBUG 19164 --- [nio-8080-exec-9] o.s.s.w.s.SessionManagementFilter        : Request requested invalid session id 068031DFF4F3F997DB6FF0F412FB7E99
[2024-10-08 16:55:20.881] DEBUG 19164 --- [nio-8080-exec-9] o.s.s.w.FilterChainProxy                 : Secured GET /swagger-ui/swagger-initializer.js
[2024-10-08 16:55:20.881] DEBUG 19164 --- [nio-8080-exec-9] o.s.w.s.DispatcherServlet                : GET "/swagger-ui/swagger-initializer.js", parameters={}
[2024-10-08 16:55:20.882] DEBUG 19164 --- [nio-8080-exec-9] o.s.w.s.h.SimpleUrlHandlerMapping        : Mapped to ResourceHttpRequestHandler [classpath [META-INF/resources/webjars/]]
[2024-10-08 16:55:20.883] DEBUG 19164 --- [nio-8080-exec-9] o.s.w.s.DispatcherServlet                : Completed 200 OK
[2024-10-08 16:55:20.901] DEBUG 19164 --- [nio-8080-exec-6] o.s.s.w.FilterChainProxy                 : Securing GET /v3/api-docs/swagger-config
[2024-10-08 16:55:20.901] DEBUG 19164 --- [nio-8080-exec-6] o.s.s.w.a.AnonymousAuthenticationFilter  : Set SecurityContextHolder to anonymous SecurityContext
[2024-10-08 16:55:20.901] DEBUG 19164 --- [nio-8080-exec-6] o.s.s.w.s.SessionManagementFilter        : Request requested invalid session id 068031DFF4F3F997DB6FF0F412FB7E99
[2024-10-08 16:55:20.901] DEBUG 19164 --- [nio-8080-exec-6] o.s.s.w.FilterChainProxy                 : Secured GET /v3/api-docs/swagger-config
[2024-10-08 16:55:20.901] DEBUG 19164 --- [nio-8080-exec-6] o.s.w.s.DispatcherServlet                : GET "/v3/api-docs/swagger-config", parameters={}
[2024-10-08 16:55:20.901] DEBUG 19164 --- [nio-8080-exec-6] s.w.s.m.m.a.RequestMappingHandlerMapping : Mapped to org.springdoc.webmvc.ui.SwaggerConfigResource#openapiJson(HttpServletRequest)
[2024-10-08 16:55:20.901] DEBUG 19164 --- [nio-8080-exec-6] m.m.a.RequestResponseBodyMethodProcessor : Using 'application/json', given [*/*] and supported [application/json]
[2024-10-08 16:55:20.902] DEBUG 19164 --- [nio-8080-exec-6] m.m.a.RequestResponseBodyMethodProcessor : Writing [{configUrl=/v3/api-docs/swagger-config, oauth2RedirectUrl=http://localhost:8080/swagger-ui/oauth2-re (truncated)...]
[2024-10-08 16:55:20.902] DEBUG 19164 --- [nio-8080-exec-6] o.s.w.s.DispatcherServlet                : Completed 200 OK
[2024-10-08 16:55:20.906] DEBUG 19164 --- [io-8080-exec-10] o.s.s.w.FilterChainProxy                 : Securing GET /v3/api-docs
[2024-10-08 16:55:20.906] DEBUG 19164 --- [io-8080-exec-10] o.s.s.w.a.AnonymousAuthenticationFilter  : Set SecurityContextHolder to anonymous SecurityContext
[2024-10-08 16:55:20.906] DEBUG 19164 --- [io-8080-exec-10] o.s.s.w.s.SessionManagementFilter        : Request requested invalid session id 068031DFF4F3F997DB6FF0F412FB7E99
[2024-10-08 16:55:20.906] DEBUG 19164 --- [io-8080-exec-10] o.s.s.w.FilterChainProxy                 : Secured GET /v3/api-docs
[2024-10-08 16:55:20.906] DEBUG 19164 --- [io-8080-exec-10] o.s.w.s.DispatcherServlet                : GET "/v3/api-docs", parameters={}
[2024-10-08 16:55:20.907] DEBUG 19164 --- [io-8080-exec-10] s.w.s.m.m.a.RequestMappingHandlerMapping : Mapped to org.springdoc.webmvc.api.OpenApiWebMvcResource#openapiJson(HttpServletRequest, String, Locale)
[2024-10-08 16:55:20.908] DEBUG 19164 --- [io-8080-exec-10] m.m.a.RequestResponseBodyMethodProcessor : Using 'application/json', given [application/json, */*] and supported [application/json]
[2024-10-08 16:55:20.908] DEBUG 19164 --- [io-8080-exec-10] m.m.a.RequestResponseBodyMethodProcessor : Writing [{123, 34, 111, 112, 101, 110, 97, 112, 105, 34, 58, 34, 51, 46, 48, 46, 49, 34, 44, 34, 105, 110, 10 (truncated)...]
[2024-10-08 16:55:20.909] DEBUG 19164 --- [io-8080-exec-10] o.s.w.s.DispatcherServlet                : Completed 200 OK
