[2024-10-08 17:04:04.482]  INFO 3492 --- [kground-preinit] o.h.v.i.u.Version                        : HV000001: Hibernate Validator 8.0.1.Final
[2024-10-08 17:04:04.516]  INFO 3492 --- [           main] c.r.a.AmsApplicationTests                : Starting AmsApplicationTests using Java 17.0.2 with PID 3492 (started by minam in D:\Dev_Test\ams)
[2024-10-08 17:04:04.522]  INFO 3492 --- [           main] c.r.a.AmsApplicationTests                : The following 1 profile is active: "dev"
[2024-10-08 17:04:04.577] DEBUG 3492 --- [           main] o.s.w.c.s.GenericWebApplicationContext   : Refreshing org.springframework.web.context.support.GenericWebApplicationContext@2dddc1b9
[2024-10-08 17:04:05.979]  INFO 3492 --- [           main] .s.d.r.c.RepositoryConfigurationDelegate : Bootstrapping Spring Data JPA repositories in DEFAULT mode.
[2024-10-08 17:04:06.004] DEBUG 3492 --- [           main] .s.d.r.c.RepositoryConfigurationDelegate : Scanning for JPA repositories in packages com.rfiot.ams.
[2024-10-08 17:04:06.019] DEBUG 3492 --- [           main] o.s.d.r.c.RepositoryComponentProvider    : Identified candidate component class: file [D:\Dev_Test\ams\target\classes\com\rfiot\ams\book\BookRepository.class]
[2024-10-08 17:04:06.021] DEBUG 3492 --- [           main] o.s.d.r.c.RepositoryComponentProvider    : Identified candidate component class: file [D:\Dev_Test\ams\target\classes\com\rfiot\ams\token\TokenRepository.class]
[2024-10-08 17:04:06.022] DEBUG 3492 --- [           main] o.s.d.r.c.RepositoryComponentProvider    : Identified candidate component class: file [D:\Dev_Test\ams\target\classes\com\rfiot\ams\user\UserRepository.class]
[2024-10-08 17:04:06.069]  INFO 3492 --- [           main] .s.d.r.c.RepositoryConfigurationDelegate : Finished Spring Data repository scanning in 63 ms. Found 3 JPA repository interfaces.
[2024-10-08 17:04:07.473]  INFO 3492 --- [           main] o.h.j.i.u.LogHelper                      : HHH000204: Processing PersistenceUnitInfo [name: default]
[2024-10-08 17:04:07.625]  INFO 3492 --- [           main] o.h.Version                              : HHH000412: Hibernate ORM core version 6.5.3.Final
[2024-10-08 17:04:07.665]  INFO 3492 --- [           main] o.h.c.i.RegionFactoryInitiator           : HHH000026: Second-level cache disabled
[2024-10-08 17:04:07.998]  INFO 3492 --- [           main] o.s.o.j.p.SpringPersistenceUnitInfo      : No LoadTimeWeaver setup: ignoring JPA class transformer
[2024-10-08 17:04:08.036]  INFO 3492 --- [           main] c.z.h.HikariDataSource                   : HikariPool-1 - Starting...
[2024-10-08 17:04:08.223]  INFO 3492 --- [           main] c.z.h.p.HikariPool                       : HikariPool-1 - Added connection org.postgresql.jdbc.PgConnection@fe13916
[2024-10-08 17:04:08.226]  INFO 3492 --- [           main] c.z.h.HikariDataSource                   : HikariPool-1 - Start completed.
[2024-10-08 17:04:08.629]  INFO 3492 --- [           main] p6spy                                    : #1728374648628 | took 9ms | statement | connection 1| url jdbc:postgresql://localhost:5432/amsdb
select * from information_schema.sequences
select * from information_schema.sequences;
[2024-10-08 17:04:09.571]  INFO 3492 --- [           main] o.h.e.t.j.p.i.JtaPlatformInitiator       : HHH000489: No JTA platform available (set 'hibernate.transaction.jta.platform' to enable JTA platform integration)
[2024-10-08 17:04:09.589]  INFO 3492 --- [           main] p6spy                                    : #1728374649588 | took 1ms | statement | connection 2| url jdbc:postgresql://localhost:5432/amsdb
select * from information_schema.sequences
select * from information_schema.sequences;
[2024-10-08 17:04:09.639]  INFO 3492 --- [           main] p6spy                                    : #1728374649639 | took 1ms | statement | connection 2| url jdbc:postgresql://localhost:5432/amsdb
select * from "public"."_user" where 1=0
select * from "public"."_user" where 1=0;
[2024-10-08 17:04:09.645]  INFO 3492 --- [           main] j.LocalContainerEntityManagerFactoryBean : Initialized JPA EntityManagerFactory for persistence unit 'default'
[2024-10-08 17:04:09.752] DEBUG 3492 --- [           main] .c.JpaMetamodelMappingContextFactoryBean : Initializing JpaMetamodelMappingContext・
[2024-10-08 17:04:09.779] DEBUG 3492 --- [           main] .c.JpaMetamodelMappingContextFactoryBean : Finished initializing JpaMetamodelMappingContext
[2024-10-08 17:04:10.011] DEBUG 3492 --- [           main] o.s.d.r.c.s.RepositoryFactorySupport     : Initializing repository instance for com.rfiot.ams.user.UserRepository・
[2024-10-08 17:04:10.106] DEBUG 3492 --- [           main] o.s.d.j.r.q.NamedQuery                   : Looking up named query User.findByEmail
[2024-10-08 17:04:10.108] DEBUG 3492 --- [           main] o.s.d.j.r.q.NamedQuery                   : Did not find named query User.findByEmail
[2024-10-08 17:04:10.148] DEBUG 3492 --- [           main] o.s.d.r.c.s.RepositoryFactorySupport     : Finished creation of repository instance for com.rfiot.ams.user.UserRepository.
[2024-10-08 17:04:10.164] DEBUG 3492 --- [           main] o.s.d.r.c.s.RepositoryFactorySupport     : Initializing repository instance for com.rfiot.ams.token.TokenRepository・
[2024-10-08 17:04:10.188]  INFO 3492 --- [           main] o.s.d.j.r.q.QueryEnhancerFactory         : Hibernate is in classpath; If applicable, HQL parser will be used.
[2024-10-08 17:04:10.511] DEBUG 3492 --- [           main] o.s.d.j.r.q.NamedQuery                   : Did not find named query Token.findAllValidTokenByUser.count
[2024-10-08 17:04:10.976] DEBUG 3492 --- [           main] o.s.d.j.r.q.NamedQuery                   : Looking up named query Token.findByToken
[2024-10-08 17:04:10.977] DEBUG 3492 --- [           main] o.s.d.j.r.q.NamedQuery                   : Did not find named query Token.findByToken
[2024-10-08 17:04:10.982] DEBUG 3492 --- [           main] o.s.d.r.c.s.RepositoryFactorySupport     : Finished creation of repository instance for com.rfiot.ams.token.TokenRepository.
[2024-10-08 17:04:11.086]  INFO 3492 --- [           main] eAuthenticationProviderManagerConfigurer : Global AuthenticationManager configured with AuthenticationProvider bean with name authenticationProvider
[2024-10-08 17:04:11.088]  WARN 3492 --- [           main] r$InitializeUserDetailsManagerConfigurer : Global AuthenticationManager configured with an AuthenticationProvider bean. UserDetailsService beans will not be used for username/password login. Consider removing the AuthenticationProvider bean. Alternatively, consider using the UserDetailsService in a manually instantiated DaoAuthenticationProvider.
[2024-10-08 17:04:11.109] DEBUG 3492 --- [           main] o.s.d.r.c.s.RepositoryFactorySupport     : Initializing repository instance for com.rfiot.ams.book.BookRepository・
[2024-10-08 17:04:11.118] DEBUG 3492 --- [           main] o.s.d.r.c.s.RepositoryFactorySupport     : Finished creation of repository instance for com.rfiot.ams.book.BookRepository.
[2024-10-08 17:04:11.460]  WARN 3492 --- [           main] JpaBaseConfiguration$JpaWebConfiguration : spring.jpa.open-in-view is enabled by default. Therefore, database queries may be performed during view rendering. Explicitly configure spring.jpa.open-in-view to disable this warning
[2024-10-08 17:04:11.981] DEBUG 3492 --- [           main] s.w.s.m.m.a.RequestMappingHandlerMapping : 21 mappings in 'requestMappingHandlerMapping'
[2024-10-08 17:04:12.412] DEBUG 3492 --- [           main] o.s.w.s.h.SimpleUrlHandlerMapping        : Patterns [/webjars/**, /**, /swagger-ui*/*swagger-initializer.js, /swagger-ui*/**] in 'resourceHandlerMapping'
[2024-10-08 17:04:12.503] DEBUG 3492 --- [           main] o.s.s.w.DefaultSecurityFilterChain       : Will secure any request with filters: DisableEncodeUrlFilter, WebAsyncManagerIntegrationFilter, SecurityContextHolderFilter, HeaderWriterFilter, LogoutFilter, JwtAuthenticationFilter, RequestCacheAwareFilter, SecurityContextHolderAwareRequestFilter, AnonymousAuthenticationFilter, SessionManagementFilter, ExceptionTranslationFilter, AuthorizationFilter
[2024-10-08 17:04:12.907] DEBUG 3492 --- [           main] s.w.s.m.m.a.RequestMappingHandlerAdapter : ControllerAdvice beans: 0 @ModelAttribute, 0 @InitBinder, 1 RequestBodyAdvice, 1 ResponseBodyAdvice
[2024-10-08 17:04:12.968] DEBUG 3492 --- [           main] .m.m.a.ExceptionHandlerExceptionResolver : ControllerAdvice beans: 2 @ExceptionHandler, 1 ResponseBodyAdvice
[2024-10-08 17:04:13.327]  INFO 3492 --- [           main] c.r.a.AmsApplicationTests                : Started AmsApplicationTests in 9.169 seconds (process running for 10.458)
[2024-10-08 17:04:13.447]  INFO 3492 --- [           main] p6spy                                    : [statement] | 1 ms | 
    select
        nextval('_user_seq')
[2024-10-08 17:04:13.478]  INFO 3492 --- [           main] p6spy                                    : [statement] | 1 ms | 
    insert       
    into
        _user
        (email, firstname, lastname, password, role, id)       
    values
        ('admin@mail.com', 'Admin', 'Admin', '$2a$10$Be1YoTFzUOye7LzTOw95ZeR2wiq6fhjrf0uCTf/VKh5A.zMZ2.Tpq', 'ADMIN', 1352)
[2024-10-08 17:04:13.482]  INFO 3492 --- [           main] p6spy                                    : [commit] | 1 ms | 
[2024-10-08 17:04:13.567]  INFO 3492 --- [           main] p6spy                                    : [statement] | 0 ms | 
    select
        nextval('token_seq')
[2024-10-08 17:04:13.572]  INFO 3492 --- [           main] p6spy                                    : [statement] | 2 ms | 
    insert       
    into
        token
        (expired, revoked, token, token_type, user_id, id)       
    values
        (false, false, 'eyJhbGciOiJIUzI1NiJ9.eyJzdWIiOiJhZG1pbkBtYWlsLmNvbSIsImlhdCI6MTcyODM3NDY1MywiZXhwIjoxNzI4NDYxMDUzfQ.mmz6yFhBOFLb5kvwSs7pTpqurzUO8Ad0G6smWGoemOA', 'BEARER', 1352, 1352)
[2024-10-08 17:04:13.574]  INFO 3492 --- [           main] p6spy                                    : [commit] | 0 ms | 
[2024-10-08 17:04:13.653]  INFO 3492 --- [           main] p6spy                                    : [statement] | 0 ms | 
    insert       
    into
        _user
        (email, firstname, lastname, password, role, id)       
    values
        ('manager@mail.com', 'Admin', 'Admin', '$2a$10$CoZxq.PCprO6NDJmBmiqTuMeejEY.9RPSwdyJ/Es8lfyAddBAmkWi', 'MANAGER', 1353)
[2024-10-08 17:04:13.656]  INFO 3492 --- [           main] p6spy                                    : [commit] | 1 ms | 
[2024-10-08 17:04:13.659]  INFO 3492 --- [           main] p6spy                                    : [statement] | 0 ms | 
    insert       
    into
        token
        (expired, revoked, token, token_type, user_id, id)       
    values
        (false, false, 'eyJhbGciOiJIUzI1NiJ9.eyJzdWIiOiJtYW5hZ2VyQG1haWwuY29tIiwiaWF0IjoxNzI4Mzc0NjUzLCJleHAiOjE3Mjg0NjEwNTN9.tE503ox7JwYEys0YX3M42Yf3DGtCfob3pKQ7qADi2T0', 'BEARER', 1353, 1353)
[2024-10-08 17:04:13.660]  INFO 3492 --- [           main] p6spy                                    : [commit] | 0 ms | 
[2024-10-08 17:04:14.146] DEBUG 3492 --- [ionShutdownHook] o.s.w.c.s.GenericWebApplicationContext   : Closing org.springframework.web.context.support.GenericWebApplicationContext@2dddc1b9, started on Tue Oct 08 17:04:04 KST 2024
[2024-10-08 17:04:14.152]  INFO 3492 --- [ionShutdownHook] j.LocalContainerEntityManagerFactoryBean : Closing JPA EntityManagerFactory for persistence unit 'default'
[2024-10-08 17:04:14.155]  INFO 3492 --- [ionShutdownHook] c.z.h.HikariDataSource                   : HikariPool-1 - Shutdown initiated...
[2024-10-08 17:04:14.159]  INFO 3492 --- [ionShutdownHook] c.z.h.HikariDataSource                   : HikariPool-1 - Shutdown completed.
