[2024-10-08 16:39:00.577] DEBUG 16376 --- [nio-9090-exec-4] o.s.s.w.FilterChainProxy                 : Securing GET /
[2024-10-08 16:39:00.589] DEBUG 16376 --- [nio-9090-exec-4] o.s.s.w.a.AnonymousAuthenticationFilter  : Set SecurityContextHolder to anonymous SecurityContext
[2024-10-08 16:39:00.589] DEBUG 16376 --- [nio-9090-exec-4] o.s.s.w.a.Http403ForbiddenEntryPoint     : Pre-authenticated entry point called. Rejecting access
[2024-10-08 16:39:00.591] DEBUG 16376 --- [nio-9090-exec-4] o.s.s.w.FilterChainProxy                 : Securing GET /error
[2024-10-08 16:39:00.591] DEBUG 16376 --- [nio-9090-exec-4] o.s.s.w.a.AnonymousAuthenticationFilter  : Set SecurityContextHolder to anonymous SecurityContext
[2024-10-08 16:39:00.591] DEBUG 16376 --- [nio-9090-exec-4] o.s.s.w.a.Http403ForbiddenEntryPoint     : Pre-authenticated entry point called. Rejecting access
[2024-10-08 16:39:08.889] DEBUG 16376 --- [nio-9090-exec-3] o.s.s.w.FilterChainProxy                 : Securing GET /swagger-ui/index.html
[2024-10-08 16:39:08.889] DEBUG 16376 --- [nio-9090-exec-3] o.s.s.w.a.AnonymousAuthenticationFilter  : Set SecurityContextHolder to anonymous SecurityContext
[2024-10-08 16:39:08.889] DEBUG 16376 --- [nio-9090-exec-3] o.s.s.w.FilterChainProxy                 : Secured GET /swagger-ui/index.html
[2024-10-08 16:39:08.890] DEBUG 16376 --- [nio-9090-exec-3] o.s.w.s.DispatcherServlet                : GET "/swagger-ui/index.html", parameters={}
[2024-10-08 16:39:08.891] DEBUG 16376 --- [nio-9090-exec-3] o.s.w.s.h.SimpleUrlHandlerMapping        : Mapped to ResourceHttpRequestHandler [classpath [META-INF/resources/], classpath [resources/], classpath [static/], classpath [public/], ServletContext [/]]
[2024-10-08 16:39:08.894] DEBUG 16376 --- [nio-9090-exec-3] o.s.w.s.r.ResourceHttpRequestHandler     : Resource not found
[2024-10-08 16:39:08.894] DEBUG 16376 --- [nio-9090-exec-3] .m.m.a.ExceptionHandlerExceptionResolver : Using @ExceptionHandler com.rfiot.ams.common.exception.AppWideExceptionHandler#handleException(Exception)
[2024-10-08 16:39:08.895] DEBUG 16376 --- [nio-9090-exec-3] o.s.w.s.m.m.a.HttpEntityMethodProcessor  : Using 'application/json;q=0.8', given [text/html, application/xhtml+xml, image/avif, image/webp, image/apng, application/xml;q=0.9, */*;q=0.8, application/signed-exchange;v=b3;q=0.7] and supported [application/json, application/*+json]
[2024-10-08 16:39:08.895] DEBUG 16376 --- [nio-9090-exec-3] o.s.w.s.m.m.a.HttpEntityMethodProcessor  : Writing [ErrorResponse(code=500, message=Error, data=No static resource swagger-ui/index.html.)]
[2024-10-08 16:39:08.896]  WARN 16376 --- [nio-9090-exec-3] .m.m.a.ExceptionHandlerExceptionResolver : Resolved [org.springframework.web.servlet.resource.NoResourceFoundException: No static resource swagger-ui/index.html.]
[2024-10-08 16:39:08.897] DEBUG 16376 --- [nio-9090-exec-3] o.s.w.s.DispatcherServlet                : Completed 500 INTERNAL_SERVER_ERROR
[2024-10-08 16:39:08.926] DEBUG 16376 --- [nio-9090-exec-5] o.s.s.w.FilterChainProxy                 : Securing GET /favicon.ico
[2024-10-08 16:39:08.927] DEBUG 16376 --- [nio-9090-exec-5] o.s.s.w.a.AnonymousAuthenticationFilter  : Set SecurityContextHolder to anonymous SecurityContext
[2024-10-08 16:39:08.927] DEBUG 16376 --- [nio-9090-exec-5] o.s.s.w.a.Http403ForbiddenEntryPoint     : Pre-authenticated entry point called. Rejecting access
[2024-10-08 16:39:08.929] DEBUG 16376 --- [nio-9090-exec-5] o.s.s.w.FilterChainProxy                 : Securing GET /error
[2024-10-08 16:39:08.930] DEBUG 16376 --- [nio-9090-exec-5] o.s.s.w.a.AnonymousAuthenticationFilter  : Set SecurityContextHolder to anonymous SecurityContext
[2024-10-08 16:39:08.930] DEBUG 16376 --- [nio-9090-exec-5] o.s.s.w.a.Http403ForbiddenEntryPoint     : Pre-authenticated entry point called. Rejecting access
