[2024-10-08 16:51:03.830]  INFO 8144 --- [nio-8080-exec-1] o.a.c.c.C.[.[.[/]                        : Initializing Spring DispatcherServlet 'dispatcherServlet'
[2024-10-08 16:51:03.831]  INFO 8144 --- [nio-8080-exec-1] o.s.w.s.DispatcherServlet                : Initializing Servlet 'dispatcherServlet'
[2024-10-08 16:51:03.831] DEBUG 8144 --- [nio-8080-exec-1] o.s.w.s.DispatcherServlet                : Detected StandardServletMultipartResolver
[2024-10-08 16:51:03.831] DEBUG 8144 --- [nio-8080-exec-1] o.s.w.s.DispatcherServlet                : Detected AcceptHeaderLocaleResolver
[2024-10-08 16:51:03.831] DEBUG 8144 --- [nio-8080-exec-1] o.s.w.s.DispatcherServlet                : Detected FixedThemeResolver
[2024-10-08 16:51:03.832] DEBUG 8144 --- [nio-8080-exec-1] o.s.w.s.DispatcherServlet                : Detected org.springframework.web.servlet.view.DefaultRequestToViewNameTranslator@3fb60165
[2024-10-08 16:51:03.842] DEBUG 8144 --- [nio-8080-exec-1] o.s.w.s.DispatcherServlet                : Detected org.springframework.web.servlet.support.SessionFlashMapManager@3cd9b398
[2024-10-08 16:51:03.843] DEBUG 8144 --- [nio-8080-exec-1] o.s.w.s.DispatcherServlet                : enableLoggingRequestDetails='false': request parameters and headers will be masked to prevent unsafe logging of potentially sensitive data
[2024-10-08 16:51:03.843]  INFO 8144 --- [nio-8080-exec-1] o.s.w.s.DispatcherServlet                : Completed initialization in 12 ms
[2024-10-08 16:51:03.855] DEBUG 8144 --- [nio-8080-exec-1] o.s.s.w.FilterChainProxy                 : Securing GET /swagger-ui/index.html
[2024-10-08 16:51:03.861] DEBUG 8144 --- [nio-8080-exec-1] o.s.s.w.a.AnonymousAuthenticationFilter  : Set SecurityContextHolder to anonymous SecurityContext
[2024-10-08 16:51:03.861] DEBUG 8144 --- [nio-8080-exec-1] o.s.s.w.s.SessionManagementFilter        : Request requested invalid session id 068031DFF4F3F997DB6FF0F412FB7E99
[2024-10-08 16:51:03.863] DEBUG 8144 --- [nio-8080-exec-1] o.s.s.w.FilterChainProxy                 : Secured GET /swagger-ui/index.html
[2024-10-08 16:51:03.864] DEBUG 8144 --- [nio-8080-exec-1] o.s.w.s.DispatcherServlet                : GET "/swagger-ui/index.html", parameters={}
[2024-10-08 16:51:03.867] DEBUG 8144 --- [nio-8080-exec-1] o.s.w.s.h.SimpleUrlHandlerMapping        : Mapped to ResourceHttpRequestHandler [classpath [META-INF/resources/webjars/]]
[2024-10-08 16:51:03.892] DEBUG 8144 --- [nio-8080-exec-1] o.s.w.s.DispatcherServlet                : Completed 200 OK
[2024-10-08 16:51:03.901] DEBUG 8144 --- [nio-8080-exec-4] o.s.s.w.FilterChainProxy                 : Securing GET /swagger-ui/swagger-initializer.js
[2024-10-08 16:51:03.901] DEBUG 8144 --- [nio-8080-exec-4] o.s.s.w.a.AnonymousAuthenticationFilter  : Set SecurityContextHolder to anonymous SecurityContext
[2024-10-08 16:51:03.901] DEBUG 8144 --- [nio-8080-exec-4] o.s.s.w.s.SessionManagementFilter        : Request requested invalid session id 068031DFF4F3F997DB6FF0F412FB7E99
[2024-10-08 16:51:03.902] DEBUG 8144 --- [nio-8080-exec-4] o.s.s.w.FilterChainProxy                 : Secured GET /swagger-ui/swagger-initializer.js
[2024-10-08 16:51:03.902] DEBUG 8144 --- [nio-8080-exec-4] o.s.w.s.DispatcherServlet                : GET "/swagger-ui/swagger-initializer.js", parameters={}
[2024-10-08 16:51:03.902] DEBUG 8144 --- [nio-8080-exec-4] o.s.w.s.h.SimpleUrlHandlerMapping        : Mapped to ResourceHttpRequestHandler [classpath [META-INF/resources/webjars/]]
[2024-10-08 16:51:03.911] DEBUG 8144 --- [nio-8080-exec-4] o.s.w.s.DispatcherServlet                : Completed 200 OK
[2024-10-08 16:51:03.957] DEBUG 8144 --- [nio-8080-exec-2] o.s.s.w.FilterChainProxy                 : Securing GET /v3/api-docs/swagger-config
[2024-10-08 16:51:03.958] DEBUG 8144 --- [nio-8080-exec-2] o.s.s.w.a.AnonymousAuthenticationFilter  : Set SecurityContextHolder to anonymous SecurityContext
[2024-10-08 16:51:03.958] DEBUG 8144 --- [nio-8080-exec-2] o.s.s.w.s.SessionManagementFilter        : Request requested invalid session id 068031DFF4F3F997DB6FF0F412FB7E99
[2024-10-08 16:51:03.958] DEBUG 8144 --- [nio-8080-exec-2] o.s.s.w.FilterChainProxy                 : Secured GET /v3/api-docs/swagger-config
[2024-10-08 16:51:03.958] DEBUG 8144 --- [nio-8080-exec-2] o.s.w.s.DispatcherServlet                : GET "/v3/api-docs/swagger-config", parameters={}
[2024-10-08 16:51:03.958] DEBUG 8144 --- [nio-8080-exec-2] s.w.s.m.m.a.RequestMappingHandlerMapping : Mapped to org.springdoc.webmvc.ui.SwaggerConfigResource#openapiJson(HttpServletRequest)
[2024-10-08 16:51:03.970] DEBUG 8144 --- [nio-8080-exec-2] m.m.a.RequestResponseBodyMethodProcessor : Using 'application/json', given [*/*] and supported [application/json]
[2024-10-08 16:51:03.971] DEBUG 8144 --- [nio-8080-exec-2] m.m.a.RequestResponseBodyMethodProcessor : Writing [{configUrl=/v3/api-docs/swagger-config, oauth2RedirectUrl=http://localhost:8080/swagger-ui/oauth2-re (truncated)...]
[2024-10-08 16:51:03.975] DEBUG 8144 --- [nio-8080-exec-2] o.s.w.s.DispatcherServlet                : Completed 200 OK
[2024-10-08 16:51:03.985] DEBUG 8144 --- [io-8080-exec-10] o.s.s.w.FilterChainProxy                 : Securing GET /v3/api-docs
[2024-10-08 16:51:03.986] DEBUG 8144 --- [io-8080-exec-10] o.s.s.w.a.AnonymousAuthenticationFilter  : Set SecurityContextHolder to anonymous SecurityContext
[2024-10-08 16:51:03.986] DEBUG 8144 --- [io-8080-exec-10] o.s.s.w.s.SessionManagementFilter        : Request requested invalid session id 068031DFF4F3F997DB6FF0F412FB7E99
[2024-10-08 16:51:03.986] DEBUG 8144 --- [io-8080-exec-10] o.s.s.w.FilterChainProxy                 : Secured GET /v3/api-docs
[2024-10-08 16:51:03.986] DEBUG 8144 --- [io-8080-exec-10] o.s.w.s.DispatcherServlet                : GET "/v3/api-docs", parameters={}
[2024-10-08 16:51:03.987] DEBUG 8144 --- [io-8080-exec-10] s.w.s.m.m.a.RequestMappingHandlerMapping : Mapped to org.springdoc.webmvc.api.OpenApiWebMvcResource#openapiJson(HttpServletRequest, String, Locale)
[2024-10-08 16:51:04.211]  INFO 8144 --- [io-8080-exec-10] o.s.a.AbstractOpenApiResource            : Init duration for springdoc-openapi is: 214 ms
[2024-10-08 16:51:04.230] DEBUG 8144 --- [io-8080-exec-10] m.m.a.RequestResponseBodyMethodProcessor : Using 'application/json', given [application/json, */*] and supported [application/json]
[2024-10-08 16:51:04.231] DEBUG 8144 --- [io-8080-exec-10] m.m.a.RequestResponseBodyMethodProcessor : Writing [{123, 34, 111, 112, 101, 110, 97, 112, 105, 34, 58, 34, 51, 46, 48, 46, 49, 34, 44, 34, 105, 110, 10 (truncated)...]
[2024-10-08 16:51:04.232] DEBUG 8144 --- [io-8080-exec-10] o.s.w.s.DispatcherServlet                : Completed 200 OK
