[2024-10-08 16:57:03.193] DEBUG 4812 --- [nio-8080-exec-2] o.s.s.w.FilterChainProxy                 : Securing GET /swagger-ui/index.html
[2024-10-08 16:57:03.202] DEBUG 4812 --- [nio-8080-exec-2] o.s.s.w.a.AnonymousAuthenticationFilter  : Set SecurityContextHolder to anonymous SecurityContext
[2024-10-08 16:57:03.202] DEBUG 4812 --- [nio-8080-exec-2] o.s.s.w.s.SessionManagementFilter        : Request requested invalid session id 068031DFF4F3F997DB6FF0F412FB7E99
[2024-10-08 16:57:03.203] DEBUG 4812 --- [nio-8080-exec-2] o.s.s.w.FilterChainProxy                 : Secured GET /swagger-ui/index.html
[2024-10-08 16:57:03.203] DEBUG 4812 --- [nio-8080-exec-2] o.s.w.s.DispatcherServlet                : GET "/swagger-ui/index.html", parameters={}
[2024-10-08 16:57:03.213] DEBUG 4812 --- [nio-8080-exec-2] o.s.w.s.h.SimpleUrlHandlerMapping        : Mapped to ResourceHttpRequestHandler [classpath [META-INF/resources/webjars/]]
[2024-10-08 16:57:03.217] DEBUG 4812 --- [nio-8080-exec-2] o.s.w.s.DispatcherServlet                : Completed 200 OK
[2024-10-08 16:57:03.231] DEBUG 4812 --- [nio-8080-exec-4] o.s.s.w.FilterChainProxy                 : Securing GET /swagger-ui/swagger-initializer.js
[2024-10-08 16:57:03.231] DEBUG 4812 --- [nio-8080-exec-4] o.s.s.w.a.AnonymousAuthenticationFilter  : Set SecurityContextHolder to anonymous SecurityContext
[2024-10-08 16:57:03.231] DEBUG 4812 --- [nio-8080-exec-4] o.s.s.w.s.SessionManagementFilter        : Request requested invalid session id 068031DFF4F3F997DB6FF0F412FB7E99
[2024-10-08 16:57:03.231] DEBUG 4812 --- [nio-8080-exec-4] o.s.s.w.FilterChainProxy                 : Secured GET /swagger-ui/swagger-initializer.js
[2024-10-08 16:57:03.231] DEBUG 4812 --- [nio-8080-exec-4] o.s.w.s.DispatcherServlet                : GET "/swagger-ui/swagger-initializer.js", parameters={}
[2024-10-08 16:57:03.232] DEBUG 4812 --- [nio-8080-exec-4] o.s.w.s.h.SimpleUrlHandlerMapping        : Mapped to ResourceHttpRequestHandler [classpath [META-INF/resources/webjars/]]
[2024-10-08 16:57:03.235] DEBUG 4812 --- [nio-8080-exec-4] o.s.w.s.DispatcherServlet                : Completed 200 OK
[2024-10-08 16:57:03.258] DEBUG 4812 --- [nio-8080-exec-1] o.s.s.w.FilterChainProxy                 : Securing GET /v3/api-docs/swagger-config
[2024-10-08 16:57:03.258] DEBUG 4812 --- [nio-8080-exec-1] o.s.s.w.a.AnonymousAuthenticationFilter  : Set SecurityContextHolder to anonymous SecurityContext
[2024-10-08 16:57:03.258] DEBUG 4812 --- [nio-8080-exec-1] o.s.s.w.s.SessionManagementFilter        : Request requested invalid session id 068031DFF4F3F997DB6FF0F412FB7E99
[2024-10-08 16:57:03.259] DEBUG 4812 --- [nio-8080-exec-1] o.s.s.w.FilterChainProxy                 : Secured GET /v3/api-docs/swagger-config
[2024-10-08 16:57:03.259] DEBUG 4812 --- [nio-8080-exec-1] o.s.w.s.DispatcherServlet                : GET "/v3/api-docs/swagger-config", parameters={}
[2024-10-08 16:57:03.259] DEBUG 4812 --- [nio-8080-exec-1] s.w.s.m.m.a.RequestMappingHandlerMapping : Mapped to org.springdoc.webmvc.ui.SwaggerConfigResource#openapiJson(HttpServletRequest)
[2024-10-08 16:57:03.259] DEBUG 4812 --- [nio-8080-exec-1] m.m.a.RequestResponseBodyMethodProcessor : Using 'application/json', given [*/*] and supported [application/json]
[2024-10-08 16:57:03.260] DEBUG 4812 --- [nio-8080-exec-1] m.m.a.RequestResponseBodyMethodProcessor : Writing [{configUrl=/v3/api-docs/swagger-config, oauth2RedirectUrl=http://localhost:8080/swagger-ui/oauth2-re (truncated)...]
[2024-10-08 16:57:03.260] DEBUG 4812 --- [nio-8080-exec-1] o.s.w.s.DispatcherServlet                : Completed 200 OK
[2024-10-08 16:57:03.265] DEBUG 4812 --- [nio-8080-exec-3] o.s.s.w.FilterChainProxy                 : Securing GET /v3/api-docs
[2024-10-08 16:57:03.265] DEBUG 4812 --- [nio-8080-exec-3] o.s.s.w.a.AnonymousAuthenticationFilter  : Set SecurityContextHolder to anonymous SecurityContext
[2024-10-08 16:57:03.265] DEBUG 4812 --- [nio-8080-exec-3] o.s.s.w.s.SessionManagementFilter        : Request requested invalid session id 068031DFF4F3F997DB6FF0F412FB7E99
[2024-10-08 16:57:03.266] DEBUG 4812 --- [nio-8080-exec-3] o.s.s.w.FilterChainProxy                 : Secured GET /v3/api-docs
[2024-10-08 16:57:03.266] DEBUG 4812 --- [nio-8080-exec-3] o.s.w.s.DispatcherServlet                : GET "/v3/api-docs", parameters={}
[2024-10-08 16:57:03.266] DEBUG 4812 --- [nio-8080-exec-3] s.w.s.m.m.a.RequestMappingHandlerMapping : Mapped to org.springdoc.webmvc.api.OpenApiWebMvcResource#openapiJson(HttpServletRequest, String, Locale)
[2024-10-08 16:57:03.270] DEBUG 4812 --- [nio-8080-exec-3] m.m.a.RequestResponseBodyMethodProcessor : Using 'application/json', given [application/json, */*] and supported [application/json]
[2024-10-08 16:57:03.271] DEBUG 4812 --- [nio-8080-exec-3] m.m.a.RequestResponseBodyMethodProcessor : Writing [{123, 34, 111, 112, 101, 110, 97, 112, 105, 34, 58, 34, 51, 46, 48, 46, 49, 34, 44, 34, 105, 110, 10 (truncated)...]
[2024-10-08 16:57:03.271] DEBUG 4812 --- [nio-8080-exec-3] o.s.w.s.DispatcherServlet                : Completed 200 OK
