[2024-10-08 17:05:19.278]  INFO 6028 --- [kground-preinit] o.h.v.i.u.Version                        : HV000001: Hibernate Validator 8.0.1.Final
[2024-10-08 17:05:19.305]  INFO 6028 --- [  restartedMain] c.r.a.AmsApplication                     : Starting AmsApplication using Java 17.0.2 with PID 6028 (D:\Dev_Test\ams\target\classes started by minam in D:\Dev_Test\ams)
[2024-10-08 17:05:19.308]  INFO 6028 --- [  restartedMain] c.r.a.AmsApplication                     : The following 1 profile is active: "dev"
[2024-10-08 17:05:19.342]  INFO 6028 --- [  restartedMain] .e.DevToolsPropertyDefaultsPostProcessor : Devtools property defaults active! Set 'spring.devtools.add-properties' to 'false' to disable
[2024-10-08 17:05:19.343]  INFO 6028 --- [  restartedMain] .e.DevToolsPropertyDefaultsPostProcessor : For additional web related logging consider setting the 'logging.level.web' property to 'DEBUG'
[2024-10-08 17:05:19.978]  INFO 6028 --- [  restartedMain] .s.d.r.c.RepositoryConfigurationDelegate : Bootstrapping Spring Data JPA repositories in DEFAULT mode.
[2024-10-08 17:05:19.989] DEBUG 6028 --- [  restartedMain] .s.d.r.c.RepositoryConfigurationDelegate : Scanning for JPA repositories in packages com.rfiot.ams.
[2024-10-08 17:05:19.998] DEBUG 6028 --- [  restartedMain] o.s.d.r.c.RepositoryComponentProvider    : Identified candidate component class: file [D:\Dev_Test\ams\target\classes\com\rfiot\ams\book\BookRepository.class]
[2024-10-08 17:05:19.999] DEBUG 6028 --- [  restartedMain] o.s.d.r.c.RepositoryComponentProvider    : Identified candidate component class: file [D:\Dev_Test\ams\target\classes\com\rfiot\ams\token\TokenRepository.class]
[2024-10-08 17:05:20.000] DEBUG 6028 --- [  restartedMain] o.s.d.r.c.RepositoryComponentProvider    : Identified candidate component class: file [D:\Dev_Test\ams\target\classes\com\rfiot\ams\user\UserRepository.class]
[2024-10-08 17:05:20.027]  INFO 6028 --- [  restartedMain] .s.d.r.c.RepositoryConfigurationDelegate : Finished Spring Data repository scanning in 36 ms. Found 3 JPA repository interfaces.
[2024-10-08 17:05:20.537]  INFO 6028 --- [  restartedMain] o.s.b.w.e.t.TomcatWebServer              : Tomcat initialized with port 9090 (http)
[2024-10-08 17:05:20.546]  INFO 6028 --- [  restartedMain] o.a.c.h.Http11NioProtocol                : Initializing ProtocolHandler ["http-nio-9090"]
[2024-10-08 17:05:20.548]  INFO 6028 --- [  restartedMain] o.a.c.c.StandardService                  : Starting service [Tomcat]
[2024-10-08 17:05:20.548]  INFO 6028 --- [  restartedMain] o.a.c.c.StandardEngine                   : Starting Servlet engine: [Apache Tomcat/10.1.30]
[2024-10-08 17:05:20.585]  INFO 6028 --- [  restartedMain] o.a.c.c.C.[.[.[/]                        : Initializing Spring embedded WebApplicationContext
[2024-10-08 17:05:20.585]  INFO 6028 --- [  restartedMain] w.s.c.ServletWebServerApplicationContext : Root WebApplicationContext: initialization completed in 1242 ms
[2024-10-08 17:05:20.693]  INFO 6028 --- [  restartedMain] o.h.j.i.u.LogHelper                      : HHH000204: Processing PersistenceUnitInfo [name: default]
[2024-10-08 17:05:20.731]  INFO 6028 --- [  restartedMain] o.h.Version                              : HHH000412: Hibernate ORM core version 6.5.3.Final
[2024-10-08 17:05:20.758]  INFO 6028 --- [  restartedMain] o.h.c.i.RegionFactoryInitiator           : HHH000026: Second-level cache disabled
[2024-10-08 17:05:20.947]  INFO 6028 --- [  restartedMain] o.s.o.j.p.SpringPersistenceUnitInfo      : No LoadTimeWeaver setup: ignoring JPA class transformer
[2024-10-08 17:05:20.996]  INFO 6028 --- [  restartedMain] c.z.h.HikariDataSource                   : HikariPool-1 - Starting...
[2024-10-08 17:05:21.121]  INFO 6028 --- [  restartedMain] c.z.h.p.HikariPool                       : HikariPool-1 - Added connection org.postgresql.jdbc.PgConnection@16471e22
[2024-10-08 17:05:21.122]  INFO 6028 --- [  restartedMain] c.z.h.HikariDataSource                   : HikariPool-1 - Start completed.
[2024-10-08 17:05:21.334]  INFO 6028 --- [  restartedMain] p6spy                                    : #1728374721334 | took 7ms | statement | connection 1| url jdbc:postgresql://localhost:5432/amsdb
select * from information_schema.sequences
select * from information_schema.sequences;
[2024-10-08 17:05:21.867]  INFO 6028 --- [  restartedMain] o.h.e.t.j.p.i.JtaPlatformInitiator       : HHH000489: No JTA platform available (set 'hibernate.transaction.jta.platform' to enable JTA platform integration)
[2024-10-08 17:05:21.882]  INFO 6028 --- [  restartedMain] p6spy                                    : #1728374721882 | took 0ms | statement | connection 2| url jdbc:postgresql://localhost:5432/amsdb
select * from information_schema.sequences
select * from information_schema.sequences;
[2024-10-08 17:05:21.924]  INFO 6028 --- [  restartedMain] p6spy                                    : #1728374721923 | took 1ms | statement | connection 2| url jdbc:postgresql://localhost:5432/amsdb
select * from "public"."_user" where 1=0
select * from "public"."_user" where 1=0;
[2024-10-08 17:05:21.928]  INFO 6028 --- [  restartedMain] j.LocalContainerEntityManagerFactoryBean : Initialized JPA EntityManagerFactory for persistence unit 'default'
[2024-10-08 17:05:21.951] DEBUG 6028 --- [  restartedMain] .c.JpaMetamodelMappingContextFactoryBean : Initializing JpaMetamodelMappingContext…
[2024-10-08 17:05:21.960] DEBUG 6028 --- [  restartedMain] .c.JpaMetamodelMappingContextFactoryBean : Finished initializing JpaMetamodelMappingContext
[2024-10-08 17:05:22.029] DEBUG 6028 --- [  restartedMain] o.s.d.r.c.s.RepositoryFactorySupport     : Initializing repository instance for com.rfiot.ams.user.UserRepository…
[2024-10-08 17:05:22.063] DEBUG 6028 --- [  restartedMain] o.s.d.j.r.q.NamedQuery                   : Looking up named query User.findByEmail
[2024-10-08 17:05:22.065] DEBUG 6028 --- [  restartedMain] o.s.d.j.r.q.NamedQuery                   : Did not find named query User.findByEmail
[2024-10-08 17:05:22.106] DEBUG 6028 --- [  restartedMain] o.s.d.r.c.s.RepositoryFactorySupport     : Finished creation of repository instance for com.rfiot.ams.user.UserRepository.
[2024-10-08 17:05:22.121] DEBUG 6028 --- [  restartedMain] o.s.d.r.c.s.RepositoryFactorySupport     : Initializing repository instance for com.rfiot.ams.token.TokenRepository…
[2024-10-08 17:05:22.133]  INFO 6028 --- [  restartedMain] o.s.d.j.r.q.QueryEnhancerFactory         : Hibernate is in classpath; If applicable, HQL parser will be used.
[2024-10-08 17:05:22.253] DEBUG 6028 --- [  restartedMain] o.s.d.j.r.q.NamedQuery                   : Did not find named query Token.findAllValidTokenByUser.count
[2024-10-08 17:05:22.375] DEBUG 6028 --- [  restartedMain] o.s.d.j.r.q.NamedQuery                   : Looking up named query Token.findByToken
[2024-10-08 17:05:22.376] DEBUG 6028 --- [  restartedMain] o.s.d.j.r.q.NamedQuery                   : Did not find named query Token.findByToken
[2024-10-08 17:05:22.378] DEBUG 6028 --- [  restartedMain] o.s.d.r.c.s.RepositoryFactorySupport     : Finished creation of repository instance for com.rfiot.ams.token.TokenRepository.
[2024-10-08 17:05:22.457]  INFO 6028 --- [  restartedMain] eAuthenticationProviderManagerConfigurer : Global AuthenticationManager configured with AuthenticationProvider bean with name authenticationProvider
[2024-10-08 17:05:22.458]  WARN 6028 --- [  restartedMain] r$InitializeUserDetailsManagerConfigurer : Global AuthenticationManager configured with an AuthenticationProvider bean. UserDetailsService beans will not be used for username/password login. Consider removing the AuthenticationProvider bean. Alternatively, consider using the UserDetailsService in a manually instantiated DaoAuthenticationProvider.
[2024-10-08 17:05:22.469] DEBUG 6028 --- [  restartedMain] o.s.d.r.c.s.RepositoryFactorySupport     : Initializing repository instance for com.rfiot.ams.book.BookRepository…
[2024-10-08 17:05:22.474] DEBUG 6028 --- [  restartedMain] o.s.d.r.c.s.RepositoryFactorySupport     : Finished creation of repository instance for com.rfiot.ams.book.BookRepository.
[2024-10-08 17:05:22.568]  WARN 6028 --- [  restartedMain] JpaBaseConfiguration$JpaWebConfiguration : spring.jpa.open-in-view is enabled by default. Therefore, database queries may be performed during view rendering. Explicitly configure spring.jpa.open-in-view to disable this warning
[2024-10-08 17:05:22.695] DEBUG 6028 --- [  restartedMain] s.w.s.m.m.a.RequestMappingHandlerMapping : 21 mappings in 'requestMappingHandlerMapping'
[2024-10-08 17:05:22.766] DEBUG 6028 --- [  restartedMain] o.s.w.s.h.SimpleUrlHandlerMapping        : Patterns [/webjars/**, /**, /swagger-ui*/*swagger-initializer.js, /swagger-ui*/**] in 'resourceHandlerMapping'
[2024-10-08 17:05:22.802] DEBUG 6028 --- [  restartedMain] o.s.s.w.DefaultSecurityFilterChain       : Will secure any request with filters: DisableEncodeUrlFilter, WebAsyncManagerIntegrationFilter, SecurityContextHolderFilter, HeaderWriterFilter, LogoutFilter, JwtAuthenticationFilter, RequestCacheAwareFilter, SecurityContextHolderAwareRequestFilter, AnonymousAuthenticationFilter, SessionManagementFilter, ExceptionTranslationFilter, AuthorizationFilter
[2024-10-08 17:05:22.895] DEBUG 6028 --- [  restartedMain] s.w.s.m.m.a.RequestMappingHandlerAdapter : ControllerAdvice beans: 0 @ModelAttribute, 0 @InitBinder, 1 RequestBodyAdvice, 1 ResponseBodyAdvice
[2024-10-08 17:05:22.925] DEBUG 6028 --- [  restartedMain] .m.m.a.ExceptionHandlerExceptionResolver : ControllerAdvice beans: 2 @ExceptionHandler, 1 ResponseBodyAdvice
[2024-10-08 17:05:23.057]  INFO 6028 --- [  restartedMain] o.s.b.d.a.OptionalLiveReloadServer       : LiveReload server is running on port 35729
[2024-10-08 17:05:23.074]  INFO 6028 --- [  restartedMain] o.a.c.h.Http11NioProtocol                : Starting ProtocolHandler ["http-nio-9090"]
[2024-10-08 17:05:23.088]  INFO 6028 --- [  restartedMain] o.s.b.w.e.t.TomcatWebServer              : Tomcat started on port 9090 (http) with context path '/'
[2024-10-08 17:05:23.096]  INFO 6028 --- [  restartedMain] c.r.a.AmsApplication                     : Started AmsApplication in 4.094 seconds (process running for 4.767)
[2024-10-08 17:05:23.185]  INFO 6028 --- [  restartedMain] p6spy                                    : [statement] | 1 ms | 
    select
        nextval('_user_seq')
[2024-10-08 17:05:23.206]  INFO 6028 --- [  restartedMain] p6spy                                    : [statement] | 1 ms | 
    insert       
    into
        _user
        (email, firstname, lastname, password, role, id)       
    values
        ('admin@mail.com', 'Admin', 'Admin', '$2a$10$3Qw25/nbp6yIMk7jqmTAVORQAn6nDYgteqLMjTki4xcmCarfu4Oga', 'ADMIN', 1452)
[2024-10-08 17:05:23.218]  INFO 6028 --- [  restartedMain] p6spy                                    : [commit] | 11 ms | 
[2024-10-08 17:05:23.283]  INFO 6028 --- [  restartedMain] p6spy                                    : [statement] | 0 ms | 
    select
        nextval('token_seq')
[2024-10-08 17:05:23.286]  INFO 6028 --- [  restartedMain] p6spy                                    : [statement] | 1 ms | 
    insert       
    into
        token
        (expired, revoked, token, token_type, user_id, id)       
    values
        (false, false, 'eyJhbGciOiJIUzI1NiJ9.eyJzdWIiOiJhZG1pbkBtYWlsLmNvbSIsImlhdCI6MTcyODM3NDcyMywiZXhwIjoxNzI4NDYxMTIzfQ.1IjpmkUvwUAiMLOyoaW8ltWh4BLCXwUNFH9dc8X-9Tw', 'BEARER', 1452, 1452)
[2024-10-08 17:05:23.288]  INFO 6028 --- [  restartedMain] p6spy                                    : [commit] | 1 ms | 
[2024-10-08 17:05:23.360]  INFO 6028 --- [  restartedMain] p6spy                                    : [statement] | 0 ms | 
    insert       
    into
        _user
        (email, firstname, lastname, password, role, id)       
    values
        ('manager@mail.com', 'Admin', 'Admin', '$2a$10$NCbnzMQV//S2RnvkdYfSLe0YK/J7l6Ez3v4B3pFDJNJpBrbB3WMe2', 'MANAGER', 1453)
[2024-10-08 17:05:23.362]  INFO 6028 --- [  restartedMain] p6spy                                    : [commit] | 1 ms | 
[2024-10-08 17:05:23.365]  INFO 6028 --- [  restartedMain] p6spy                                    : [statement] | 0 ms | 
    insert       
    into
        token
        (expired, revoked, token, token_type, user_id, id)       
    values
        (false, false, 'eyJhbGciOiJIUzI1NiJ9.eyJzdWIiOiJtYW5hZ2VyQG1haWwuY29tIiwiaWF0IjoxNzI4Mzc0NzIzLCJleHAiOjE3Mjg0NjExMjN9.uS_pyp9aTfsjZAGItGiNikPD0F85Icn3kjRf7l39MzE', 'BEARER', 1453, 1453)
[2024-10-08 17:05:23.365]  INFO 6028 --- [  restartedMain] p6spy                                    : [commit] | 0 ms | 
[2024-10-08 17:05:46.703]  INFO 6028 --- [nio-9090-exec-1] o.a.c.c.C.[.[.[/]                        : Initializing Spring DispatcherServlet 'dispatcherServlet'
[2024-10-08 17:05:46.704]  INFO 6028 --- [nio-9090-exec-1] o.s.w.s.DispatcherServlet                : Initializing Servlet 'dispatcherServlet'
[2024-10-08 17:05:46.704] DEBUG 6028 --- [nio-9090-exec-1] o.s.w.s.DispatcherServlet                : Detected StandardServletMultipartResolver
[2024-10-08 17:05:46.705] DEBUG 6028 --- [nio-9090-exec-1] o.s.w.s.DispatcherServlet                : Detected AcceptHeaderLocaleResolver
[2024-10-08 17:05:46.705] DEBUG 6028 --- [nio-9090-exec-1] o.s.w.s.DispatcherServlet                : Detected FixedThemeResolver
[2024-10-08 17:05:46.707] DEBUG 6028 --- [nio-9090-exec-1] o.s.w.s.DispatcherServlet                : Detected org.springframework.web.servlet.view.DefaultRequestToViewNameTranslator@33854d8d
[2024-10-08 17:05:46.707] DEBUG 6028 --- [nio-9090-exec-1] o.s.w.s.DispatcherServlet                : Detected org.springframework.web.servlet.support.SessionFlashMapManager@506127a1
[2024-10-08 17:05:46.707] DEBUG 6028 --- [nio-9090-exec-1] o.s.w.s.DispatcherServlet                : enableLoggingRequestDetails='false': request parameters and headers will be masked to prevent unsafe logging of potentially sensitive data
[2024-10-08 17:05:46.708]  INFO 6028 --- [nio-9090-exec-1] o.s.w.s.DispatcherServlet                : Completed initialization in 4 ms
[2024-10-08 17:05:46.724] DEBUG 6028 --- [nio-9090-exec-1] o.s.s.w.FilterChainProxy                 : Securing GET /swagger-ui/index.html
[2024-10-08 17:05:46.729] DEBUG 6028 --- [nio-9090-exec-1] o.s.s.w.a.AnonymousAuthenticationFilter  : Set SecurityContextHolder to anonymous SecurityContext
[2024-10-08 17:05:46.730] DEBUG 6028 --- [nio-9090-exec-1] o.s.s.w.s.SessionManagementFilter        : Request requested invalid session id 068031DFF4F3F997DB6FF0F412FB7E99
[2024-10-08 17:05:46.733] DEBUG 6028 --- [nio-9090-exec-1] o.s.s.w.FilterChainProxy                 : Secured GET /swagger-ui/index.html
[2024-10-08 17:05:46.735] DEBUG 6028 --- [nio-9090-exec-1] o.s.w.s.DispatcherServlet                : GET "/swagger-ui/index.html", parameters={}
[2024-10-08 17:05:46.737] DEBUG 6028 --- [nio-9090-exec-1] o.s.w.s.h.SimpleUrlHandlerMapping        : Mapped to ResourceHttpRequestHandler [classpath [META-INF/resources/webjars/]]
[2024-10-08 17:05:46.766] DEBUG 6028 --- [nio-9090-exec-1] o.s.w.s.DispatcherServlet                : Completed 200 OK
[2024-10-08 17:05:46.780] DEBUG 6028 --- [nio-9090-exec-2] o.s.s.w.FilterChainProxy                 : Securing GET /swagger-ui/swagger-ui.css
[2024-10-08 17:05:46.781] DEBUG 6028 --- [nio-9090-exec-2] o.s.s.w.a.AnonymousAuthenticationFilter  : Set SecurityContextHolder to anonymous SecurityContext
[2024-10-08 17:05:46.781] DEBUG 6028 --- [nio-9090-exec-2] o.s.s.w.s.SessionManagementFilter        : Request requested invalid session id 068031DFF4F3F997DB6FF0F412FB7E99
[2024-10-08 17:05:46.782] DEBUG 6028 --- [nio-9090-exec-2] o.s.s.w.FilterChainProxy                 : Secured GET /swagger-ui/swagger-ui.css
[2024-10-08 17:05:46.783] DEBUG 6028 --- [nio-9090-exec-2] o.s.w.s.DispatcherServlet                : GET "/swagger-ui/swagger-ui.css", parameters={}
[2024-10-08 17:05:46.784] DEBUG 6028 --- [nio-9090-exec-2] o.s.w.s.h.SimpleUrlHandlerMapping        : Mapped to ResourceHttpRequestHandler [classpath [META-INF/resources/webjars/]]
[2024-10-08 17:05:46.785] DEBUG 6028 --- [nio-9090-exec-4] o.s.s.w.FilterChainProxy                 : Securing GET /swagger-ui/swagger-ui-standalone-preset.js
[2024-10-08 17:05:46.786] DEBUG 6028 --- [nio-9090-exec-4] o.s.s.w.a.AnonymousAuthenticationFilter  : Set SecurityContextHolder to anonymous SecurityContext
[2024-10-08 17:05:46.786] DEBUG 6028 --- [nio-9090-exec-3] o.s.s.w.FilterChainProxy                 : Securing GET /swagger-ui/index.css
[2024-10-08 17:05:46.786] DEBUG 6028 --- [nio-9090-exec-4] o.s.s.w.s.SessionManagementFilter        : Request requested invalid session id 068031DFF4F3F997DB6FF0F412FB7E99
[2024-10-08 17:05:46.786] DEBUG 6028 --- [nio-9090-exec-3] o.s.s.w.a.AnonymousAuthenticationFilter  : Set SecurityContextHolder to anonymous SecurityContext
[2024-10-08 17:05:46.786] DEBUG 6028 --- [nio-9090-exec-3] o.s.s.w.s.SessionManagementFilter        : Request requested invalid session id 068031DFF4F3F997DB6FF0F412FB7E99
[2024-10-08 17:05:46.786] DEBUG 6028 --- [nio-9090-exec-4] o.s.s.w.FilterChainProxy                 : Secured GET /swagger-ui/swagger-ui-standalone-preset.js
[2024-10-08 17:05:46.786] DEBUG 6028 --- [nio-9090-exec-7] o.s.s.w.FilterChainProxy                 : Securing GET /swagger-ui/swagger-initializer.js
[2024-10-08 17:05:46.786] DEBUG 6028 --- [nio-9090-exec-4] o.s.w.s.DispatcherServlet                : GET "/swagger-ui/swagger-ui-standalone-preset.js", parameters={}
[2024-10-08 17:05:46.786] DEBUG 6028 --- [nio-9090-exec-6] o.s.s.w.FilterChainProxy                 : Securing GET /swagger-ui/swagger-ui-bundle.js
[2024-10-08 17:05:46.787] DEBUG 6028 --- [nio-9090-exec-7] o.s.s.w.a.AnonymousAuthenticationFilter  : Set SecurityContextHolder to anonymous SecurityContext
[2024-10-08 17:05:46.787] DEBUG 6028 --- [nio-9090-exec-7] o.s.s.w.s.SessionManagementFilter        : Request requested invalid session id 068031DFF4F3F997DB6FF0F412FB7E99
[2024-10-08 17:05:46.787] DEBUG 6028 --- [nio-9090-exec-4] o.s.w.s.h.SimpleUrlHandlerMapping        : Mapped to ResourceHttpRequestHandler [classpath [META-INF/resources/webjars/]]
[2024-10-08 17:05:46.787] DEBUG 6028 --- [nio-9090-exec-7] o.s.s.w.FilterChainProxy                 : Secured GET /swagger-ui/swagger-initializer.js
[2024-10-08 17:05:46.787] DEBUG 6028 --- [nio-9090-exec-7] o.s.w.s.DispatcherServlet                : GET "/swagger-ui/swagger-initializer.js", parameters={}
[2024-10-08 17:05:46.787] DEBUG 6028 --- [nio-9090-exec-6] o.s.s.w.a.AnonymousAuthenticationFilter  : Set SecurityContextHolder to anonymous SecurityContext
[2024-10-08 17:05:46.787] DEBUG 6028 --- [nio-9090-exec-3] o.s.s.w.FilterChainProxy                 : Secured GET /swagger-ui/index.css
[2024-10-08 17:05:46.788] DEBUG 6028 --- [nio-9090-exec-6] o.s.s.w.s.SessionManagementFilter        : Request requested invalid session id 068031DFF4F3F997DB6FF0F412FB7E99
[2024-10-08 17:05:46.788] DEBUG 6028 --- [nio-9090-exec-7] o.s.w.s.h.SimpleUrlHandlerMapping        : Mapped to ResourceHttpRequestHandler [classpath [META-INF/resources/webjars/]]
[2024-10-08 17:05:46.788] DEBUG 6028 --- [nio-9090-exec-3] o.s.w.s.DispatcherServlet                : GET "/swagger-ui/index.css", parameters={}
[2024-10-08 17:05:46.789] DEBUG 6028 --- [nio-9090-exec-6] o.s.s.w.FilterChainProxy                 : Secured GET /swagger-ui/swagger-ui-bundle.js
[2024-10-08 17:05:46.789] DEBUG 6028 --- [nio-9090-exec-6] o.s.w.s.DispatcherServlet                : GET "/swagger-ui/swagger-ui-bundle.js", parameters={}
[2024-10-08 17:05:46.789] DEBUG 6028 --- [nio-9090-exec-3] o.s.w.s.h.SimpleUrlHandlerMapping        : Mapped to ResourceHttpRequestHandler [classpath [META-INF/resources/webjars/]]
[2024-10-08 17:05:46.789] DEBUG 6028 --- [nio-9090-exec-6] o.s.w.s.h.SimpleUrlHandlerMapping        : Mapped to ResourceHttpRequestHandler [classpath [META-INF/resources/webjars/]]
[2024-10-08 17:05:46.791] DEBUG 6028 --- [nio-9090-exec-2] o.s.w.s.DispatcherServlet                : Completed 200 OK
[2024-10-08 17:05:46.792] DEBUG 6028 --- [nio-9090-exec-3] o.s.w.s.DispatcherServlet                : Completed 200 OK
[2024-10-08 17:05:46.794] DEBUG 6028 --- [nio-9090-exec-4] o.s.w.s.DispatcherServlet                : Completed 200 OK
[2024-10-08 17:05:46.803] DEBUG 6028 --- [nio-9090-exec-7] o.s.w.s.DispatcherServlet                : Completed 200 OK
[2024-10-08 17:05:46.809] DEBUG 6028 --- [nio-9090-exec-6] o.s.w.s.DispatcherServlet                : Completed 200 OK
[2024-10-08 17:05:46.913] DEBUG 6028 --- [nio-9090-exec-8] o.s.s.w.FilterChainProxy                 : Securing GET /swagger-ui/favicon-32x32.png
[2024-10-08 17:05:46.913] DEBUG 6028 --- [nio-9090-exec-8] o.s.s.w.a.AnonymousAuthenticationFilter  : Set SecurityContextHolder to anonymous SecurityContext
[2024-10-08 17:05:46.913] DEBUG 6028 --- [nio-9090-exec-8] o.s.s.w.s.SessionManagementFilter        : Request requested invalid session id 068031DFF4F3F997DB6FF0F412FB7E99
[2024-10-08 17:05:46.914] DEBUG 6028 --- [nio-9090-exec-8] o.s.s.w.FilterChainProxy                 : Secured GET /swagger-ui/favicon-32x32.png
[2024-10-08 17:05:46.914] DEBUG 6028 --- [nio-9090-exec-8] o.s.w.s.DispatcherServlet                : GET "/swagger-ui/favicon-32x32.png", parameters={}
[2024-10-08 17:05:46.915] DEBUG 6028 --- [nio-9090-exec-8] o.s.w.s.h.SimpleUrlHandlerMapping        : Mapped to ResourceHttpRequestHandler [classpath [META-INF/resources/webjars/]]
[2024-10-08 17:05:46.916] DEBUG 6028 --- [nio-9090-exec-5] o.s.s.w.FilterChainProxy                 : Securing GET /v3/api-docs/swagger-config
[2024-10-08 17:05:46.916] DEBUG 6028 --- [nio-9090-exec-5] o.s.s.w.a.AnonymousAuthenticationFilter  : Set SecurityContextHolder to anonymous SecurityContext
[2024-10-08 17:05:46.916] DEBUG 6028 --- [nio-9090-exec-5] o.s.s.w.s.SessionManagementFilter        : Request requested invalid session id 068031DFF4F3F997DB6FF0F412FB7E99
[2024-10-08 17:05:46.917] DEBUG 6028 --- [nio-9090-exec-5] o.s.s.w.FilterChainProxy                 : Secured GET /v3/api-docs/swagger-config
[2024-10-08 17:05:46.917] DEBUG 6028 --- [nio-9090-exec-5] o.s.w.s.DispatcherServlet                : GET "/v3/api-docs/swagger-config", parameters={}
[2024-10-08 17:05:46.918] DEBUG 6028 --- [nio-9090-exec-5] s.w.s.m.m.a.RequestMappingHandlerMapping : Mapped to org.springdoc.webmvc.ui.SwaggerConfigResource#openapiJson(HttpServletRequest)
[2024-10-08 17:05:46.920] DEBUG 6028 --- [nio-9090-exec-8] o.s.w.s.DispatcherServlet                : Completed 200 OK
[2024-10-08 17:05:46.935] DEBUG 6028 --- [nio-9090-exec-5] m.m.a.RequestResponseBodyMethodProcessor : Using 'application/json', given [*/*] and supported [application/json]
[2024-10-08 17:05:46.936] DEBUG 6028 --- [nio-9090-exec-5] m.m.a.RequestResponseBodyMethodProcessor : Writing [{configUrl=/v3/api-docs/swagger-config, oauth2RedirectUrl=http://localhost:9090/swagger-ui/oauth2-re (truncated)...]
[2024-10-08 17:05:46.941] DEBUG 6028 --- [nio-9090-exec-5] o.s.w.s.DispatcherServlet                : Completed 200 OK
[2024-10-08 17:05:46.948] DEBUG 6028 --- [nio-9090-exec-9] o.s.s.w.FilterChainProxy                 : Securing GET /v3/api-docs
[2024-10-08 17:05:46.948] DEBUG 6028 --- [nio-9090-exec-9] o.s.s.w.a.AnonymousAuthenticationFilter  : Set SecurityContextHolder to anonymous SecurityContext
[2024-10-08 17:05:46.948] DEBUG 6028 --- [nio-9090-exec-9] o.s.s.w.s.SessionManagementFilter        : Request requested invalid session id 068031DFF4F3F997DB6FF0F412FB7E99
[2024-10-08 17:05:46.948] DEBUG 6028 --- [nio-9090-exec-9] o.s.s.w.FilterChainProxy                 : Secured GET /v3/api-docs
[2024-10-08 17:05:46.949] DEBUG 6028 --- [nio-9090-exec-9] o.s.w.s.DispatcherServlet                : GET "/v3/api-docs", parameters={}
[2024-10-08 17:05:46.949] DEBUG 6028 --- [nio-9090-exec-9] s.w.s.m.m.a.RequestMappingHandlerMapping : Mapped to org.springdoc.webmvc.api.OpenApiWebMvcResource#openapiJson(HttpServletRequest, String, Locale)
[2024-10-08 17:05:47.201]  INFO 6028 --- [nio-9090-exec-9] o.s.a.AbstractOpenApiResource            : Init duration for springdoc-openapi is: 240 ms
[2024-10-08 17:05:47.220] DEBUG 6028 --- [nio-9090-exec-9] m.m.a.RequestResponseBodyMethodProcessor : Using 'application/json', given [application/json, */*] and supported [application/json]
[2024-10-08 17:05:47.220] DEBUG 6028 --- [nio-9090-exec-9] m.m.a.RequestResponseBodyMethodProcessor : Writing [{123, 34, 111, 112, 101, 110, 97, 112, 105, 34, 58, 34, 51, 46, 48, 46, 49, 34, 44, 34, 105, 110, 10 (truncated)...]
[2024-10-08 17:05:47.222] DEBUG 6028 --- [nio-9090-exec-9] o.s.w.s.DispatcherServlet                : Completed 200 OK
