[2024-10-08 16:43:16.970]  INFO 20424 --- [ionShutdownHook] j.LocalContainerEntityManagerFactoryBean : Closing JPA EntityManagerFactory for persistence unit 'default'
[2024-10-08 16:43:16.974]  INFO 20424 --- [ionShutdownHook] c.z.h.HikariDataSource                   : HikariPool-1 - Shutdown initiated...
[2024-10-08 16:43:16.977]  INFO 20424 --- [ionShutdownHook] c.z.h.HikariDataSource                   : HikariPool-1 - Shutdown completed.
[2024-10-08 16:43:19.242]  INFO 17704 --- [kground-preinit] o.h.v.i.u.Version                        : HV000001: Hibernate Validator 8.0.1.Final
[2024-10-08 16:43:19.266]  INFO 17704 --- [  restartedMain] c.r.a.AmsApplication                     : Starting AmsApplication using Java 17.0.2 with PID 17704 (D:\Dev_Test\ams\target\classes started by minam in D:\Dev_Test\ams)
[2024-10-08 16:43:19.279]  INFO 17704 --- [  restartedMain] c.r.a.AmsApplication                     : The following 1 profile is active: "dev"
[2024-10-08 16:43:19.313]  INFO 17704 --- [  restartedMain] .e.DevToolsPropertyDefaultsPostProcessor : Devtools property defaults active! Set 'spring.devtools.add-properties' to 'false' to disable
[2024-10-08 16:43:19.313]  INFO 17704 --- [  restartedMain] .e.DevToolsPropertyDefaultsPostProcessor : For additional web related logging consider setting the 'logging.level.web' property to 'DEBUG'
[2024-10-08 16:43:19.952]  INFO 17704 --- [  restartedMain] .s.d.r.c.RepositoryConfigurationDelegate : Bootstrapping Spring Data JPA repositories in DEFAULT mode.
[2024-10-08 16:43:19.960] DEBUG 17704 --- [  restartedMain] .s.d.r.c.RepositoryConfigurationDelegate : Scanning for JPA repositories in packages com.rfiot.ams.
[2024-10-08 16:43:19.969] DEBUG 17704 --- [  restartedMain] o.s.d.r.c.RepositoryComponentProvider    : Identified candidate component class: file [D:\Dev_Test\ams\target\classes\com\rfiot\ams\book\BookRepository.class]
[2024-10-08 16:43:19.970] DEBUG 17704 --- [  restartedMain] o.s.d.r.c.RepositoryComponentProvider    : Identified candidate component class: file [D:\Dev_Test\ams\target\classes\com\rfiot\ams\token\TokenRepository.class]
[2024-10-08 16:43:19.970] DEBUG 17704 --- [  restartedMain] o.s.d.r.c.RepositoryComponentProvider    : Identified candidate component class: file [D:\Dev_Test\ams\target\classes\com\rfiot\ams\user\UserRepository.class]
[2024-10-08 16:43:20.001]  INFO 17704 --- [  restartedMain] .s.d.r.c.RepositoryConfigurationDelegate : Finished Spring Data repository scanning in 39 ms. Found 3 JPA repository interfaces.
[2024-10-08 16:43:20.515]  INFO 17704 --- [  restartedMain] o.s.b.w.e.t.TomcatWebServer              : Tomcat initialized with port 9090 (http)
[2024-10-08 16:43:20.524]  INFO 17704 --- [  restartedMain] o.a.c.h.Http11NioProtocol                : Initializing ProtocolHandler ["http-nio-9090"]
[2024-10-08 16:43:20.526]  INFO 17704 --- [  restartedMain] o.a.c.c.StandardService                  : Starting service [Tomcat]
[2024-10-08 16:43:20.527]  INFO 17704 --- [  restartedMain] o.a.c.c.StandardEngine                   : Starting Servlet engine: [Apache Tomcat/10.1.30]
[2024-10-08 16:43:20.576]  INFO 17704 --- [  restartedMain] o.a.c.c.C.[.[.[/]                        : Initializing Spring embedded WebApplicationContext
[2024-10-08 16:43:20.577]  INFO 17704 --- [  restartedMain] w.s.c.ServletWebServerApplicationContext : Root WebApplicationContext: initialization completed in 1263 ms
[2024-10-08 16:43:20.685]  INFO 17704 --- [  restartedMain] o.h.j.i.u.LogHelper                      : HHH000204: Processing PersistenceUnitInfo [name: default]
[2024-10-08 16:43:20.715]  INFO 17704 --- [  restartedMain] o.h.Version                              : HHH000412: Hibernate ORM core version 6.5.3.Final
[2024-10-08 16:43:20.737]  INFO 17704 --- [  restartedMain] o.h.c.i.RegionFactoryInitiator           : HHH000026: Second-level cache disabled
[2024-10-08 16:43:20.950]  INFO 17704 --- [  restartedMain] o.s.o.j.p.SpringPersistenceUnitInfo      : No LoadTimeWeaver setup: ignoring JPA class transformer
[2024-10-08 16:43:20.971]  INFO 17704 --- [  restartedMain] c.z.h.HikariDataSource                   : HikariPool-1 - Starting...
[2024-10-08 16:43:21.087]  INFO 17704 --- [  restartedMain] c.z.h.p.HikariPool                       : HikariPool-1 - Added connection org.postgresql.jdbc.PgConnection@53d9eb30
[2024-10-08 16:43:21.088]  INFO 17704 --- [  restartedMain] c.z.h.HikariDataSource                   : HikariPool-1 - Start completed.
[2024-10-08 16:43:21.321]  INFO 17704 --- [  restartedMain] p6spy                                    : #1728373401321 | took 6ms | statement | connection 1| url jdbc:postgresql://localhost:5432/amsdb
select * from information_schema.sequences
select * from information_schema.sequences;
[2024-10-08 16:43:21.918]  INFO 17704 --- [  restartedMain] o.h.e.t.j.p.i.JtaPlatformInitiator       : HHH000489: No JTA platform available (set 'hibernate.transaction.jta.platform' to enable JTA platform integration)
[2024-10-08 16:43:21.935]  INFO 17704 --- [  restartedMain] p6spy                                    : #1728373401935 | took 1ms | statement | connection 2| url jdbc:postgresql://localhost:5432/amsdb
select * from information_schema.sequences
select * from information_schema.sequences;
[2024-10-08 16:43:21.976]  INFO 17704 --- [  restartedMain] p6spy                                    : #1728373401976 | took 1ms | statement | connection 2| url jdbc:postgresql://localhost:5432/amsdb
select * from "public"."_user" where 1=0
select * from "public"."_user" where 1=0;
[2024-10-08 16:43:21.982]  INFO 17704 --- [  restartedMain] j.LocalContainerEntityManagerFactoryBean : Initialized JPA EntityManagerFactory for persistence unit 'default'
[2024-10-08 16:43:22.005] DEBUG 17704 --- [  restartedMain] .c.JpaMetamodelMappingContextFactoryBean : Initializing JpaMetamodelMappingContext…
[2024-10-08 16:43:22.012] DEBUG 17704 --- [  restartedMain] .c.JpaMetamodelMappingContextFactoryBean : Finished initializing JpaMetamodelMappingContext
[2024-10-08 16:43:22.086] DEBUG 17704 --- [  restartedMain] o.s.d.r.c.s.RepositoryFactorySupport     : Initializing repository instance for com.rfiot.ams.user.UserRepository…
[2024-10-08 16:43:22.116] DEBUG 17704 --- [  restartedMain] o.s.d.j.r.q.NamedQuery                   : Looking up named query User.findByEmail
[2024-10-08 16:43:22.118] DEBUG 17704 --- [  restartedMain] o.s.d.j.r.q.NamedQuery                   : Did not find named query User.findByEmail
[2024-10-08 16:43:22.162] DEBUG 17704 --- [  restartedMain] o.s.d.r.c.s.RepositoryFactorySupport     : Finished creation of repository instance for com.rfiot.ams.user.UserRepository.
[2024-10-08 16:43:22.176] DEBUG 17704 --- [  restartedMain] o.s.d.r.c.s.RepositoryFactorySupport     : Initializing repository instance for com.rfiot.ams.token.TokenRepository…
[2024-10-08 16:43:22.190]  INFO 17704 --- [  restartedMain] o.s.d.j.r.q.QueryEnhancerFactory         : Hibernate is in classpath; If applicable, HQL parser will be used.
[2024-10-08 16:43:22.297] DEBUG 17704 --- [  restartedMain] o.s.d.j.r.q.NamedQuery                   : Did not find named query Token.findAllValidTokenByUser.count
[2024-10-08 16:43:22.429] DEBUG 17704 --- [  restartedMain] o.s.d.j.r.q.NamedQuery                   : Looking up named query Token.findByToken
[2024-10-08 16:43:22.429] DEBUG 17704 --- [  restartedMain] o.s.d.j.r.q.NamedQuery                   : Did not find named query Token.findByToken
[2024-10-08 16:43:22.432] DEBUG 17704 --- [  restartedMain] o.s.d.r.c.s.RepositoryFactorySupport     : Finished creation of repository instance for com.rfiot.ams.token.TokenRepository.
[2024-10-08 16:43:22.517]  INFO 17704 --- [  restartedMain] eAuthenticationProviderManagerConfigurer : Global AuthenticationManager configured with AuthenticationProvider bean with name authenticationProvider
[2024-10-08 16:43:22.518]  WARN 17704 --- [  restartedMain] r$InitializeUserDetailsManagerConfigurer : Global AuthenticationManager configured with an AuthenticationProvider bean. UserDetailsService beans will not be used for username/password login. Consider removing the AuthenticationProvider bean. Alternatively, consider using the UserDetailsService in a manually instantiated DaoAuthenticationProvider.
[2024-10-08 16:43:22.532] DEBUG 17704 --- [  restartedMain] o.s.d.r.c.s.RepositoryFactorySupport     : Initializing repository instance for com.rfiot.ams.book.BookRepository…
[2024-10-08 16:43:22.536] DEBUG 17704 --- [  restartedMain] o.s.d.r.c.s.RepositoryFactorySupport     : Finished creation of repository instance for com.rfiot.ams.book.BookRepository.
[2024-10-08 16:43:22.583]  WARN 17704 --- [  restartedMain] JpaBaseConfiguration$JpaWebConfiguration : spring.jpa.open-in-view is enabled by default. Therefore, database queries may be performed during view rendering. Explicitly configure spring.jpa.open-in-view to disable this warning
[2024-10-08 16:43:22.713] DEBUG 17704 --- [  restartedMain] s.w.s.m.m.a.RequestMappingHandlerMapping : 19 mappings in 'requestMappingHandlerMapping'
[2024-10-08 16:43:22.793] DEBUG 17704 --- [  restartedMain] o.s.w.s.h.SimpleUrlHandlerMapping        : Patterns [/webjars/**, /**] in 'resourceHandlerMapping'
[2024-10-08 16:43:22.830] DEBUG 17704 --- [  restartedMain] o.s.s.w.DefaultSecurityFilterChain       : Will secure any request with filters: DisableEncodeUrlFilter, WebAsyncManagerIntegrationFilter, SecurityContextHolderFilter, HeaderWriterFilter, LogoutFilter, JwtAuthenticationFilter, RequestCacheAwareFilter, SecurityContextHolderAwareRequestFilter, AnonymousAuthenticationFilter, SessionManagementFilter, ExceptionTranslationFilter, AuthorizationFilter
[2024-10-08 16:43:22.922] DEBUG 17704 --- [  restartedMain] s.w.s.m.m.a.RequestMappingHandlerAdapter : ControllerAdvice beans: 0 @ModelAttribute, 0 @InitBinder, 1 RequestBodyAdvice, 1 ResponseBodyAdvice
[2024-10-08 16:43:22.953] DEBUG 17704 --- [  restartedMain] .m.m.a.ExceptionHandlerExceptionResolver : ControllerAdvice beans: 2 @ExceptionHandler, 1 ResponseBodyAdvice
[2024-10-08 16:43:23.109]  INFO 17704 --- [  restartedMain] o.s.b.d.a.OptionalLiveReloadServer       : LiveReload server is running on port 35729
[2024-10-08 16:43:23.124]  INFO 17704 --- [  restartedMain] o.a.c.h.Http11NioProtocol                : Starting ProtocolHandler ["http-nio-9090"]
[2024-10-08 16:43:23.145]  INFO 17704 --- [  restartedMain] o.s.b.w.e.t.TomcatWebServer              : Tomcat started on port 9090 (http) with context path '/'
[2024-10-08 16:43:23.154]  INFO 17704 --- [  restartedMain] c.r.a.AmsApplication                     : Started AmsApplication in 4.19 seconds (process running for 4.972)
[2024-10-08 16:43:23.237]  INFO 17704 --- [  restartedMain] p6spy                                    : [statement] | 1 ms | 
    select
        nextval('_user_seq')
[2024-10-08 16:43:23.256]  INFO 17704 --- [  restartedMain] p6spy                                    : [statement] | 1 ms | 
    insert       
    into
        _user
        (email, firstname, lastname, password, role, id)       
    values
        ('admin@mail.com', 'Admin', 'Admin', '$2a$10$fU7Gow66M5GboHzxlx25oePsXhO6tuS7CQ7aQ6uwRdIvfE7voir8u', 'ADMIN', 302)
[2024-10-08 16:43:23.268]  INFO 17704 --- [  restartedMain] p6spy                                    : [commit] | 10 ms | 
[2024-10-08 16:43:23.336]  INFO 17704 --- [  restartedMain] p6spy                                    : [statement] | 0 ms | 
    select
        nextval('token_seq')
[2024-10-08 16:43:23.339]  INFO 17704 --- [  restartedMain] p6spy                                    : [statement] | 1 ms | 
    insert       
    into
        token
        (expired, revoked, token, token_type, user_id, id)       
    values
        (false, false, 'eyJhbGciOiJIUzI1NiJ9.eyJzdWIiOiJhZG1pbkBtYWlsLmNvbSIsImlhdCI6MTcyODM3MzQwMywiZXhwIjoxNzI4NDU5ODAzfQ.9nefC5Fjp40hm_dp21f5wnUy9iBiez9p_-irTitIsTk', 'BEARER', 302, 302)
[2024-10-08 16:43:23.341]  INFO 17704 --- [  restartedMain] p6spy                                    : [commit] | 1 ms | 
[2024-10-08 16:43:23.414]  INFO 17704 --- [  restartedMain] p6spy                                    : [statement] | 0 ms | 
    insert       
    into
        _user
        (email, firstname, lastname, password, role, id)       
    values
        ('manager@mail.com', 'Admin', 'Admin', '$2a$10$NoFvfa0vq.UiBkSQzRcnn.Gfx7oZLEbmCx3Pfod2/byjGw5rGe33O', 'MANAGER', 303)
[2024-10-08 16:43:23.416]  INFO 17704 --- [  restartedMain] p6spy                                    : [commit] | 1 ms | 
[2024-10-08 16:43:23.421]  INFO 17704 --- [  restartedMain] p6spy                                    : [statement] | 0 ms | 
    insert       
    into
        token
        (expired, revoked, token, token_type, user_id, id)       
    values
        (false, false, 'eyJhbGciOiJIUzI1NiJ9.eyJzdWIiOiJtYW5hZ2VyQG1haWwuY29tIiwiaWF0IjoxNzI4MzczNDAzLCJleHAiOjE3Mjg0NTk4MDN9.lyr1cjt_91_32IGrtBr8iarNdUeTbZM7ShNVPz75nFY', 'BEARER', 303, 303)
[2024-10-08 16:43:23.422]  INFO 17704 --- [  restartedMain] p6spy                                    : [commit] | 0 ms | 
[2024-10-08 16:43:30.552]  INFO 17704 --- [nio-9090-exec-1] o.a.c.c.C.[.[.[/]                        : Initializing Spring DispatcherServlet 'dispatcherServlet'
[2024-10-08 16:43:30.553]  INFO 17704 --- [nio-9090-exec-1] o.s.w.s.DispatcherServlet                : Initializing Servlet 'dispatcherServlet'
[2024-10-08 16:43:30.553] DEBUG 17704 --- [nio-9090-exec-1] o.s.w.s.DispatcherServlet                : Detected StandardServletMultipartResolver
[2024-10-08 16:43:30.553] DEBUG 17704 --- [nio-9090-exec-1] o.s.w.s.DispatcherServlet                : Detected AcceptHeaderLocaleResolver
[2024-10-08 16:43:30.553] DEBUG 17704 --- [nio-9090-exec-1] o.s.w.s.DispatcherServlet                : Detected FixedThemeResolver
[2024-10-08 16:43:30.554] DEBUG 17704 --- [nio-9090-exec-1] o.s.w.s.DispatcherServlet                : Detected org.springframework.web.servlet.view.DefaultRequestToViewNameTranslator@da760c
[2024-10-08 16:43:30.555] DEBUG 17704 --- [nio-9090-exec-1] o.s.w.s.DispatcherServlet                : Detected org.springframework.web.servlet.support.SessionFlashMapManager@292950c5
[2024-10-08 16:43:30.555] DEBUG 17704 --- [nio-9090-exec-1] o.s.w.s.DispatcherServlet                : enableLoggingRequestDetails='false': request parameters and headers will be masked to prevent unsafe logging of potentially sensitive data
[2024-10-08 16:43:30.555]  INFO 17704 --- [nio-9090-exec-1] o.s.w.s.DispatcherServlet                : Completed initialization in 2 ms
[2024-10-08 16:43:30.566] DEBUG 17704 --- [nio-9090-exec-1] o.s.s.w.FilterChainProxy                 : Securing GET /swagger-ui/index.html
[2024-10-08 16:43:30.576] DEBUG 17704 --- [nio-9090-exec-1] o.s.s.w.a.AnonymousAuthenticationFilter  : Set SecurityContextHolder to anonymous SecurityContext
[2024-10-08 16:43:30.578] DEBUG 17704 --- [nio-9090-exec-1] o.s.s.w.FilterChainProxy                 : Secured GET /swagger-ui/index.html
[2024-10-08 16:43:30.581] DEBUG 17704 --- [nio-9090-exec-1] o.s.w.s.DispatcherServlet                : GET "/swagger-ui/index.html", parameters={}
[2024-10-08 16:43:30.585] DEBUG 17704 --- [nio-9090-exec-1] o.s.w.s.h.SimpleUrlHandlerMapping        : Mapped to ResourceHttpRequestHandler [classpath [META-INF/resources/], classpath [resources/], classpath [static/], classpath [public/], ServletContext [/]]
[2024-10-08 16:43:30.597] DEBUG 17704 --- [nio-9090-exec-1] o.s.w.s.r.ResourceHttpRequestHandler     : Resource not found
[2024-10-08 16:43:30.602] DEBUG 17704 --- [nio-9090-exec-1] .m.m.a.ExceptionHandlerExceptionResolver : Using @ExceptionHandler com.rfiot.ams.common.exception.AppWideExceptionHandler#handleException(Exception)
[2024-10-08 16:43:30.621] DEBUG 17704 --- [nio-9090-exec-1] o.s.w.s.m.m.a.HttpEntityMethodProcessor  : Using 'application/json;q=0.8', given [text/html, application/xhtml+xml, image/avif, image/webp, image/apng, application/xml;q=0.9, */*;q=0.8, application/signed-exchange;v=b3;q=0.7] and supported [application/json, application/*+json]
[2024-10-08 16:43:30.623] DEBUG 17704 --- [nio-9090-exec-1] o.s.w.s.m.m.a.HttpEntityMethodProcessor  : Writing [ErrorResponse(code=500, message=Error, data=No static resource swagger-ui/index.html.)]
[2024-10-08 16:43:30.628]  WARN 17704 --- [nio-9090-exec-1] .m.m.a.ExceptionHandlerExceptionResolver : Resolved [org.springframework.web.servlet.resource.NoResourceFoundException: No static resource swagger-ui/index.html.]
[2024-10-08 16:43:30.629] DEBUG 17704 --- [nio-9090-exec-1] o.s.w.s.DispatcherServlet                : Completed 500 INTERNAL_SERVER_ERROR
[2024-10-08 16:43:30.670] DEBUG 17704 --- [nio-9090-exec-2] o.s.s.w.FilterChainProxy                 : Securing GET /favicon.ico
[2024-10-08 16:43:30.671] DEBUG 17704 --- [nio-9090-exec-2] o.s.s.w.a.AnonymousAuthenticationFilter  : Set SecurityContextHolder to anonymous SecurityContext
[2024-10-08 16:43:30.672] DEBUG 17704 --- [nio-9090-exec-2] o.s.s.w.a.Http403ForbiddenEntryPoint     : Pre-authenticated entry point called. Rejecting access
[2024-10-08 16:43:30.679] DEBUG 17704 --- [nio-9090-exec-2] o.s.s.w.FilterChainProxy                 : Securing GET /error
[2024-10-08 16:43:30.680] DEBUG 17704 --- [nio-9090-exec-2] o.s.s.w.a.AnonymousAuthenticationFilter  : Set SecurityContextHolder to anonymous SecurityContext
[2024-10-08 16:43:30.681] DEBUG 17704 --- [nio-9090-exec-2] o.s.s.w.a.Http403ForbiddenEntryPoint     : Pre-authenticated entry point called. Rejecting access
