[2024-10-08 16:41:18.843]  INFO 16376 --- [   File Watcher] rtingClassPathChangeChangedEventListener : Restarting due to 1 class path change (0 additions, 1 deletion, 0 modifications)
[2024-10-08 16:41:18.845]  INFO 16376 --- [       Thread-7] o.a.c.h.Http11NioProtocol                : Stopping ProtocolHandler ["http-nio-9090"]
[2024-10-08 16:41:18.965]  INFO 16376 --- [       Thread-7] j.LocalContainerEntityManagerFactoryBean : Closing JPA EntityManagerFactory for persistence unit 'default'
[2024-10-08 16:41:18.965]  INFO 16376 --- [       Thread-7] c.z.h.HikariDataSource                   : HikariPool-3 - Shutdown initiated...
[2024-10-08 16:41:18.966]  INFO 16376 --- [       Thread-7] c.z.h.HikariDataSource                   : HikariPool-3 - Shutdown completed.
[2024-10-08 16:41:19.059]  INFO 16376 --- [  restartedMain] c.r.a.AmsApplication                     : Starting AmsApplication using Java 17.0.2 with PID 16376 (D:\Dev_Test\ams\target\classes started by minam in D:\Dev_Test\ams)
[2024-10-08 16:41:19.060]  INFO 16376 --- [  restartedMain] c.r.a.AmsApplication                     : The following 1 profile is active: "dev"
[2024-10-08 16:41:19.249]  INFO 16376 --- [  restartedMain] .s.d.r.c.RepositoryConfigurationDelegate : Bootstrapping Spring Data JPA repositories in DEFAULT mode.
[2024-10-08 16:41:19.250] DEBUG 16376 --- [  restartedMain] .s.d.r.c.RepositoryConfigurationDelegate : Scanning for JPA repositories in packages com.rfiot.ams.
[2024-10-08 16:41:19.252] DEBUG 16376 --- [  restartedMain] o.s.d.r.c.RepositoryComponentProvider    : Identified candidate component class: file [D:\Dev_Test\ams\target\classes\com\rfiot\ams\book\BookRepository.class]
[2024-10-08 16:41:19.254] DEBUG 16376 --- [  restartedMain] o.s.d.r.c.RepositoryComponentProvider    : Identified candidate component class: file [D:\Dev_Test\ams\target\classes\com\rfiot\ams\token\TokenRepository.class]
[2024-10-08 16:41:19.254] DEBUG 16376 --- [  restartedMain] o.s.d.r.c.RepositoryComponentProvider    : Identified candidate component class: file [D:\Dev_Test\ams\target\classes\com\rfiot\ams\user\UserRepository.class]
[2024-10-08 16:41:19.264]  INFO 16376 --- [  restartedMain] .s.d.r.c.RepositoryConfigurationDelegate : Finished Spring Data repository scanning in 14 ms. Found 3 JPA repository interfaces.
[2024-10-08 16:41:19.356]  INFO 16376 --- [  restartedMain] o.s.b.w.e.t.TomcatWebServer              : Tomcat initialized with port 9090 (http)
[2024-10-08 16:41:19.357]  INFO 16376 --- [  restartedMain] o.a.c.h.Http11NioProtocol                : Initializing ProtocolHandler ["http-nio-9090"]
[2024-10-08 16:41:19.357]  INFO 16376 --- [  restartedMain] o.a.c.c.StandardService                  : Starting service [Tomcat]
[2024-10-08 16:41:19.357]  INFO 16376 --- [  restartedMain] o.a.c.c.StandardEngine                   : Starting Servlet engine: [Apache Tomcat/10.1.30]
[2024-10-08 16:41:19.369]  INFO 16376 --- [  restartedMain] o.a.c.c.C.[.[.[/]                        : Initializing Spring embedded WebApplicationContext
[2024-10-08 16:41:19.369]  INFO 16376 --- [  restartedMain] w.s.c.ServletWebServerApplicationContext : Root WebApplicationContext: initialization completed in 307 ms
[2024-10-08 16:41:19.404]  INFO 16376 --- [  restartedMain] o.h.j.i.u.LogHelper                      : HHH000204: Processing PersistenceUnitInfo [name: default]
[2024-10-08 16:41:19.406]  INFO 16376 --- [  restartedMain] o.h.c.i.RegionFactoryInitiator           : HHH000026: Second-level cache disabled
[2024-10-08 16:41:19.411]  INFO 16376 --- [  restartedMain] o.s.o.j.p.SpringPersistenceUnitInfo      : No LoadTimeWeaver setup: ignoring JPA class transformer
[2024-10-08 16:41:19.411]  INFO 16376 --- [  restartedMain] c.z.h.HikariDataSource                   : HikariPool-4 - Starting...
[2024-10-08 16:41:19.459]  INFO 16376 --- [  restartedMain] c.z.h.p.HikariPool                       : HikariPool-4 - Added connection org.postgresql.jdbc.PgConnection@338430ae
[2024-10-08 16:41:19.459]  INFO 16376 --- [  restartedMain] c.z.h.HikariDataSource                   : HikariPool-4 - Start completed.
[2024-10-08 16:41:19.494]  INFO 16376 --- [  restartedMain] p6spy                                    : #1728373279494 | took 5ms | statement | connection 16| url jdbc:postgresql://localhost:5432/amsdb
select * from information_schema.sequences
select * from information_schema.sequences;
[2024-10-08 16:41:19.547]  INFO 16376 --- [  restartedMain] o.h.e.t.j.p.i.JtaPlatformInitiator       : HHH000489: No JTA platform available (set 'hibernate.transaction.jta.platform' to enable JTA platform integration)
[2024-10-08 16:41:19.549]  INFO 16376 --- [  restartedMain] p6spy                                    : #1728373279549 | took 1ms | statement | connection 17| url jdbc:postgresql://localhost:5432/amsdb
select * from information_schema.sequences
select * from information_schema.sequences;
[2024-10-08 16:41:19.580]  INFO 16376 --- [  restartedMain] p6spy                                    : #1728373279580 | took 1ms | statement | connection 17| url jdbc:postgresql://localhost:5432/amsdb
select * from "public"."_user" where 1=0
select * from "public"."_user" where 1=0;
[2024-10-08 16:41:19.582]  INFO 16376 --- [  restartedMain] j.LocalContainerEntityManagerFactoryBean : Initialized JPA EntityManagerFactory for persistence unit 'default'
[2024-10-08 16:41:19.595] DEBUG 16376 --- [  restartedMain] .c.JpaMetamodelMappingContextFactoryBean : Initializing JpaMetamodelMappingContext…
[2024-10-08 16:41:19.596] DEBUG 16376 --- [  restartedMain] .c.JpaMetamodelMappingContextFactoryBean : Finished initializing JpaMetamodelMappingContext
[2024-10-08 16:41:19.605] DEBUG 16376 --- [  restartedMain] o.s.d.r.c.s.RepositoryFactorySupport     : Initializing repository instance for com.rfiot.ams.user.UserRepository…
[2024-10-08 16:41:19.607] DEBUG 16376 --- [  restartedMain] o.s.d.j.r.q.NamedQuery                   : Looking up named query User.findByEmail
[2024-10-08 16:41:19.607] DEBUG 16376 --- [  restartedMain] o.s.d.j.r.q.NamedQuery                   : Did not find named query User.findByEmail
[2024-10-08 16:41:19.610] DEBUG 16376 --- [  restartedMain] o.s.d.r.c.s.RepositoryFactorySupport     : Finished creation of repository instance for com.rfiot.ams.user.UserRepository.
[2024-10-08 16:41:19.618] DEBUG 16376 --- [  restartedMain] o.s.d.r.c.s.RepositoryFactorySupport     : Initializing repository instance for com.rfiot.ams.token.TokenRepository…
[2024-10-08 16:41:19.622] DEBUG 16376 --- [  restartedMain] o.s.d.j.r.q.NamedQuery                   : Did not find named query Token.findAllValidTokenByUser.count
[2024-10-08 16:41:19.626] DEBUG 16376 --- [  restartedMain] o.s.d.j.r.q.NamedQuery                   : Looking up named query Token.findByToken
[2024-10-08 16:41:19.626] DEBUG 16376 --- [  restartedMain] o.s.d.j.r.q.NamedQuery                   : Did not find named query Token.findByToken
[2024-10-08 16:41:19.629] DEBUG 16376 --- [  restartedMain] o.s.d.r.c.s.RepositoryFactorySupport     : Finished creation of repository instance for com.rfiot.ams.token.TokenRepository.
[2024-10-08 16:41:19.676]  INFO 16376 --- [  restartedMain] eAuthenticationProviderManagerConfigurer : Global AuthenticationManager configured with AuthenticationProvider bean with name authenticationProvider
[2024-10-08 16:41:19.676]  WARN 16376 --- [  restartedMain] r$InitializeUserDetailsManagerConfigurer : Global AuthenticationManager configured with an AuthenticationProvider bean. UserDetailsService beans will not be used for username/password login. Consider removing the AuthenticationProvider bean. Alternatively, consider using the UserDetailsService in a manually instantiated DaoAuthenticationProvider.
[2024-10-08 16:41:19.682] DEBUG 16376 --- [  restartedMain] o.s.d.r.c.s.RepositoryFactorySupport     : Initializing repository instance for com.rfiot.ams.book.BookRepository…
[2024-10-08 16:41:19.685] DEBUG 16376 --- [  restartedMain] o.s.d.r.c.s.RepositoryFactorySupport     : Finished creation of repository instance for com.rfiot.ams.book.BookRepository.
[2024-10-08 16:41:19.729] DEBUG 16376 --- [  restartedMain] s.w.s.m.m.a.RequestMappingHandlerMapping : 19 mappings in 'requestMappingHandlerMapping'
[2024-10-08 16:41:19.751] DEBUG 16376 --- [  restartedMain] o.s.w.s.h.SimpleUrlHandlerMapping        : Patterns [/webjars/**, /**] in 'resourceHandlerMapping'
[2024-10-08 16:41:19.761] DEBUG 16376 --- [  restartedMain] s.w.s.m.m.a.RequestMappingHandlerAdapter : ControllerAdvice beans: 0 @ModelAttribute, 0 @InitBinder, 1 RequestBodyAdvice, 1 ResponseBodyAdvice
[2024-10-08 16:41:19.765] DEBUG 16376 --- [  restartedMain] .m.m.a.ExceptionHandlerExceptionResolver : ControllerAdvice beans: 2 @ExceptionHandler, 1 ResponseBodyAdvice
[2024-10-08 16:41:19.822] DEBUG 16376 --- [  restartedMain] o.s.s.w.DefaultSecurityFilterChain       : Will secure any request with filters: DisableEncodeUrlFilter, WebAsyncManagerIntegrationFilter, SecurityContextHolderFilter, HeaderWriterFilter, CsrfFilter, LogoutFilter, UsernamePasswordAuthenticationFilter, DefaultLoginPageGeneratingFilter, DefaultLogoutPageGeneratingFilter, BasicAuthenticationFilter, RequestCacheAwareFilter, SecurityContextHolderAwareRequestFilter, AnonymousAuthenticationFilter, ExceptionTranslationFilter, AuthorizationFilter
[2024-10-08 16:41:19.832]  INFO 16376 --- [  restartedMain] o.s.b.d.a.OptionalLiveReloadServer       : LiveReload server is running on port 35729
[2024-10-08 16:41:19.838]  INFO 16376 --- [  restartedMain] o.a.c.h.Http11NioProtocol                : Starting ProtocolHandler ["http-nio-9090"]
[2024-10-08 16:41:19.840]  INFO 16376 --- [  restartedMain] o.s.b.w.e.t.TomcatWebServer              : Tomcat started on port 9090 (http) with context path '/'
[2024-10-08 16:41:19.844]  INFO 16376 --- [  restartedMain] c.r.a.AmsApplication                     : Started AmsApplication in 0.829 seconds (process running for 190.807)
[2024-10-08 16:41:19.927]  INFO 16376 --- [  restartedMain] p6spy                                    : [statement] | 0 ms | 
    select
        nextval('_user_seq')
[2024-10-08 16:41:19.928]  INFO 16376 --- [  restartedMain] p6spy                                    : [statement] | 0 ms | 
    insert       
    into
        _user
        (email, firstname, lastname, password, role, id)       
    values
        ('admin@mail.com', 'Admin', 'Admin', '$2a$10$6OryyO9TohpCJlpj1qMDpOFCXdorPQxLjlFjiUdXY9RtjG75UtW9O', 'ADMIN', 102)
[2024-10-08 16:41:19.930]  INFO 16376 --- [  restartedMain] p6spy                                    : [commit] | 1 ms | 
[2024-10-08 16:41:19.933]  INFO 16376 --- [  restartedMain] p6spy                                    : [statement] | 0 ms | 
    select
        nextval('token_seq')
[2024-10-08 16:41:19.935]  INFO 16376 --- [  restartedMain] p6spy                                    : [statement] | 1 ms | 
    insert       
    into
        token
        (expired, revoked, token, token_type, user_id, id)       
    values
        (false, false, 'eyJhbGciOiJIUzI1NiJ9.eyJzdWIiOiJhZG1pbkBtYWlsLmNvbSIsImlhdCI6MTcyODM3MzI3OSwiZXhwIjoxNzI4NDU5Njc5fQ.nfgWmOuvYyF9gnRKOETAb1lZmzh_aTZgNpD1wHJvEyU', 'BEARER', 102, 102)
[2024-10-08 16:41:19.936]  INFO 16376 --- [  restartedMain] p6spy                                    : [commit] | 0 ms | 
[2024-10-08 16:41:19.979]  INFO 16376 --- [nio-9090-exec-2] o.a.c.c.C.[.[.[/]                        : Initializing Spring DispatcherServlet 'dispatcherServlet'
[2024-10-08 16:41:19.979]  INFO 16376 --- [nio-9090-exec-2] o.s.w.s.DispatcherServlet                : Initializing Servlet 'dispatcherServlet'
[2024-10-08 16:41:19.979] DEBUG 16376 --- [nio-9090-exec-2] o.s.w.s.DispatcherServlet                : Detected StandardServletMultipartResolver
[2024-10-08 16:41:19.979] DEBUG 16376 --- [nio-9090-exec-2] o.s.w.s.DispatcherServlet                : Detected AcceptHeaderLocaleResolver
[2024-10-08 16:41:19.979] DEBUG 16376 --- [nio-9090-exec-2] o.s.w.s.DispatcherServlet                : Detected FixedThemeResolver
[2024-10-08 16:41:19.980] DEBUG 16376 --- [nio-9090-exec-2] o.s.w.s.DispatcherServlet                : Detected org.springframework.web.servlet.view.DefaultRequestToViewNameTranslator@3cdd5800
[2024-10-08 16:41:19.981] DEBUG 16376 --- [nio-9090-exec-2] o.s.w.s.DispatcherServlet                : Detected org.springframework.web.servlet.support.SessionFlashMapManager@ae31932
[2024-10-08 16:41:19.981] DEBUG 16376 --- [nio-9090-exec-2] o.s.w.s.DispatcherServlet                : enableLoggingRequestDetails='false': request parameters and headers will be masked to prevent unsafe logging of potentially sensitive data
[2024-10-08 16:41:19.981]  INFO 16376 --- [nio-9090-exec-2] o.s.w.s.DispatcherServlet                : Completed initialization in 2 ms
[2024-10-08 16:41:19.982] DEBUG 16376 --- [nio-9090-exec-2] o.s.s.w.FilterChainProxy                 : Securing GET /swagger-ui/index.html
[2024-10-08 16:41:19.984] DEBUG 16376 --- [nio-9090-exec-2] o.s.s.w.a.AnonymousAuthenticationFilter  : Set SecurityContextHolder to anonymous SecurityContext
[2024-10-08 16:41:20.019]  INFO 16376 --- [  restartedMain] p6spy                                    : [statement] | 0 ms | 
    insert       
    into
        _user
        (email, firstname, lastname, password, role, id)       
    values
        ('manager@mail.com', 'Admin', 'Admin', '$2a$10$LO5ks9HikSaQssIEeAgB8.9MbgS8DNgjrDaamBp8vGGk9ok2/oC2y', 'MANAGER', 103)
[2024-10-08 16:41:20.020]  INFO 16376 --- [  restartedMain] p6spy                                    : [commit] | 0 ms | 
[2024-10-08 16:41:20.023]  INFO 16376 --- [  restartedMain] p6spy                                    : [statement] | 0 ms | 
    insert       
    into
        token
        (expired, revoked, token, token_type, user_id, id)       
    values
        (false, false, 'eyJhbGciOiJIUzI1NiJ9.eyJzdWIiOiJtYW5hZ2VyQG1haWwuY29tIiwiaWF0IjoxNzI4MzczMjgwLCJleHAiOjE3Mjg0NTk2ODB9.YU3nXMaMjcEt3RLVPiY_Un5HdxwQb9J_BOUelGyZ_pg', 'BEARER', 103, 103)
[2024-10-08 16:41:20.024]  INFO 16376 --- [  restartedMain] p6spy                                    : [commit] | 0 ms | 
[2024-10-08 16:41:20.027]  INFO 16376 --- [  restartedMain] .ConditionEvaluationDeltaLoggingListener : Condition evaluation delta:


==========================
CONDITION EVALUATION DELTA
==========================


Positive matches:
-----------------

   SpringBootWebSecurityConfiguration.SecurityFilterChainConfiguration matched:
      - AllNestedConditions 2 matched 0 did not; NestedCondition on DefaultWebSecurityCondition.Beans @ConditionalOnMissingBean (types: org.springframework.security.web.SecurityFilterChain; SearchStrategy: all) did not find any beans; NestedCondition on DefaultWebSecurityCondition.Classes @ConditionalOnClass found required classes 'org.springframework.security.web.SecurityFilterChain', 'org.springframework.security.config.annotation.web.builders.HttpSecurity' (DefaultWebSecurityCondition)

   SpringBootWebSecurityConfiguration.WebSecurityEnablerConfiguration matched:
      - @ConditionalOnClass found required class 'org.springframework.security.config.annotation.web.configuration.EnableWebSecurity' (OnClassCondition)
      - @ConditionalOnMissingBean (names: springSecurityFilterChain; SearchStrategy: all) did not find any beans (OnBeanCondition)


Negative matches:
-----------------

    None


Exclusions:
-----------

    None


Unconditional classes:
----------------------

    None



[2024-10-08 16:41:20.029] DEBUG 16376 --- [nio-9090-exec-2] o.s.s.w.s.HttpSessionRequestCache        : Saved request http://localhost:9090/swagger-ui/index.html?continue to session
[2024-10-08 16:41:20.029] DEBUG 16376 --- [nio-9090-exec-2] s.w.a.DelegatingAuthenticationEntryPoint : Trying to match using And [Not [RequestHeaderRequestMatcher [expectedHeaderName=X-Requested-With, expectedHeaderValue=XMLHttpRequest]], MediaTypeRequestMatcher [contentNegotiationStrategy=org.springframework.web.accept.ContentNegotiationManager@321f0850, matchingMediaTypes=[application/xhtml+xml, image/*, text/html, text/plain], useEquals=false, ignoredMediaTypes=[*/*]]]
[2024-10-08 16:41:20.032] DEBUG 16376 --- [nio-9090-exec-2] s.w.a.DelegatingAuthenticationEntryPoint : Match found! Executing org.springframework.security.web.authentication.LoginUrlAuthenticationEntryPoint@708dc6b7
[2024-10-08 16:41:20.032] DEBUG 16376 --- [nio-9090-exec-2] o.s.s.w.DefaultRedirectStrategy          : Redirecting to http://localhost:9090/login
[2024-10-08 16:41:20.039] DEBUG 16376 --- [nio-9090-exec-1] o.s.s.w.FilterChainProxy                 : Securing GET /login
[2024-10-08 16:41:20.723] DEBUG 16376 --- [nio-9090-exec-4] o.s.s.w.FilterChainProxy                 : Securing GET /favicon.ico
[2024-10-08 16:41:20.723] DEBUG 16376 --- [nio-9090-exec-4] o.s.s.w.a.AnonymousAuthenticationFilter  : Set SecurityContextHolder to anonymous SecurityContext
[2024-10-08 16:41:20.723] DEBUG 16376 --- [nio-9090-exec-4] s.w.a.DelegatingAuthenticationEntryPoint : Trying to match using And [Not [RequestHeaderRequestMatcher [expectedHeaderName=X-Requested-With, expectedHeaderValue=XMLHttpRequest]], MediaTypeRequestMatcher [contentNegotiationStrategy=org.springframework.web.accept.ContentNegotiationManager@321f0850, matchingMediaTypes=[application/xhtml+xml, image/*, text/html, text/plain], useEquals=false, ignoredMediaTypes=[*/*]]]
[2024-10-08 16:41:20.723] DEBUG 16376 --- [nio-9090-exec-4] s.w.a.DelegatingAuthenticationEntryPoint : Match found! Executing org.springframework.security.web.authentication.LoginUrlAuthenticationEntryPoint@708dc6b7
[2024-10-08 16:41:20.724] DEBUG 16376 --- [nio-9090-exec-4] o.s.s.w.DefaultRedirectStrategy          : Redirecting to http://localhost:9090/login
[2024-10-08 16:41:20.727] DEBUG 16376 --- [nio-9090-exec-5] o.s.s.w.FilterChainProxy                 : Securing GET /login
[2024-10-08 16:41:21.258]  INFO 16376 --- [   File Watcher] rtingClassPathChangeChangedEventListener : Restarting due to 1 class path change (1 addition, 0 deletions, 0 modifications)
[2024-10-08 16:41:21.261]  INFO 16376 --- [      Thread-14] o.a.c.h.Http11NioProtocol                : Stopping ProtocolHandler ["http-nio-9090"]
[2024-10-08 16:41:21.373]  INFO 16376 --- [      Thread-14] j.LocalContainerEntityManagerFactoryBean : Closing JPA EntityManagerFactory for persistence unit 'default'
[2024-10-08 16:41:21.373]  INFO 16376 --- [      Thread-14] c.z.h.HikariDataSource                   : HikariPool-4 - Shutdown initiated...
[2024-10-08 16:41:21.374]  INFO 16376 --- [      Thread-14] c.z.h.HikariDataSource                   : HikariPool-4 - Shutdown completed.
[2024-10-08 16:41:21.456]  INFO 16376 --- [  restartedMain] c.r.a.AmsApplication                     : Starting AmsApplication using Java 17.0.2 with PID 16376 (D:\Dev_Test\ams\target\classes started by minam in D:\Dev_Test\ams)
[2024-10-08 16:41:21.456]  INFO 16376 --- [  restartedMain] c.r.a.AmsApplication                     : The following 1 profile is active: "dev"
[2024-10-08 16:41:21.600]  INFO 16376 --- [  restartedMain] .s.d.r.c.RepositoryConfigurationDelegate : Bootstrapping Spring Data JPA repositories in DEFAULT mode.
[2024-10-08 16:41:21.600] DEBUG 16376 --- [  restartedMain] .s.d.r.c.RepositoryConfigurationDelegate : Scanning for JPA repositories in packages com.rfiot.ams.
[2024-10-08 16:41:21.602] DEBUG 16376 --- [  restartedMain] o.s.d.r.c.RepositoryComponentProvider    : Identified candidate component class: file [D:\Dev_Test\ams\target\classes\com\rfiot\ams\book\BookRepository.class]
[2024-10-08 16:41:21.602] DEBUG 16376 --- [  restartedMain] o.s.d.r.c.RepositoryComponentProvider    : Identified candidate component class: file [D:\Dev_Test\ams\target\classes\com\rfiot\ams\token\TokenRepository.class]
[2024-10-08 16:41:21.602] DEBUG 16376 --- [  restartedMain] o.s.d.r.c.RepositoryComponentProvider    : Identified candidate component class: file [D:\Dev_Test\ams\target\classes\com\rfiot\ams\user\UserRepository.class]
[2024-10-08 16:41:21.608]  INFO 16376 --- [  restartedMain] .s.d.r.c.RepositoryConfigurationDelegate : Finished Spring Data repository scanning in 9 ms. Found 3 JPA repository interfaces.
[2024-10-08 16:41:21.679]  INFO 16376 --- [  restartedMain] o.s.b.w.e.t.TomcatWebServer              : Tomcat initialized with port 9090 (http)
[2024-10-08 16:41:21.679]  INFO 16376 --- [  restartedMain] o.a.c.h.Http11NioProtocol                : Initializing ProtocolHandler ["http-nio-9090"]
[2024-10-08 16:41:21.679]  INFO 16376 --- [  restartedMain] o.a.c.c.StandardService                  : Starting service [Tomcat]
[2024-10-08 16:41:21.679]  INFO 16376 --- [  restartedMain] o.a.c.c.StandardEngine                   : Starting Servlet engine: [Apache Tomcat/10.1.30]
[2024-10-08 16:41:21.697]  INFO 16376 --- [  restartedMain] o.a.c.c.C.[.[.[/]                        : Initializing Spring embedded WebApplicationContext
[2024-10-08 16:41:21.697]  INFO 16376 --- [  restartedMain] w.s.c.ServletWebServerApplicationContext : Root WebApplicationContext: initialization completed in 240 ms
[2024-10-08 16:41:21.728]  INFO 16376 --- [  restartedMain] o.h.j.i.u.LogHelper                      : HHH000204: Processing PersistenceUnitInfo [name: default]
[2024-10-08 16:41:21.729]  INFO 16376 --- [  restartedMain] o.h.c.i.RegionFactoryInitiator           : HHH000026: Second-level cache disabled
[2024-10-08 16:41:21.733]  INFO 16376 --- [  restartedMain] o.s.o.j.p.SpringPersistenceUnitInfo      : No LoadTimeWeaver setup: ignoring JPA class transformer
[2024-10-08 16:41:21.734]  INFO 16376 --- [  restartedMain] c.z.h.HikariDataSource                   : HikariPool-5 - Starting...
[2024-10-08 16:41:21.775]  INFO 16376 --- [  restartedMain] c.z.h.p.HikariPool                       : HikariPool-5 - Added connection org.postgresql.jdbc.PgConnection@2f02006f
[2024-10-08 16:41:21.775]  INFO 16376 --- [  restartedMain] c.z.h.HikariDataSource                   : HikariPool-5 - Start completed.
[2024-10-08 16:41:21.801]  INFO 16376 --- [  restartedMain] p6spy                                    : #1728373281801 | took 4ms | statement | connection 23| url jdbc:postgresql://localhost:5432/amsdb
select * from information_schema.sequences
select * from information_schema.sequences;
[2024-10-08 16:41:21.851]  INFO 16376 --- [  restartedMain] o.h.e.t.j.p.i.JtaPlatformInitiator       : HHH000489: No JTA platform available (set 'hibernate.transaction.jta.platform' to enable JTA platform integration)
[2024-10-08 16:41:21.853]  INFO 16376 --- [  restartedMain] p6spy                                    : #1728373281853 | took 1ms | statement | connection 24| url jdbc:postgresql://localhost:5432/amsdb
select * from information_schema.sequences
select * from information_schema.sequences;
[2024-10-08 16:41:21.882]  INFO 16376 --- [  restartedMain] p6spy                                    : #1728373281882 | took 1ms | statement | connection 24| url jdbc:postgresql://localhost:5432/amsdb
select * from "public"."_user" where 1=0
select * from "public"."_user" where 1=0;
[2024-10-08 16:41:21.885]  INFO 16376 --- [  restartedMain] j.LocalContainerEntityManagerFactoryBean : Initialized JPA EntityManagerFactory for persistence unit 'default'
[2024-10-08 16:41:21.905] DEBUG 16376 --- [  restartedMain] .c.JpaMetamodelMappingContextFactoryBean : Initializing JpaMetamodelMappingContext…
[2024-10-08 16:41:21.905] DEBUG 16376 --- [  restartedMain] .c.JpaMetamodelMappingContextFactoryBean : Finished initializing JpaMetamodelMappingContext
[2024-10-08 16:41:21.916] DEBUG 16376 --- [  restartedMain] o.s.d.r.c.s.RepositoryFactorySupport     : Initializing repository instance for com.rfiot.ams.user.UserRepository…
[2024-10-08 16:41:21.918] DEBUG 16376 --- [  restartedMain] o.s.d.j.r.q.NamedQuery                   : Looking up named query User.findByEmail
[2024-10-08 16:41:21.918] DEBUG 16376 --- [  restartedMain] o.s.d.j.r.q.NamedQuery                   : Did not find named query User.findByEmail
[2024-10-08 16:41:21.920] DEBUG 16376 --- [  restartedMain] o.s.d.r.c.s.RepositoryFactorySupport     : Finished creation of repository instance for com.rfiot.ams.user.UserRepository.
[2024-10-08 16:41:21.934] DEBUG 16376 --- [  restartedMain] o.s.d.r.c.s.RepositoryFactorySupport     : Initializing repository instance for com.rfiot.ams.token.TokenRepository…
[2024-10-08 16:41:21.938] DEBUG 16376 --- [  restartedMain] o.s.d.j.r.q.NamedQuery                   : Did not find named query Token.findAllValidTokenByUser.count
[2024-10-08 16:41:21.940] DEBUG 16376 --- [  restartedMain] o.s.d.j.r.q.NamedQuery                   : Looking up named query Token.findByToken
[2024-10-08 16:41:21.940] DEBUG 16376 --- [  restartedMain] o.s.d.j.r.q.NamedQuery                   : Did not find named query Token.findByToken
[2024-10-08 16:41:21.944] DEBUG 16376 --- [  restartedMain] o.s.d.r.c.s.RepositoryFactorySupport     : Finished creation of repository instance for com.rfiot.ams.token.TokenRepository.
[2024-10-08 16:41:21.986]  INFO 16376 --- [  restartedMain] eAuthenticationProviderManagerConfigurer : Global AuthenticationManager configured with AuthenticationProvider bean with name authenticationProvider
[2024-10-08 16:41:21.986]  WARN 16376 --- [  restartedMain] r$InitializeUserDetailsManagerConfigurer : Global AuthenticationManager configured with an AuthenticationProvider bean. UserDetailsService beans will not be used for username/password login. Consider removing the AuthenticationProvider bean. Alternatively, consider using the UserDetailsService in a manually instantiated DaoAuthenticationProvider.
[2024-10-08 16:41:21.995] DEBUG 16376 --- [  restartedMain] o.s.d.r.c.s.RepositoryFactorySupport     : Initializing repository instance for com.rfiot.ams.book.BookRepository…
[2024-10-08 16:41:21.999] DEBUG 16376 --- [  restartedMain] o.s.d.r.c.s.RepositoryFactorySupport     : Finished creation of repository instance for com.rfiot.ams.book.BookRepository.
[2024-10-08 16:41:22.053] DEBUG 16376 --- [  restartedMain] s.w.s.m.m.a.RequestMappingHandlerMapping : 19 mappings in 'requestMappingHandlerMapping'
[2024-10-08 16:41:22.098] DEBUG 16376 --- [  restartedMain] o.s.w.s.h.SimpleUrlHandlerMapping        : Patterns [/webjars/**, /**] in 'resourceHandlerMapping'
[2024-10-08 16:41:22.117] DEBUG 16376 --- [  restartedMain] o.s.s.w.DefaultSecurityFilterChain       : Will secure any request with filters: DisableEncodeUrlFilter, WebAsyncManagerIntegrationFilter, SecurityContextHolderFilter, HeaderWriterFilter, LogoutFilter, JwtAuthenticationFilter, RequestCacheAwareFilter, SecurityContextHolderAwareRequestFilter, AnonymousAuthenticationFilter, SessionManagementFilter, ExceptionTranslationFilter, AuthorizationFilter
[2024-10-08 16:41:22.150] DEBUG 16376 --- [  restartedMain] s.w.s.m.m.a.RequestMappingHandlerAdapter : ControllerAdvice beans: 0 @ModelAttribute, 0 @InitBinder, 1 RequestBodyAdvice, 1 ResponseBodyAdvice
[2024-10-08 16:41:22.155] DEBUG 16376 --- [  restartedMain] .m.m.a.ExceptionHandlerExceptionResolver : ControllerAdvice beans: 2 @ExceptionHandler, 1 ResponseBodyAdvice
[2024-10-08 16:41:22.213]  INFO 16376 --- [  restartedMain] o.s.b.d.a.OptionalLiveReloadServer       : LiveReload server is running on port 35729
[2024-10-08 16:41:22.218]  INFO 16376 --- [  restartedMain] o.a.c.h.Http11NioProtocol                : Starting ProtocolHandler ["http-nio-9090"]
[2024-10-08 16:41:22.220]  INFO 16376 --- [  restartedMain] o.s.b.w.e.t.TomcatWebServer              : Tomcat started on port 9090 (http) with context path '/'
[2024-10-08 16:41:22.223]  INFO 16376 --- [  restartedMain] c.r.a.AmsApplication                     : Started AmsApplication in 0.801 seconds (process running for 193.186)
[2024-10-08 16:41:22.303]  INFO 16376 --- [  restartedMain] p6spy                                    : [statement] | 0 ms | 
    select
        nextval('_user_seq')
[2024-10-08 16:41:22.305]  INFO 16376 --- [  restartedMain] p6spy                                    : [statement] | 0 ms | 
    insert       
    into
        _user
        (email, firstname, lastname, password, role, id)       
    values
        ('admin@mail.com', 'Admin', 'Admin', '$2a$10$gsCxwOueaydrFyRU1qOgRuAinEm2sDbFWiE9yYyslhOxflKNcuBvi', 'ADMIN', 152)
[2024-10-08 16:41:22.317]  INFO 16376 --- [  restartedMain] p6spy                                    : [commit] | 10 ms | 
[2024-10-08 16:41:22.320]  INFO 16376 --- [  restartedMain] p6spy                                    : [statement] | 0 ms | 
    select
        nextval('token_seq')
[2024-10-08 16:41:22.322]  INFO 16376 --- [  restartedMain] p6spy                                    : [statement] | 1 ms | 
    insert       
    into
        token
        (expired, revoked, token, token_type, user_id, id)       
    values
        (false, false, 'eyJhbGciOiJIUzI1NiJ9.eyJzdWIiOiJhZG1pbkBtYWlsLmNvbSIsImlhdCI6MTcyODM3MzI4MiwiZXhwIjoxNzI4NDU5NjgyfQ.LEUftmF4VtQpvkJ9gVUuPep6KlHgerA7v3ogRMal8ig', 'BEARER', 152, 152)
[2024-10-08 16:41:22.336]  INFO 16376 --- [  restartedMain] p6spy                                    : [commit] | 13 ms | 
[2024-10-08 16:41:22.426]  INFO 16376 --- [  restartedMain] p6spy                                    : [statement] | 0 ms | 
    insert       
    into
        _user
        (email, firstname, lastname, password, role, id)       
    values
        ('manager@mail.com', 'Admin', 'Admin', '$2a$10$5bHZel5UE/AxBDUBiJQcyumoA9atUvdx2QOvNQ/zu4wjTbP2vqLDK', 'MANAGER', 153)
[2024-10-08 16:41:22.428]  INFO 16376 --- [  restartedMain] p6spy                                    : [commit] | 1 ms | 
[2024-10-08 16:41:22.432]  INFO 16376 --- [  restartedMain] p6spy                                    : [statement] | 0 ms | 
    insert       
    into
        token
        (expired, revoked, token, token_type, user_id, id)       
    values
        (false, false, 'eyJhbGciOiJIUzI1NiJ9.eyJzdWIiOiJtYW5hZ2VyQG1haWwuY29tIiwiaWF0IjoxNzI4MzczMjgyLCJleHAiOjE3Mjg0NTk2ODJ9.tN1R8sb9_Iex4ZAq3bMARmnGj1X5XwUiHOO11uaWLM4', 'BEARER', 153, 153)
[2024-10-08 16:41:22.432]  INFO 16376 --- [  restartedMain] p6spy                                    : [commit] | 0 ms | 
[2024-10-08 16:41:22.434]  INFO 16376 --- [  restartedMain] .ConditionEvaluationDeltaLoggingListener : Condition evaluation delta:


==========================
CONDITION EVALUATION DELTA
==========================


Positive matches:
-----------------

    None


Negative matches:
-----------------

   SpringBootWebSecurityConfiguration.SecurityFilterChainConfiguration:
      Did not match:
         - AllNestedConditions 1 matched 1 did not; NestedCondition on DefaultWebSecurityCondition.Beans @ConditionalOnMissingBean (types: org.springframework.security.web.SecurityFilterChain; SearchStrategy: all) found beans of type 'org.springframework.security.web.SecurityFilterChain' securityFilterChain; NestedCondition on DefaultWebSecurityCondition.Classes @ConditionalOnClass found required classes 'org.springframework.security.web.SecurityFilterChain', 'org.springframework.security.config.annotation.web.builders.HttpSecurity' (DefaultWebSecurityCondition)

   SpringBootWebSecurityConfiguration.WebSecurityEnablerConfiguration:
      Did not match:
         - @ConditionalOnMissingBean (names: springSecurityFilterChain; SearchStrategy: all) found beans named springSecurityFilterChain (OnBeanCondition)
      Matched:
         - @ConditionalOnClass found required class 'org.springframework.security.config.annotation.web.configuration.EnableWebSecurity' (OnClassCondition)


Exclusions:
-----------

    None


Unconditional classes:
----------------------

    None



[2024-10-08 16:41:42.924]  INFO 16376 --- [ionShutdownHook] j.LocalContainerEntityManagerFactoryBean : Closing JPA EntityManagerFactory for persistence unit 'default'
[2024-10-08 16:41:42.925]  INFO 16376 --- [ionShutdownHook] c.z.h.HikariDataSource                   : HikariPool-5 - Shutdown initiated...
[2024-10-08 16:41:42.926]  INFO 16376 --- [ionShutdownHook] c.z.h.HikariDataSource                   : HikariPool-5 - Shutdown completed.
[2024-10-08 16:41:45.044]  INFO 7088 --- [kground-preinit] o.h.v.i.u.Version                        : HV000001: Hibernate Validator 8.0.1.Final
[2024-10-08 16:41:45.070]  INFO 7088 --- [  restartedMain] c.r.a.AmsApplication                     : Starting AmsApplication using Java 17.0.2 with PID 7088 (D:\Dev_Test\ams\target\classes started by minam in D:\Dev_Test\ams)
[2024-10-08 16:41:45.073]  INFO 7088 --- [  restartedMain] c.r.a.AmsApplication                     : The following 1 profile is active: "dev"
[2024-10-08 16:41:45.107]  INFO 7088 --- [  restartedMain] .e.DevToolsPropertyDefaultsPostProcessor : Devtools property defaults active! Set 'spring.devtools.add-properties' to 'false' to disable
[2024-10-08 16:41:45.107]  INFO 7088 --- [  restartedMain] .e.DevToolsPropertyDefaultsPostProcessor : For additional web related logging consider setting the 'logging.level.web' property to 'DEBUG'
[2024-10-08 16:41:45.751]  INFO 7088 --- [  restartedMain] .s.d.r.c.RepositoryConfigurationDelegate : Bootstrapping Spring Data JPA repositories in DEFAULT mode.
[2024-10-08 16:41:45.759] DEBUG 7088 --- [  restartedMain] .s.d.r.c.RepositoryConfigurationDelegate : Scanning for JPA repositories in packages com.rfiot.ams.
[2024-10-08 16:41:45.768] DEBUG 7088 --- [  restartedMain] o.s.d.r.c.RepositoryComponentProvider    : Identified candidate component class: file [D:\Dev_Test\ams\target\classes\com\rfiot\ams\book\BookRepository.class]
[2024-10-08 16:41:45.769] DEBUG 7088 --- [  restartedMain] o.s.d.r.c.RepositoryComponentProvider    : Identified candidate component class: file [D:\Dev_Test\ams\target\classes\com\rfiot\ams\token\TokenRepository.class]
[2024-10-08 16:41:45.769] DEBUG 7088 --- [  restartedMain] o.s.d.r.c.RepositoryComponentProvider    : Identified candidate component class: file [D:\Dev_Test\ams\target\classes\com\rfiot\ams\user\UserRepository.class]
[2024-10-08 16:41:45.794]  INFO 7088 --- [  restartedMain] .s.d.r.c.RepositoryConfigurationDelegate : Finished Spring Data repository scanning in 33 ms. Found 3 JPA repository interfaces.
[2024-10-08 16:41:46.326]  INFO 7088 --- [  restartedMain] o.s.b.w.e.t.TomcatWebServer              : Tomcat initialized with port 9090 (http)
[2024-10-08 16:41:46.335]  INFO 7088 --- [  restartedMain] o.a.c.h.Http11NioProtocol                : Initializing ProtocolHandler ["http-nio-9090"]
[2024-10-08 16:41:46.338]  INFO 7088 --- [  restartedMain] o.a.c.c.StandardService                  : Starting service [Tomcat]
[2024-10-08 16:41:46.338]  INFO 7088 --- [  restartedMain] o.a.c.c.StandardEngine                   : Starting Servlet engine: [Apache Tomcat/10.1.30]
[2024-10-08 16:41:46.376]  INFO 7088 --- [  restartedMain] o.a.c.c.C.[.[.[/]                        : Initializing Spring embedded WebApplicationContext
[2024-10-08 16:41:46.376]  INFO 7088 --- [  restartedMain] w.s.c.ServletWebServerApplicationContext : Root WebApplicationContext: initialization completed in 1268 ms
[2024-10-08 16:41:46.488]  INFO 7088 --- [  restartedMain] o.h.j.i.u.LogHelper                      : HHH000204: Processing PersistenceUnitInfo [name: default]
[2024-10-08 16:41:46.518]  INFO 7088 --- [  restartedMain] o.h.Version                              : HHH000412: Hibernate ORM core version 6.5.3.Final
[2024-10-08 16:41:46.545]  INFO 7088 --- [  restartedMain] o.h.c.i.RegionFactoryInitiator           : HHH000026: Second-level cache disabled
[2024-10-08 16:41:46.727]  INFO 7088 --- [  restartedMain] o.s.o.j.p.SpringPersistenceUnitInfo      : No LoadTimeWeaver setup: ignoring JPA class transformer
[2024-10-08 16:41:46.747]  INFO 7088 --- [  restartedMain] c.z.h.HikariDataSource                   : HikariPool-1 - Starting...
[2024-10-08 16:41:46.872]  INFO 7088 --- [  restartedMain] c.z.h.p.HikariPool                       : HikariPool-1 - Added connection org.postgresql.jdbc.PgConnection@136cc3a6
[2024-10-08 16:41:46.872]  INFO 7088 --- [  restartedMain] c.z.h.HikariDataSource                   : HikariPool-1 - Start completed.
[2024-10-08 16:41:47.088]  INFO 7088 --- [  restartedMain] p6spy                                    : #1728373307088 | took 9ms | statement | connection 1| url jdbc:postgresql://localhost:5432/amsdb
select * from information_schema.sequences
select * from information_schema.sequences;
[2024-10-08 16:41:47.635]  INFO 7088 --- [  restartedMain] o.h.e.t.j.p.i.JtaPlatformInitiator       : HHH000489: No JTA platform available (set 'hibernate.transaction.jta.platform' to enable JTA platform integration)
[2024-10-08 16:41:47.651]  INFO 7088 --- [  restartedMain] p6spy                                    : #1728373307651 | took 1ms | statement | connection 2| url jdbc:postgresql://localhost:5432/amsdb
select * from information_schema.sequences
select * from information_schema.sequences;
[2024-10-08 16:41:47.690]  INFO 7088 --- [  restartedMain] p6spy                                    : #1728373307690 | took 1ms | statement | connection 2| url jdbc:postgresql://localhost:5432/amsdb
select * from "public"."_user" where 1=0
select * from "public"."_user" where 1=0;
[2024-10-08 16:41:47.695]  INFO 7088 --- [  restartedMain] j.LocalContainerEntityManagerFactoryBean : Initialized JPA EntityManagerFactory for persistence unit 'default'
[2024-10-08 16:41:47.718] DEBUG 7088 --- [  restartedMain] .c.JpaMetamodelMappingContextFactoryBean : Initializing JpaMetamodelMappingContext…
[2024-10-08 16:41:47.726] DEBUG 7088 --- [  restartedMain] .c.JpaMetamodelMappingContextFactoryBean : Finished initializing JpaMetamodelMappingContext
[2024-10-08 16:41:47.794] DEBUG 7088 --- [  restartedMain] o.s.d.r.c.s.RepositoryFactorySupport     : Initializing repository instance for com.rfiot.ams.user.UserRepository…
[2024-10-08 16:41:47.825] DEBUG 7088 --- [  restartedMain] o.s.d.j.r.q.NamedQuery                   : Looking up named query User.findByEmail
[2024-10-08 16:41:47.826] DEBUG 7088 --- [  restartedMain] o.s.d.j.r.q.NamedQuery                   : Did not find named query User.findByEmail
[2024-10-08 16:41:47.865] DEBUG 7088 --- [  restartedMain] o.s.d.r.c.s.RepositoryFactorySupport     : Finished creation of repository instance for com.rfiot.ams.user.UserRepository.
[2024-10-08 16:41:47.881] DEBUG 7088 --- [  restartedMain] o.s.d.r.c.s.RepositoryFactorySupport     : Initializing repository instance for com.rfiot.ams.token.TokenRepository…
[2024-10-08 16:41:47.893]  INFO 7088 --- [  restartedMain] o.s.d.j.r.q.QueryEnhancerFactory         : Hibernate is in classpath; If applicable, HQL parser will be used.
[2024-10-08 16:41:47.998] DEBUG 7088 --- [  restartedMain] o.s.d.j.r.q.NamedQuery                   : Did not find named query Token.findAllValidTokenByUser.count
[2024-10-08 16:41:48.117] DEBUG 7088 --- [  restartedMain] o.s.d.j.r.q.NamedQuery                   : Looking up named query Token.findByToken
[2024-10-08 16:41:48.118] DEBUG 7088 --- [  restartedMain] o.s.d.j.r.q.NamedQuery                   : Did not find named query Token.findByToken
[2024-10-08 16:41:48.120] DEBUG 7088 --- [  restartedMain] o.s.d.r.c.s.RepositoryFactorySupport     : Finished creation of repository instance for com.rfiot.ams.token.TokenRepository.
[2024-10-08 16:41:48.211]  INFO 7088 --- [  restartedMain] eAuthenticationProviderManagerConfigurer : Global AuthenticationManager configured with AuthenticationProvider bean with name authenticationProvider
[2024-10-08 16:41:48.212]  WARN 7088 --- [  restartedMain] r$InitializeUserDetailsManagerConfigurer : Global AuthenticationManager configured with an AuthenticationProvider bean. UserDetailsService beans will not be used for username/password login. Consider removing the AuthenticationProvider bean. Alternatively, consider using the UserDetailsService in a manually instantiated DaoAuthenticationProvider.
[2024-10-08 16:41:48.225] DEBUG 7088 --- [  restartedMain] o.s.d.r.c.s.RepositoryFactorySupport     : Initializing repository instance for com.rfiot.ams.book.BookRepository…
[2024-10-08 16:41:48.231] DEBUG 7088 --- [  restartedMain] o.s.d.r.c.s.RepositoryFactorySupport     : Finished creation of repository instance for com.rfiot.ams.book.BookRepository.
[2024-10-08 16:41:48.408] DEBUG 7088 --- [  restartedMain] s.w.s.m.m.a.RequestMappingHandlerMapping : 19 mappings in 'requestMappingHandlerMapping'
[2024-10-08 16:41:48.475] DEBUG 7088 --- [  restartedMain] o.s.w.s.h.SimpleUrlHandlerMapping        : Patterns [/webjars/**, /**] in 'resourceHandlerMapping'
[2024-10-08 16:41:48.506] DEBUG 7088 --- [  restartedMain] o.s.s.w.DefaultSecurityFilterChain       : Will secure any request with filters: DisableEncodeUrlFilter, WebAsyncManagerIntegrationFilter, SecurityContextHolderFilter, HeaderWriterFilter, LogoutFilter, JwtAuthenticationFilter, RequestCacheAwareFilter, SecurityContextHolderAwareRequestFilter, AnonymousAuthenticationFilter, SessionManagementFilter, ExceptionTranslationFilter, AuthorizationFilter
[2024-10-08 16:41:48.603] DEBUG 7088 --- [  restartedMain] s.w.s.m.m.a.RequestMappingHandlerAdapter : ControllerAdvice beans: 0 @ModelAttribute, 0 @InitBinder, 1 RequestBodyAdvice, 1 ResponseBodyAdvice
[2024-10-08 16:41:48.634] DEBUG 7088 --- [  restartedMain] .m.m.a.ExceptionHandlerExceptionResolver : ControllerAdvice beans: 2 @ExceptionHandler, 1 ResponseBodyAdvice
[2024-10-08 16:41:48.789]  INFO 7088 --- [  restartedMain] o.s.b.d.a.OptionalLiveReloadServer       : LiveReload server is running on port 35729
[2024-10-08 16:41:48.804]  INFO 7088 --- [  restartedMain] o.a.c.h.Http11NioProtocol                : Starting ProtocolHandler ["http-nio-9090"]
[2024-10-08 16:41:48.817]  INFO 7088 --- [  restartedMain] o.s.b.w.e.t.TomcatWebServer              : Tomcat started on port 9090 (http) with context path '/'
[2024-10-08 16:41:48.827]  INFO 7088 --- [  restartedMain] c.r.a.AmsApplication                     : Started AmsApplication in 4.096 seconds (process running for 4.798)
[2024-10-08 16:41:48.912]  INFO 7088 --- [  restartedMain] p6spy                                    : [statement] | 0 ms | 
    select
        nextval('_user_seq')
[2024-10-08 16:41:48.931]  INFO 7088 --- [  restartedMain] p6spy                                    : [statement] | 1 ms | 
    insert       
    into
        _user
        (email, firstname, lastname, password, role, id)       
    values
        ('admin@mail.com', 'Admin', 'Admin', '$2a$10$5K2b/DmWScnrO1aUc7qZcOnTGhJFTQ39Jf35gv1X/pGWDRbfopeLG', 'ADMIN', 202)
[2024-10-08 16:41:48.945]  INFO 7088 --- [  restartedMain] p6spy                                    : [commit] | 11 ms | 
[2024-10-08 16:41:49.007]  INFO 7088 --- [  restartedMain] p6spy                                    : [statement] | 0 ms | 
    select
        nextval('token_seq')
[2024-10-08 16:41:49.009]  INFO 7088 --- [  restartedMain] p6spy                                    : [statement] | 1 ms | 
    insert       
    into
        token
        (expired, revoked, token, token_type, user_id, id)       
    values
        (false, false, 'eyJhbGciOiJIUzI1NiJ9.eyJzdWIiOiJhZG1pbkBtYWlsLmNvbSIsImlhdCI6MTcyODM3MzMwOCwiZXhwIjoxNzI4NDU5NzA4fQ.v-jt9krmVBLe5XOfvnTSedjaFdP_L9WVhhgfTrzHO4U', 'BEARER', 202, 202)
[2024-10-08 16:41:49.011]  INFO 7088 --- [  restartedMain] p6spy                                    : [commit] | 1 ms | 
[2024-10-08 16:41:49.079]  INFO 7088 --- [  restartedMain] p6spy                                    : [statement] | 0 ms | 
    insert       
    into
        _user
        (email, firstname, lastname, password, role, id)       
    values
        ('manager@mail.com', 'Admin', 'Admin', '$2a$10$zEPz4rRP91ogieKIVuVcQ.YcAT9oh9hgRJCMZnN09uhNDahIuxfk2', 'MANAGER', 203)
[2024-10-08 16:41:49.080]  INFO 7088 --- [  restartedMain] p6spy                                    : [commit] | 0 ms | 
[2024-10-08 16:41:49.083]  INFO 7088 --- [  restartedMain] p6spy                                    : [statement] | 0 ms | 
    insert       
    into
        token
        (expired, revoked, token, token_type, user_id, id)       
    values
        (false, false, 'eyJhbGciOiJIUzI1NiJ9.eyJzdWIiOiJtYW5hZ2VyQG1haWwuY29tIiwiaWF0IjoxNzI4MzczMzA5LCJleHAiOjE3Mjg0NTk3MDl9.F4hEGnmqzp_6xp0V94LLLRtDv0QaP8BUJ3iNDzeM6lI', 'BEARER', 203, 203)
[2024-10-08 16:41:49.084]  INFO 7088 --- [  restartedMain] p6spy                                    : [commit] | 0 ms | 
[2024-10-08 16:41:58.025]  INFO 7088 --- [nio-9090-exec-1] o.a.c.c.C.[.[.[/]                        : Initializing Spring DispatcherServlet 'dispatcherServlet'
[2024-10-08 16:41:58.025]  INFO 7088 --- [nio-9090-exec-1] o.s.w.s.DispatcherServlet                : Initializing Servlet 'dispatcherServlet'
[2024-10-08 16:41:58.025] DEBUG 7088 --- [nio-9090-exec-1] o.s.w.s.DispatcherServlet                : Detected StandardServletMultipartResolver
[2024-10-08 16:41:58.025] DEBUG 7088 --- [nio-9090-exec-1] o.s.w.s.DispatcherServlet                : Detected AcceptHeaderLocaleResolver
[2024-10-08 16:41:58.025] DEBUG 7088 --- [nio-9090-exec-1] o.s.w.s.DispatcherServlet                : Detected FixedThemeResolver
[2024-10-08 16:41:58.027] DEBUG 7088 --- [nio-9090-exec-1] o.s.w.s.DispatcherServlet                : Detected org.springframework.web.servlet.view.DefaultRequestToViewNameTranslator@747ed00b
[2024-10-08 16:41:58.027] DEBUG 7088 --- [nio-9090-exec-1] o.s.w.s.DispatcherServlet                : Detected org.springframework.web.servlet.support.SessionFlashMapManager@2630d706
[2024-10-08 16:41:58.028] DEBUG 7088 --- [nio-9090-exec-1] o.s.w.s.DispatcherServlet                : enableLoggingRequestDetails='false': request parameters and headers will be masked to prevent unsafe logging of potentially sensitive data
[2024-10-08 16:41:58.028]  INFO 7088 --- [nio-9090-exec-1] o.s.w.s.DispatcherServlet                : Completed initialization in 3 ms
[2024-10-08 16:41:58.038] DEBUG 7088 --- [nio-9090-exec-1] o.s.s.w.FilterChainProxy                 : Securing GET /
[2024-10-08 16:41:58.045] DEBUG 7088 --- [nio-9090-exec-1] o.s.s.w.a.AnonymousAuthenticationFilter  : Set SecurityContextHolder to anonymous SecurityContext
[2024-10-08 16:41:58.048] DEBUG 7088 --- [nio-9090-exec-1] o.s.s.w.a.Http403ForbiddenEntryPoint     : Pre-authenticated entry point called. Rejecting access
[2024-10-08 16:41:58.058] DEBUG 7088 --- [nio-9090-exec-1] o.s.s.w.FilterChainProxy                 : Securing GET /error
[2024-10-08 16:41:58.058] DEBUG 7088 --- [nio-9090-exec-1] o.s.s.w.a.AnonymousAuthenticationFilter  : Set SecurityContextHolder to anonymous SecurityContext
[2024-10-08 16:41:58.059] DEBUG 7088 --- [nio-9090-exec-1] o.s.s.w.a.Http403ForbiddenEntryPoint     : Pre-authenticated entry point called. Rejecting access
