[2024-10-08 16:44:18.190]  INFO 17704 --- [ionShutdownHook] j.LocalContainerEntityManagerFactoryBean : Closing JPA EntityManagerFactory for persistence unit 'default'
[2024-10-08 16:44:18.195]  INFO 17704 --- [ionShutdownHook] c.z.h.HikariDataSource                   : HikariPool-1 - Shutdown initiated...
[2024-10-08 16:44:18.197]  INFO 17704 --- [ionShutdownHook] c.z.h.HikariDataSource                   : HikariPool-1 - Shutdown completed.
[2024-10-08 16:44:22.007]  INFO 2820 --- [kground-preinit] o.h.v.i.u.Version                        : HV000001: Hibernate Validator 8.0.1.Final
[2024-10-08 16:44:22.032]  INFO 2820 --- [  restartedMain] c.r.a.AmsApplication                     : Starting AmsApplication using Java 17.0.2 with PID 2820 (D:\Dev_Test\ams\target\classes started by minam in D:\Dev_Test\ams)
[2024-10-08 16:44:22.044]  INFO 2820 --- [  restartedMain] c.r.a.AmsApplication                     : The following 1 profile is active: "dev"
[2024-10-08 16:44:22.087]  INFO 2820 --- [  restartedMain] .e.DevToolsPropertyDefaultsPostProcessor : Devtools property defaults active! Set 'spring.devtools.add-properties' to 'false' to disable
[2024-10-08 16:44:22.087]  INFO 2820 --- [  restartedMain] .e.DevToolsPropertyDefaultsPostProcessor : For additional web related logging consider setting the 'logging.level.web' property to 'DEBUG'
[2024-10-08 16:44:22.870]  INFO 2820 --- [  restartedMain] .s.d.r.c.RepositoryConfigurationDelegate : Bootstrapping Spring Data JPA repositories in DEFAULT mode.
[2024-10-08 16:44:22.878] DEBUG 2820 --- [  restartedMain] .s.d.r.c.RepositoryConfigurationDelegate : Scanning for JPA repositories in packages com.rfiot.ams.
[2024-10-08 16:44:22.886] DEBUG 2820 --- [  restartedMain] o.s.d.r.c.RepositoryComponentProvider    : Identified candidate component class: file [D:\Dev_Test\ams\target\classes\com\rfiot\ams\book\BookRepository.class]
[2024-10-08 16:44:22.888] DEBUG 2820 --- [  restartedMain] o.s.d.r.c.RepositoryComponentProvider    : Identified candidate component class: file [D:\Dev_Test\ams\target\classes\com\rfiot\ams\token\TokenRepository.class]
[2024-10-08 16:44:22.888] DEBUG 2820 --- [  restartedMain] o.s.d.r.c.RepositoryComponentProvider    : Identified candidate component class: file [D:\Dev_Test\ams\target\classes\com\rfiot\ams\user\UserRepository.class]
[2024-10-08 16:44:22.921]  INFO 2820 --- [  restartedMain] .s.d.r.c.RepositoryConfigurationDelegate : Finished Spring Data repository scanning in 41 ms. Found 3 JPA repository interfaces.
[2024-10-08 16:44:23.535]  INFO 2820 --- [  restartedMain] o.s.b.w.e.t.TomcatWebServer              : Tomcat initialized with port 9090 (http)
[2024-10-08 16:44:23.545]  INFO 2820 --- [  restartedMain] o.a.c.h.Http11NioProtocol                : Initializing ProtocolHandler ["http-nio-9090"]
[2024-10-08 16:44:23.547]  INFO 2820 --- [  restartedMain] o.a.c.c.StandardService                  : Starting service [Tomcat]
[2024-10-08 16:44:23.548]  INFO 2820 --- [  restartedMain] o.a.c.c.StandardEngine                   : Starting Servlet engine: [Apache Tomcat/10.1.30]
[2024-10-08 16:44:23.597]  INFO 2820 --- [  restartedMain] o.a.c.c.C.[.[.[/]                        : Initializing Spring embedded WebApplicationContext
[2024-10-08 16:44:23.597]  INFO 2820 --- [  restartedMain] w.s.c.ServletWebServerApplicationContext : Root WebApplicationContext: initialization completed in 1509 ms
[2024-10-08 16:44:23.708]  INFO 2820 --- [  restartedMain] o.h.j.i.u.LogHelper                      : HHH000204: Processing PersistenceUnitInfo [name: default]
[2024-10-08 16:44:23.744]  INFO 2820 --- [  restartedMain] o.h.Version                              : HHH000412: Hibernate ORM core version 6.5.3.Final
[2024-10-08 16:44:23.769]  INFO 2820 --- [  restartedMain] o.h.c.i.RegionFactoryInitiator           : HHH000026: Second-level cache disabled
[2024-10-08 16:44:23.991]  INFO 2820 --- [  restartedMain] o.s.o.j.p.SpringPersistenceUnitInfo      : No LoadTimeWeaver setup: ignoring JPA class transformer
[2024-10-08 16:44:24.021]  INFO 2820 --- [  restartedMain] c.z.h.HikariDataSource                   : HikariPool-1 - Starting...
[2024-10-08 16:44:24.168]  INFO 2820 --- [  restartedMain] c.z.h.p.HikariPool                       : HikariPool-1 - Added connection org.postgresql.jdbc.PgConnection@1e21f3f0
[2024-10-08 16:44:24.169]  INFO 2820 --- [  restartedMain] c.z.h.HikariDataSource                   : HikariPool-1 - Start completed.
[2024-10-08 16:44:24.407]  INFO 2820 --- [  restartedMain] p6spy                                    : #1728373464407 | took 7ms | statement | connection 1| url jdbc:postgresql://localhost:5432/amsdb
select * from information_schema.sequences
select * from information_schema.sequences;
[2024-10-08 16:44:24.965]  INFO 2820 --- [  restartedMain] o.h.e.t.j.p.i.JtaPlatformInitiator       : HHH000489: No JTA platform available (set 'hibernate.transaction.jta.platform' to enable JTA platform integration)
[2024-10-08 16:44:24.985]  INFO 2820 --- [  restartedMain] p6spy                                    : #1728373464985 | took 1ms | statement | connection 2| url jdbc:postgresql://localhost:5432/amsdb
select * from information_schema.sequences
select * from information_schema.sequences;
[2024-10-08 16:44:25.039]  INFO 2820 --- [  restartedMain] p6spy                                    : #1728373465039 | took 1ms | statement | connection 2| url jdbc:postgresql://localhost:5432/amsdb
select * from "public"."_user" where 1=0
select * from "public"."_user" where 1=0;
[2024-10-08 16:44:25.046]  INFO 2820 --- [  restartedMain] j.LocalContainerEntityManagerFactoryBean : Initialized JPA EntityManagerFactory for persistence unit 'default'
[2024-10-08 16:44:25.077] DEBUG 2820 --- [  restartedMain] .c.JpaMetamodelMappingContextFactoryBean : Initializing JpaMetamodelMappingContext…
[2024-10-08 16:44:25.088] DEBUG 2820 --- [  restartedMain] .c.JpaMetamodelMappingContextFactoryBean : Finished initializing JpaMetamodelMappingContext
[2024-10-08 16:44:25.178] DEBUG 2820 --- [  restartedMain] o.s.d.r.c.s.RepositoryFactorySupport     : Initializing repository instance for com.rfiot.ams.user.UserRepository…
[2024-10-08 16:44:25.216] DEBUG 2820 --- [  restartedMain] o.s.d.j.r.q.NamedQuery                   : Looking up named query User.findByEmail
[2024-10-08 16:44:25.218] DEBUG 2820 --- [  restartedMain] o.s.d.j.r.q.NamedQuery                   : Did not find named query User.findByEmail
[2024-10-08 16:44:25.260] DEBUG 2820 --- [  restartedMain] o.s.d.r.c.s.RepositoryFactorySupport     : Finished creation of repository instance for com.rfiot.ams.user.UserRepository.
[2024-10-08 16:44:25.277] DEBUG 2820 --- [  restartedMain] o.s.d.r.c.s.RepositoryFactorySupport     : Initializing repository instance for com.rfiot.ams.token.TokenRepository…
[2024-10-08 16:44:25.286]  INFO 2820 --- [  restartedMain] o.s.d.j.r.q.QueryEnhancerFactory         : Hibernate is in classpath; If applicable, HQL parser will be used.
[2024-10-08 16:44:25.379] DEBUG 2820 --- [  restartedMain] o.s.d.j.r.q.NamedQuery                   : Did not find named query Token.findAllValidTokenByUser.count
[2024-10-08 16:44:25.511] DEBUG 2820 --- [  restartedMain] o.s.d.j.r.q.NamedQuery                   : Looking up named query Token.findByToken
[2024-10-08 16:44:25.511] DEBUG 2820 --- [  restartedMain] o.s.d.j.r.q.NamedQuery                   : Did not find named query Token.findByToken
[2024-10-08 16:44:25.514] DEBUG 2820 --- [  restartedMain] o.s.d.r.c.s.RepositoryFactorySupport     : Finished creation of repository instance for com.rfiot.ams.token.TokenRepository.
[2024-10-08 16:44:25.604]  INFO 2820 --- [  restartedMain] eAuthenticationProviderManagerConfigurer : Global AuthenticationManager configured with AuthenticationProvider bean with name authenticationProvider
[2024-10-08 16:44:25.605]  WARN 2820 --- [  restartedMain] r$InitializeUserDetailsManagerConfigurer : Global AuthenticationManager configured with an AuthenticationProvider bean. UserDetailsService beans will not be used for username/password login. Consider removing the AuthenticationProvider bean. Alternatively, consider using the UserDetailsService in a manually instantiated DaoAuthenticationProvider.
[2024-10-08 16:44:25.622] DEBUG 2820 --- [  restartedMain] o.s.d.r.c.s.RepositoryFactorySupport     : Initializing repository instance for com.rfiot.ams.book.BookRepository…
[2024-10-08 16:44:25.627] DEBUG 2820 --- [  restartedMain] o.s.d.r.c.s.RepositoryFactorySupport     : Finished creation of repository instance for com.rfiot.ams.book.BookRepository.
[2024-10-08 16:44:25.690]  WARN 2820 --- [  restartedMain] JpaBaseConfiguration$JpaWebConfiguration : spring.jpa.open-in-view is enabled by default. Therefore, database queries may be performed during view rendering. Explicitly configure spring.jpa.open-in-view to disable this warning
[2024-10-08 16:44:25.850] DEBUG 2820 --- [  restartedMain] s.w.s.m.m.a.RequestMappingHandlerMapping : 19 mappings in 'requestMappingHandlerMapping'
[2024-10-08 16:44:25.946] DEBUG 2820 --- [  restartedMain] o.s.w.s.h.SimpleUrlHandlerMapping        : Patterns [/webjars/**, /**] in 'resourceHandlerMapping'
[2024-10-08 16:44:25.997] DEBUG 2820 --- [  restartedMain] o.s.s.w.DefaultSecurityFilterChain       : Will secure any request with filters: DisableEncodeUrlFilter, WebAsyncManagerIntegrationFilter, SecurityContextHolderFilter, HeaderWriterFilter, LogoutFilter, JwtAuthenticationFilter, RequestCacheAwareFilter, SecurityContextHolderAwareRequestFilter, AnonymousAuthenticationFilter, SessionManagementFilter, ExceptionTranslationFilter, AuthorizationFilter
[2024-10-08 16:44:26.106] DEBUG 2820 --- [  restartedMain] s.w.s.m.m.a.RequestMappingHandlerAdapter : ControllerAdvice beans: 0 @ModelAttribute, 0 @InitBinder, 1 RequestBodyAdvice, 1 ResponseBodyAdvice
[2024-10-08 16:44:26.134] DEBUG 2820 --- [  restartedMain] .m.m.a.ExceptionHandlerExceptionResolver : ControllerAdvice beans: 2 @ExceptionHandler, 1 ResponseBodyAdvice
[2024-10-08 16:44:26.296]  INFO 2820 --- [  restartedMain] o.s.b.d.a.OptionalLiveReloadServer       : LiveReload server is running on port 35729
[2024-10-08 16:44:26.311]  INFO 2820 --- [  restartedMain] o.a.c.h.Http11NioProtocol                : Starting ProtocolHandler ["http-nio-9090"]
[2024-10-08 16:44:26.325]  INFO 2820 --- [  restartedMain] o.s.b.w.e.t.TomcatWebServer              : Tomcat started on port 9090 (http) with context path '/'
[2024-10-08 16:44:26.333]  INFO 2820 --- [  restartedMain] c.r.a.AmsApplication                     : Started AmsApplication in 4.597 seconds (process running for 5.275)
[2024-10-08 16:44:26.420]  INFO 2820 --- [  restartedMain] p6spy                                    : [statement] | 0 ms | 
    select
        nextval('_user_seq')
[2024-10-08 16:44:26.439]  INFO 2820 --- [  restartedMain] p6spy                                    : [statement] | 1 ms | 
    insert       
    into
        _user
        (email, firstname, lastname, password, role, id)       
    values
        ('admin@mail.com', 'Admin', 'Admin', '$2a$10$SNdHMbxkYtCXz32l9q0xpeQLXZEzFdDPmw/V0.GQVDE4Ibx.qGIxK', 'ADMIN', 352)
[2024-10-08 16:44:26.442]  INFO 2820 --- [  restartedMain] p6spy                                    : [commit] | 1 ms | 
[2024-10-08 16:44:26.530]  INFO 2820 --- [  restartedMain] p6spy                                    : [statement] | 0 ms | 
    select
        nextval('token_seq')
[2024-10-08 16:44:26.533]  INFO 2820 --- [  restartedMain] p6spy                                    : [statement] | 1 ms | 
    insert       
    into
        token
        (expired, revoked, token, token_type, user_id, id)       
    values
        (false, false, 'eyJhbGciOiJIUzI1NiJ9.eyJzdWIiOiJhZG1pbkBtYWlsLmNvbSIsImlhdCI6MTcyODM3MzQ2NiwiZXhwIjoxNzI4NDU5ODY2fQ.TxEGOQSYq-sfgw_vDnHSMc2VyL1b1YXJhs2kKPWGd-M', 'BEARER', 352, 352)
[2024-10-08 16:44:26.535]  INFO 2820 --- [  restartedMain] p6spy                                    : [commit] | 2 ms | 
[2024-10-08 16:44:26.611]  INFO 2820 --- [  restartedMain] p6spy                                    : [statement] | 0 ms | 
    insert       
    into
        _user
        (email, firstname, lastname, password, role, id)       
    values
        ('manager@mail.com', 'Admin', 'Admin', '$2a$10$wDBeCRlBT1GblmPtNup.quoK9ahRmtb/NiL/oKAVker77YF5EQd4m', 'MANAGER', 353)
[2024-10-08 16:44:26.613]  INFO 2820 --- [  restartedMain] p6spy                                    : [commit] | 1 ms | 
[2024-10-08 16:44:26.618]  INFO 2820 --- [  restartedMain] p6spy                                    : [statement] | 0 ms | 
    insert       
    into
        token
        (expired, revoked, token, token_type, user_id, id)       
    values
        (false, false, 'eyJhbGciOiJIUzI1NiJ9.eyJzdWIiOiJtYW5hZ2VyQG1haWwuY29tIiwiaWF0IjoxNzI4MzczNDY2LCJleHAiOjE3Mjg0NTk4NjZ9.01O83CEH_UaAb3UppkcCyxS6wo1IWv34vocwklifyE0', 'BEARER', 353, 353)
[2024-10-08 16:44:26.620]  INFO 2820 --- [  restartedMain] p6spy                                    : [commit] | 0 ms | 
[2024-10-08 16:44:40.189]  INFO 2820 --- [nio-9090-exec-1] o.a.c.c.C.[.[.[/]                        : Initializing Spring DispatcherServlet 'dispatcherServlet'
[2024-10-08 16:44:40.189]  INFO 2820 --- [nio-9090-exec-1] o.s.w.s.DispatcherServlet                : Initializing Servlet 'dispatcherServlet'
[2024-10-08 16:44:40.189] DEBUG 2820 --- [nio-9090-exec-1] o.s.w.s.DispatcherServlet                : Detected StandardServletMultipartResolver
[2024-10-08 16:44:40.189] DEBUG 2820 --- [nio-9090-exec-1] o.s.w.s.DispatcherServlet                : Detected AcceptHeaderLocaleResolver
[2024-10-08 16:44:40.189] DEBUG 2820 --- [nio-9090-exec-1] o.s.w.s.DispatcherServlet                : Detected FixedThemeResolver
[2024-10-08 16:44:40.190] DEBUG 2820 --- [nio-9090-exec-1] o.s.w.s.DispatcherServlet                : Detected org.springframework.web.servlet.view.DefaultRequestToViewNameTranslator@7fe65a09
[2024-10-08 16:44:40.190] DEBUG 2820 --- [nio-9090-exec-1] o.s.w.s.DispatcherServlet                : Detected org.springframework.web.servlet.support.SessionFlashMapManager@e823ed9
[2024-10-08 16:44:40.190] DEBUG 2820 --- [nio-9090-exec-1] o.s.w.s.DispatcherServlet                : enableLoggingRequestDetails='false': request parameters and headers will be masked to prevent unsafe logging of potentially sensitive data
[2024-10-08 16:44:40.190]  INFO 2820 --- [nio-9090-exec-1] o.s.w.s.DispatcherServlet                : Completed initialization in 1 ms
[2024-10-08 16:44:40.200] DEBUG 2820 --- [nio-9090-exec-1] o.s.s.w.FilterChainProxy                 : Securing GET /swagger-ui/index.html
[2024-10-08 16:44:40.204] DEBUG 2820 --- [nio-9090-exec-1] o.s.s.w.a.AnonymousAuthenticationFilter  : Set SecurityContextHolder to anonymous SecurityContext
[2024-10-08 16:44:40.207] DEBUG 2820 --- [nio-9090-exec-1] o.s.s.w.FilterChainProxy                 : Secured GET /swagger-ui/index.html
[2024-10-08 16:44:40.209] DEBUG 2820 --- [nio-9090-exec-1] o.s.w.s.DispatcherServlet                : GET "/swagger-ui/index.html", parameters={}
[2024-10-08 16:44:40.211] DEBUG 2820 --- [nio-9090-exec-1] o.s.w.s.h.SimpleUrlHandlerMapping        : Mapped to ResourceHttpRequestHandler [classpath [META-INF/resources/], classpath [resources/], classpath [static/], classpath [public/], ServletContext [/]]
[2024-10-08 16:44:40.219] DEBUG 2820 --- [nio-9090-exec-1] o.s.w.s.r.ResourceHttpRequestHandler     : Resource not found
[2024-10-08 16:44:40.223] DEBUG 2820 --- [nio-9090-exec-1] .m.m.a.ExceptionHandlerExceptionResolver : Using @ExceptionHandler com.rfiot.ams.common.exception.AppWideExceptionHandler#handleException(Exception)
[2024-10-08 16:44:40.239] DEBUG 2820 --- [nio-9090-exec-1] o.s.w.s.m.m.a.HttpEntityMethodProcessor  : Using 'application/json;q=0.8', given [text/html, application/xhtml+xml, image/avif, image/webp, image/apng, application/xml;q=0.9, */*;q=0.8, application/signed-exchange;v=b3;q=0.7] and supported [application/json, application/*+json]
[2024-10-08 16:44:40.240] DEBUG 2820 --- [nio-9090-exec-1] o.s.w.s.m.m.a.HttpEntityMethodProcessor  : Writing [ErrorResponse(code=500, message=Error, data=No static resource swagger-ui/index.html.)]
[2024-10-08 16:44:40.245]  WARN 2820 --- [nio-9090-exec-1] .m.m.a.ExceptionHandlerExceptionResolver : Resolved [org.springframework.web.servlet.resource.NoResourceFoundException: No static resource swagger-ui/index.html.]
[2024-10-08 16:44:40.246] DEBUG 2820 --- [nio-9090-exec-1] o.s.w.s.DispatcherServlet                : Completed 500 INTERNAL_SERVER_ERROR
[2024-10-08 16:44:40.256] DEBUG 2820 --- [nio-9090-exec-2] o.s.s.w.FilterChainProxy                 : Securing GET /favicon.ico
[2024-10-08 16:44:40.256] DEBUG 2820 --- [nio-9090-exec-2] o.s.s.w.a.AnonymousAuthenticationFilter  : Set SecurityContextHolder to anonymous SecurityContext
[2024-10-08 16:44:40.257] DEBUG 2820 --- [nio-9090-exec-2] o.s.s.w.a.Http403ForbiddenEntryPoint     : Pre-authenticated entry point called. Rejecting access
[2024-10-08 16:44:40.263] DEBUG 2820 --- [nio-9090-exec-2] o.s.s.w.FilterChainProxy                 : Securing GET /error
[2024-10-08 16:44:40.264] DEBUG 2820 --- [nio-9090-exec-2] o.s.s.w.a.AnonymousAuthenticationFilter  : Set SecurityContextHolder to anonymous SecurityContext
[2024-10-08 16:44:40.264] DEBUG 2820 --- [nio-9090-exec-2] o.s.s.w.a.Http403ForbiddenEntryPoint     : Pre-authenticated entry point called. Rejecting access
